[ 2017-03-15T10:22:16+08:00 ] 127.0.0.1 /admin/%7B%7CU('Admin/Login/showCode')%7D
ERR: 无法加载控制器:{|U('Admin

[ 2017-03-15T10:23:01+08:00 ] 127.0.0.1 /admin/%7B%7CU('Admin/Login/showCode')%7D
ERR: 无法加载控制器:{|U('Admin

[ 2017-03-15T10:23:04+08:00 ] 127.0.0.1 /admin/%7B%7CU('Admin/Login/showCode')%7D
ERR: 无法加载控制器:{|U('Admin

[ 2017-03-15T10:23:12+08:00 ] 127.0.0.1 /admin/%7B%7CU('Admin/Login/showCode')%7D
ERR: 无法加载控制器:{|U('Admin

[ 2017-03-15T10:23:25+08:00 ] 127.0.0.1 /admin/%7B%7CU('Admin/Login/showCode')%7D
ERR: 无法加载控制器:{|U('Admin

[ 2017-03-15T10:25:59+08:00 ] 127.0.0.1 /admin/%7B%7CU('Admin/Login/showCode')%7D/mt/0.20037495221561197
ERR: 无法加载控制器:{|U('Admin

[ 2017-03-15T10:26:00+08:00 ] 127.0.0.1 /admin/%7B%7CU('Admin/Login/showCode')%7D/mt/0.074836071309206
ERR: 无法加载控制器:{|U('Admin

[ 2017-03-15T10:46:42+08:00 ] 127.0.0.1 /index.php/Admin/Login/checkCode
INFO: [ app_begin ] --START--
INFO: Run Behavior\ReadHtmlCacheBehavior [ RunTime:0.001481s ]
INFO: [ app_begin ] --END-- [ RunTime:0.002704s ]
NOTIC: [8] Undefined index: code D:\xampp\htdocs\HUITENG\w79_qinghuaci\thinkphp_3.2.3_full\Application\Admin\Controller\LoginController.class.php 第 49 行.

[ 2017-03-15T10:48:07+08:00 ] 127.0.0.1 /index.php/Admin/Login/checkCode
INFO: [ app_begin ] --START--
INFO: Run Behavior\ReadHtmlCacheBehavior [ RunTime:0.001555s ]
INFO: [ app_begin ] --END-- [ RunTime:0.002572s ]

[ 2017-03-15T10:48:08+08:00 ] 127.0.0.1 /index.php/Admin/Login/checkCode
INFO: [ app_begin ] --START--
INFO: Run Behavior\ReadHtmlCacheBehavior [ RunTime:0.001312s ]
INFO: [ app_begin ] --END-- [ RunTime:0.002187s ]

[ 2017-03-15T10:48:10+08:00 ] 127.0.0.1 /index.php/Admin/Login/checkCode
INFO: [ app_begin ] --START--
INFO: Run Behavior\ReadHtmlCacheBehavior [ RunTime:0.001336s ]
INFO: [ app_begin ] --END-- [ RunTime:0.002254s ]

[ 2017-03-15T10:48:27+08:00 ] 127.0.0.1 /index.php/Admin/Login/checkCode
INFO: [ app_begin ] --START--
INFO: Run Behavior\ReadHtmlCacheBehavior [ RunTime:0.001482s ]
INFO: [ app_begin ] --END-- [ RunTime:0.002841s ]
NOTIC: [8] Undefined index: code D:\xampp\htdocs\HUITENG\w79_qinghuaci\thinkphp_3.2.3_full\Application\Admin\Controller\LoginController.class.php 第 49 行.

[ 2017-03-15T10:49:51+08:00 ] 127.0.0.1 /index.php/Admin/Login/Login
ERR: 1064:You have an error in your SQL syntax; check the manual that corresponds to your MySQL server version for the right syntax to use near '=>'123' ) LIMIT 1' at line 1
 [ SQL语句 ] : SELECT * FROM `qh_admin` WHERE ( name=>'123' ) LIMIT 1  

[ 2017-03-15T10:50:55+08:00 ] 127.0.0.1 /index.php/Admin/Login/checkCode
INFO: [ app_begin ] --START--
INFO: Run Behavior\ReadHtmlCacheBehavior [ RunTime:0.001402s ]
INFO: [ app_begin ] --END-- [ RunTime:0.002267s ]
NOTIC: [8] Undefined index: code D:\xampp\htdocs\HUITENG\w79_qinghuaci\thinkphp_3.2.3_full\Application\Admin\Controller\LoginController.class.php 第 49 行.

[ 2017-03-15T10:51:17+08:00 ] 127.0.0.1 /index.php/Admin/Login/checkCode
INFO: [ app_begin ] --START--
INFO: Run Behavior\ReadHtmlCacheBehavior [ RunTime:0.001291s ]
INFO: [ app_begin ] --END-- [ RunTime:0.002181s ]
NOTIC: [8] Undefined index: code D:\xampp\htdocs\HUITENG\w79_qinghuaci\thinkphp_3.2.3_full\Application\Admin\Controller\LoginController.class.php 第 49 行.

[ 2017-03-15T10:51:43+08:00 ] 127.0.0.1 /index.php/Admin/Login/checkCode
INFO: [ app_begin ] --START--
INFO: Run Behavior\ReadHtmlCacheBehavior [ RunTime:0.002024s ]
INFO: [ app_begin ] --END-- [ RunTime:0.003202s ]
NOTIC: [8] Undefined index: code D:\xampp\htdocs\HUITENG\w79_qinghuaci\thinkphp_3.2.3_full\Application\Admin\Controller\LoginController.class.php 第 49 行.

[ 2017-03-15T10:52:30+08:00 ] 127.0.0.1 /index.php/Admin/Login/checkCode
INFO: [ app_begin ] --START--
INFO: Run Behavior\ReadHtmlCacheBehavior [ RunTime:0.001376s ]
INFO: [ app_begin ] --END-- [ RunTime:0.002530s ]
NOTIC: [8] Undefined index: code D:\xampp\htdocs\HUITENG\w79_qinghuaci\thinkphp_3.2.3_full\Application\Admin\Controller\LoginController.class.php 第 49 行.

[ 2017-03-15T10:53:30+08:00 ] 127.0.0.1 /index.php/Admin/Login/checkCode
INFO: [ app_begin ] --START--
INFO: Run Behavior\ReadHtmlCacheBehavior [ RunTime:0.001139s ]
INFO: [ app_begin ] --END-- [ RunTime:0.001940s ]

[ 2017-03-15T10:54:42+08:00 ] 127.0.0.1 /index.php/Admin/Login/checkCode
INFO: [ app_begin ] --START--
INFO: Run Behavior\ReadHtmlCacheBehavior [ RunTime:0.001382s ]
INFO: [ app_begin ] --END-- [ RunTime:0.002193s ]
NOTIC: [8] Undefined index: code D:\xampp\htdocs\HUITENG\w79_qinghuaci\thinkphp_3.2.3_full\Application\Admin\Controller\LoginController.class.php 第 50 行.

[ 2017-03-15T10:59:16+08:00 ] 127.0.0.1 /index.php/Admin/Login/checkCode
INFO: [ app_begin ] --START--
INFO: Run Behavior\ReadHtmlCacheBehavior [ RunTime:0.000924s ]
INFO: [ app_begin ] --END-- [ RunTime:0.001715s ]
NOTIC: [8] Undefined index: code D:\xampp\htdocs\HUITENG\w79_qinghuaci\thinkphp_3.2.3_full\Application\Admin\Controller\LoginController.class.php 第 46 行.

[ 2017-03-15T11:04:28+08:00 ] 127.0.0.1 /index.php/Admin/Login/checkCode
INFO: [ app_begin ] --START--
INFO: Run Behavior\ReadHtmlCacheBehavior [ RunTime:0.000949s ]
INFO: [ app_begin ] --END-- [ RunTime:0.001695s ]
NOTIC: [8] Undefined index: code D:\xampp\htdocs\HUITENG\w79_qinghuaci\thinkphp_3.2.3_full\Application\Admin\Controller\LoginController.class.php 第 46 行.

[ 2017-03-15T11:04:44+08:00 ] 127.0.0.1 /index.php/Admin/Login/checkCode
INFO: [ app_begin ] --START--
INFO: Run Behavior\ReadHtmlCacheBehavior [ RunTime:0.000920s ]
INFO: [ app_begin ] --END-- [ RunTime:0.001712s ]
NOTIC: [8] Undefined index: code D:\xampp\htdocs\HUITENG\w79_qinghuaci\thinkphp_3.2.3_full\Application\Admin\Controller\LoginController.class.php 第 46 行.

[ 2017-03-15T11:05:45+08:00 ] 127.0.0.1 /index.php/Admin/Login/checkCode
INFO: [ app_begin ] --START--
INFO: Run Behavior\ReadHtmlCacheBehavior [ RunTime:0.001053s ]
INFO: [ app_begin ] --END-- [ RunTime:0.001905s ]
NOTIC: [8] Undefined index: code D:\xampp\htdocs\HUITENG\w79_qinghuaci\thinkphp_3.2.3_full\Application\Admin\Controller\LoginController.class.php 第 46 行.

[ 2017-03-15T11:06:20+08:00 ] 127.0.0.1 /index.php/Admin/Login/checkCode
INFO: [ app_begin ] --START--
INFO: Run Behavior\ReadHtmlCacheBehavior [ RunTime:0.000924s ]
INFO: [ app_begin ] --END-- [ RunTime:0.001595s ]
NOTIC: [8] Undefined index: code D:\xampp\htdocs\HUITENG\w79_qinghuaci\thinkphp_3.2.3_full\Application\Admin\Controller\LoginController.class.php 第 46 行.

[ 2017-03-15T11:08:00+08:00 ] 127.0.0.1 /index.php/Admin/Login/checkCode
INFO: [ app_begin ] --START--
INFO: Run Behavior\ReadHtmlCacheBehavior [ RunTime:0.000892s ]
INFO: [ app_begin ] --END-- [ RunTime:0.001684s ]
NOTIC: [8] Undefined index: code D:\xampp\htdocs\HUITENG\w79_qinghuaci\thinkphp_3.2.3_full\Application\Admin\Controller\LoginController.class.php 第 46 行.

[ 2017-03-15T11:08:10+08:00 ] 127.0.0.1 /index.php/Admin/Login/checkCode
INFO: [ app_begin ] --START--
INFO: Run Behavior\ReadHtmlCacheBehavior [ RunTime:0.000882s ]
INFO: [ app_begin ] --END-- [ RunTime:0.001592s ]
NOTIC: [8] Undefined index: code D:\xampp\htdocs\HUITENG\w79_qinghuaci\thinkphp_3.2.3_full\Application\Admin\Controller\LoginController.class.php 第 46 行.

[ 2017-03-15T11:08:38+08:00 ] 127.0.0.1 /index.php/Admin/Login/checkCode
INFO: [ app_begin ] --START--
INFO: Run Behavior\ReadHtmlCacheBehavior [ RunTime:0.001044s ]
INFO: [ app_begin ] --END-- [ RunTime:0.001812s ]
NOTIC: [8] Undefined index: code D:\xampp\htdocs\HUITENG\w79_qinghuaci\thinkphp_3.2.3_full\Application\Admin\Controller\LoginController.class.php 第 46 行.

[ 2017-03-15T11:09:14+08:00 ] 127.0.0.1 /index.php/Admin/Login/checkCode
INFO: [ app_begin ] --START--
INFO: Run Behavior\ReadHtmlCacheBehavior [ RunTime:0.002952s ]
INFO: [ app_begin ] --END-- [ RunTime:0.003780s ]
NOTIC: [8] Undefined index: code D:\xampp\htdocs\HUITENG\w79_qinghuaci\thinkphp_3.2.3_full\Application\Admin\Controller\LoginController.class.php 第 46 行.

[ 2017-03-15T11:09:26+08:00 ] 127.0.0.1 /index.php/Admin/Login/checkCode
INFO: [ app_begin ] --START--
INFO: Run Behavior\ReadHtmlCacheBehavior [ RunTime:0.000876s ]
INFO: [ app_begin ] --END-- [ RunTime:0.001589s ]
NOTIC: [8] Undefined index: code D:\xampp\htdocs\HUITENG\w79_qinghuaci\thinkphp_3.2.3_full\Application\Admin\Controller\LoginController.class.php 第 46 行.

[ 2017-03-15T11:11:08+08:00 ] 127.0.0.1 /index.php/Admin/Login/checkCode
INFO: [ app_begin ] --START--
INFO: Run Behavior\ReadHtmlCacheBehavior [ RunTime:0.000905s ]
INFO: [ app_begin ] --END-- [ RunTime:0.001645s ]

[ 2017-03-15T11:11:15+08:00 ] 127.0.0.1 /index.php/Admin/Login/checkCode
INFO: [ app_begin ] --START--
INFO: Run Behavior\ReadHtmlCacheBehavior [ RunTime:0.000963s ]
INFO: [ app_begin ] --END-- [ RunTime:0.002433s ]

[ 2017-03-15T11:11:35+08:00 ] 127.0.0.1 /index.php/Admin/Login/checkCode
INFO: [ app_begin ] --START--
INFO: Run Behavior\ReadHtmlCacheBehavior [ RunTime:0.000917s ]
INFO: [ app_begin ] --END-- [ RunTime:0.001590s ]

[ 2017-03-15T11:12:26+08:00 ] 127.0.0.1 /index.php/Admin/Login/checkCode
INFO: [ app_begin ] --START--
INFO: Run Behavior\ReadHtmlCacheBehavior [ RunTime:0.001261s ]
INFO: [ app_begin ] --END-- [ RunTime:0.003516s ]

[ 2017-03-15T11:13:40+08:00 ] 127.0.0.1 /index.php/Admin/Login/checkCode
INFO: [ app_begin ] --START--
INFO: Run Behavior\ReadHtmlCacheBehavior [ RunTime:0.001284s ]
INFO: [ app_begin ] --END-- [ RunTime:0.002177s ]

[ 2017-03-15T11:14:56+08:00 ] 127.0.0.1 /index.php/Admin/Login/checkCode
INFO: [ app_begin ] --START--
INFO: Run Behavior\ReadHtmlCacheBehavior [ RunTime:0.000811s ]
INFO: [ app_begin ] --END-- [ RunTime:0.001570s ]

[ 2017-03-15T11:15:25+08:00 ] 127.0.0.1 /index.php/Admin/Login/checkCode
INFO: [ app_begin ] --START--
INFO: Run Behavior\ReadHtmlCacheBehavior [ RunTime:0.000963s ]
INFO: [ app_begin ] --END-- [ RunTime:0.001638s ]

[ 2017-03-15T11:16:48+08:00 ] 127.0.0.1 /index.php/Admin/Login/checkCode
INFO: [ app_begin ] --START--
INFO: Run Behavior\ReadHtmlCacheBehavior [ RunTime:0.002040s ]
INFO: [ app_begin ] --END-- [ RunTime:0.002833s ]
NOTIC: [8] Undefined index: verify_code D:\xampp\htdocs\HUITENG\w79_qinghuaci\thinkphp_3.2.3_full\Application\Admin\Controller\LoginController.class.php 第 46 行.

[ 2017-03-15T11:17:20+08:00 ] 127.0.0.1 /index.php/Admin/Login/checkCode
INFO: [ app_begin ] --START--
INFO: Run Behavior\ReadHtmlCacheBehavior [ RunTime:0.001396s ]
INFO: [ app_begin ] --END-- [ RunTime:0.002258s ]
NOTIC: [8] Undefined index: verify_code D:\xampp\htdocs\HUITENG\w79_qinghuaci\thinkphp_3.2.3_full\Application\Admin\Controller\LoginController.class.php 第 46 行.

[ 2017-03-15T11:18:23+08:00 ] 127.0.0.1 /index.php/Admin/Login/checkCode
INFO: [ app_begin ] --START--
INFO: Run Behavior\ReadHtmlCacheBehavior [ RunTime:0.001775s ]
INFO: [ app_begin ] --END-- [ RunTime:0.002805s ]

[ 2017-03-15T11:29:01+08:00 ] 127.0.0.1 /index.php/Admin/Login/showCode
INFO: [ app_begin ] --START--
INFO: Run Behavior\ReadHtmlCacheBehavior [ RunTime:0.001343s ]
INFO: [ app_begin ] --END-- [ RunTime:0.002265s ]
NOTIC: [2] Missing argument 1 for Think\Verify::check(), called in D:\xampp\htdocs\HUITENG\w79_qinghuaci\thinkphp_3.2.3_full\Application\Admin\Controller\LoginController.class.php on line 43 and defined D:\xampp\htdocs\HUITENG\w79_qinghuaci\thinkphp_3.2.3_full\ThinkPHP\Library\Think\Verify.class.php 第 85 行.

[ 2017-03-15T11:29:59+08:00 ] 127.0.0.1 /index.php/Admin/Login/showCode
INFO: [ app_begin ] --START--
INFO: Run Behavior\ReadHtmlCacheBehavior [ RunTime:0.000958s ]
INFO: [ app_begin ] --END-- [ RunTime:0.001669s ]
NOTIC: [2] Missing argument 1 for Think\Verify::check(), called in D:\xampp\htdocs\HUITENG\w79_qinghuaci\thinkphp_3.2.3_full\Application\Admin\Controller\LoginController.class.php on line 43 and defined D:\xampp\htdocs\HUITENG\w79_qinghuaci\thinkphp_3.2.3_full\ThinkPHP\Library\Think\Verify.class.php 第 85 行.

[ 2017-03-15T11:30:25+08:00 ] 127.0.0.1 /index.php/Admin/Login/showCode
INFO: [ app_begin ] --START--
INFO: Run Behavior\ReadHtmlCacheBehavior [ RunTime:0.000908s ]
INFO: [ app_begin ] --END-- [ RunTime:0.001627s ]
NOTIC: [2] Missing argument 1 for Think\Verify::check(), called in D:\xampp\htdocs\HUITENG\w79_qinghuaci\thinkphp_3.2.3_full\Application\Admin\Controller\LoginController.class.php on line 43 and defined D:\xampp\htdocs\HUITENG\w79_qinghuaci\thinkphp_3.2.3_full\ThinkPHP\Library\Think\Verify.class.php 第 85 行.

[ 2017-03-15T11:31:57+08:00 ] 127.0.0.1 /index.php/Admin/Login/showCode
INFO: [ app_begin ] --START--
INFO: Run Behavior\ReadHtmlCacheBehavior [ RunTime:0.000938s ]
INFO: [ app_begin ] --END-- [ RunTime:0.001651s ]

[ 2017-03-15T11:32:51+08:00 ] 127.0.0.1 /index.php/Admin/Login/showCode
INFO: [ app_begin ] --START--
INFO: Run Behavior\ReadHtmlCacheBehavior [ RunTime:0.001658s ]
INFO: [ app_begin ] --END-- [ RunTime:0.002497s ]

[ 2017-03-15T11:33:57+08:00 ] 127.0.0.1 /index.php/Admin/Login/showCode
INFO: [ app_begin ] --START--
INFO: Run Behavior\ReadHtmlCacheBehavior [ RunTime:0.001249s ]
INFO: [ app_begin ] --END-- [ RunTime:0.002294s ]

[ 2017-03-15T11:34:10+08:00 ] 127.0.0.1 /index.php/Admin/Login/showCode
INFO: [ app_begin ] --START--
INFO: Run Behavior\ReadHtmlCacheBehavior [ RunTime:0.001111s ]
INFO: [ app_begin ] --END-- [ RunTime:0.001850s ]

[ 2017-03-15T11:34:19+08:00 ] 127.0.0.1 /index.php/Admin/Login/showCode
INFO: [ app_begin ] --START--
INFO: Run Behavior\ReadHtmlCacheBehavior [ RunTime:0.001100s ]
INFO: [ app_begin ] --END-- [ RunTime:0.001855s ]

[ 2017-03-15T16:38:51+08:00 ] 127.0.0.1 /index.php/Admin/Login/showCode
INFO: [ app_begin ] --START--
INFO: Run Behavior\ReadHtmlCacheBehavior [ RunTime:0.001393s ]
INFO: [ app_begin ] --END-- [ RunTime:0.002197s ]

[ 2017-03-15T16:38:59+08:00 ] 127.0.0.1 /index.php/Admin/Login/showCode
INFO: [ app_begin ] --START--
INFO: Run Behavior\ReadHtmlCacheBehavior [ RunTime:0.001410s ]
INFO: [ app_begin ] --END-- [ RunTime:0.002261s ]

[ 2017-03-15T16:39:17+08:00 ] 127.0.0.1 /index.php/Admin/Login/showCode
INFO: [ app_begin ] --START--
INFO: Run Behavior\ReadHtmlCacheBehavior [ RunTime:0.001507s ]
INFO: [ app_begin ] --END-- [ RunTime:0.002588s ]

[ 2017-03-15T16:39:26+08:00 ] 127.0.0.1 /index.php/Admin/Login/showCode
INFO: [ app_begin ] --START--
INFO: Run Behavior\ReadHtmlCacheBehavior [ RunTime:0.001398s ]
INFO: [ app_begin ] --END-- [ RunTime:0.002215s ]

