[ 2017-03-14T09:06:11+08:00 ] ::1 /HUITENG/w79_qinghuaci/thinkphp_3.2.3_full/index.php/Member/Index/index
INFO: [ app_init ] --START--
INFO: Run Behavior\BuildLiteBehavior [ RunTime:0.000017s ]
INFO: [ app_init ] --END-- [ RunTime:0.001406s ]
INFO: [ app_begin ] --START--
INFO: Run Behavior\ReadHtmlCacheBehavior [ RunTime:0.003078s ]
INFO: [ app_begin ] --END-- [ RunTime:0.003134s ]
INFO: [ view_parse ] --START--
INFO: [ template_filter ] --START--
INFO: Run Behavior\ContentReplaceBehavior [ RunTime:0.000060s ]
INFO: [ template_filter ] --END-- [ RunTime:0.000104s ]
INFO: Run Behavior\ParseTemplateBehavior [ RunTime:0.132575s ]
INFO: [ view_parse ] --END-- [ RunTime:0.132644s ]
INFO: [ view_filter ] --START--
INFO: Run Behavior\WriteHtmlCacheBehavior [ RunTime:0.002874s ]
INFO: [ view_filter ] --END-- [ RunTime:0.002912s ]
INFO: [ app_end ] --START--
INFO: Run Behavior\ShowPageTraceBehavior [ RunTime:0.005265s ]
INFO: [ app_end ] --END-- [ RunTime:0.005335s ]

[ 2017-03-14T09:06:15+08:00 ] ::1 /HUITENG/w79_qinghuaci/thinkphp_3.2.3_full/index.php/Member/Order/index
INFO: [ app_init ] --START--
INFO: Run Behavior\BuildLiteBehavior [ RunTime:0.000015s ]
INFO: [ app_init ] --END-- [ RunTime:0.001454s ]
INFO: [ app_begin ] --START--
INFO: Run Behavior\ReadHtmlCacheBehavior [ RunTime:0.003607s ]
INFO: [ app_begin ] --END-- [ RunTime:0.003670s ]
INFO: [ view_parse ] --START--
INFO: [ template_filter ] --START--
INFO: Run Behavior\ContentReplaceBehavior [ RunTime:0.000086s ]
INFO: [ template_filter ] --END-- [ RunTime:0.000133s ]
INFO: Run Behavior\ParseTemplateBehavior [ RunTime:0.065104s ]
INFO: [ view_parse ] --END-- [ RunTime:0.065165s ]
INFO: [ view_filter ] --START--
INFO: Run Behavior\WriteHtmlCacheBehavior [ RunTime:0.002887s ]
INFO: [ view_filter ] --END-- [ RunTime:0.002925s ]
INFO: [ app_end ] --START--
INFO: Run Behavior\ShowPageTraceBehavior [ RunTime:0.005589s ]
INFO: [ app_end ] --END-- [ RunTime:0.005643s ]

[ 2017-03-14T09:06:21+08:00 ] ::1 /HUITENG/w79_qinghuaci/thinkphp_3.2.3_full/index.php/Member/Account/Record
INFO: [ app_init ] --START--
INFO: Run Behavior\BuildLiteBehavior [ RunTime:0.000020s ]
INFO: [ app_init ] --END-- [ RunTime:0.001493s ]
INFO: [ app_begin ] --START--
INFO: Run Behavior\ReadHtmlCacheBehavior [ RunTime:0.004290s ]
INFO: [ app_begin ] --END-- [ RunTime:0.004366s ]
SQL: SHOW COLUMNS FROM `qh_account` [ RunTime:0.0257s ]
SQL: SELECT COUNT(*) AS tp_count FROM `qh_account` WHERE ( mid=1 and isshow=1 ) LIMIT 1   [ RunTime:0.0004s ]
SQL: SELECT * FROM `qh_account` WHERE ( mid=1 and isshow=1 ) ORDER BY id desc LIMIT 0,2   [ RunTime:0.0007s ]
INFO: [ view_parse ] --START--
INFO: [ template_filter ] --START--
INFO: Run Behavior\ContentReplaceBehavior [ RunTime:0.000085s ]
INFO: [ template_filter ] --END-- [ RunTime:0.000144s ]
INFO: Run Behavior\ParseTemplateBehavior [ RunTime:0.050990s ]
INFO: [ view_parse ] --END-- [ RunTime:0.051067s ]
INFO: [ view_filter ] --START--
INFO: Run Behavior\WriteHtmlCacheBehavior [ RunTime:0.003884s ]
INFO: [ view_filter ] --END-- [ RunTime:0.003938s ]
INFO: [ app_end ] --START--
INFO: Run Behavior\ShowPageTraceBehavior [ RunTime:0.005434s ]
INFO: [ app_end ] --END-- [ RunTime:0.005518s ]

[ 2017-03-14T09:06:25+08:00 ] ::1 /HUITENG/w79_qinghuaci/thinkphp_3.2.3_full/index.php/Member/Account/rechargeTc
INFO: [ app_init ] --START--
INFO: Run Behavior\BuildLiteBehavior [ RunTime:0.000019s ]
INFO: [ app_init ] --END-- [ RunTime:0.001531s ]
INFO: [ app_begin ] --START--
INFO: Run Behavior\ReadHtmlCacheBehavior [ RunTime:0.003873s ]
INFO: [ app_begin ] --END-- [ RunTime:0.003968s ]
INFO: [ view_parse ] --START--
INFO: [ template_filter ] --START--
INFO: Run Behavior\ContentReplaceBehavior [ RunTime:0.000190s ]
INFO: [ template_filter ] --END-- [ RunTime:0.000297s ]
INFO: Run Behavior\ParseTemplateBehavior [ RunTime:0.222473s ]
INFO: [ view_parse ] --END-- [ RunTime:0.222541s ]
INFO: [ view_filter ] --START--
INFO: Run Behavior\WriteHtmlCacheBehavior [ RunTime:0.004908s ]
INFO: [ view_filter ] --END-- [ RunTime:0.004961s ]
INFO: [ app_end ] --START--
INFO: Run Behavior\ShowPageTraceBehavior [ RunTime:0.007756s ]
INFO: [ app_end ] --END-- [ RunTime:0.007846s ]

[ 2017-03-14T09:06:27+08:00 ] ::1 /HUITENG/w79_qinghuaci/thinkphp_3.2.3_full/index.php/Member/Order/index
INFO: [ app_init ] --START--
INFO: Run Behavior\BuildLiteBehavior [ RunTime:0.000014s ]
INFO: [ app_init ] --END-- [ RunTime:0.001285s ]
INFO: [ app_begin ] --START--
INFO: Run Behavior\ReadHtmlCacheBehavior [ RunTime:0.003459s ]
INFO: [ app_begin ] --END-- [ RunTime:0.003553s ]
INFO: [ view_parse ] --START--
INFO: [ template_filter ] --START--
INFO: Run Behavior\ContentReplaceBehavior [ RunTime:0.000081s ]
INFO: [ template_filter ] --END-- [ RunTime:0.000129s ]
INFO: Run Behavior\ParseTemplateBehavior [ RunTime:0.020276s ]
INFO: [ view_parse ] --END-- [ RunTime:0.020351s ]
INFO: [ view_filter ] --START--
INFO: Run Behavior\WriteHtmlCacheBehavior [ RunTime:0.003361s ]
INFO: [ view_filter ] --END-- [ RunTime:0.003427s ]
INFO: [ app_end ] --START--
INFO: Run Behavior\ShowPageTraceBehavior [ RunTime:0.004482s ]
INFO: [ app_end ] --END-- [ RunTime:0.004599s ]

[ 2017-03-14T09:06:50+08:00 ] ::1 /HUITENG/w79_qinghuaci/thinkphp_3.2.3_full/index.php/Member/Order/index
INFO: [ app_init ] --START--
INFO: Run Behavior\BuildLiteBehavior [ RunTime:0.000015s ]
INFO: [ app_init ] --END-- [ RunTime:0.000933s ]
INFO: [ app_begin ] --START--
INFO: Run Behavior\ReadHtmlCacheBehavior [ RunTime:0.001491s ]
INFO: [ app_begin ] --END-- [ RunTime:0.001554s ]
INFO: [ view_parse ] --START--
INFO: [ template_filter ] --START--
INFO: Run Behavior\ContentReplaceBehavior [ RunTime:0.000087s ]
INFO: [ template_filter ] --END-- [ RunTime:0.000135s ]
INFO: Run Behavior\ParseTemplateBehavior [ RunTime:0.014343s ]
INFO: [ view_parse ] --END-- [ RunTime:0.014419s ]
INFO: [ view_filter ] --START--
INFO: Run Behavior\WriteHtmlCacheBehavior [ RunTime:0.002188s ]
INFO: [ view_filter ] --END-- [ RunTime:0.002243s ]
INFO: [ app_end ] --START--
INFO: Run Behavior\ShowPageTraceBehavior [ RunTime:0.002316s ]
INFO: [ app_end ] --END-- [ RunTime:0.002411s ]

