[ 2017-03-28T09:24:07+08:00 ] 119.253.37.157 /favicon.ico
INFO: [ app_init ] --START--
INFO: Run Behavior\BuildLiteBehavior [ RunTime:0.000012s ]
INFO: [ app_init ] --END-- [ RunTime:0.000250s ]
ERR: 无法加载模块:Favicon

[ 2017-03-28T12:28:51+08:00 ] 211.100.11.181 /favicon.ico
INFO: [ app_init ] --START--
INFO: Run Behavior\BuildLiteBehavior [ RunTime:0.000013s ]
INFO: [ app_init ] --END-- [ RunTime:0.000245s ]
ERR: 无法加载模块:Favicon

[ 2017-03-28T12:28:58+08:00 ] 211.100.11.181 /favicon.ico
INFO: [ app_init ] --START--
INFO: Run Behavior\BuildLiteBehavior [ RunTime:0.000012s ]
INFO: [ app_init ] --END-- [ RunTime:0.000240s ]
ERR: 无法加载模块:Favicon

[ 2017-03-28T13:10:47+08:00 ] 218.241.189.28 /favicon.ico
INFO: [ app_init ] --START--
INFO: Run Behavior\BuildLiteBehavior [ RunTime:0.000012s ]
INFO: [ app_init ] --END-- [ RunTime:0.000362s ]
ERR: 无法加载模块:Favicon

[ 2017-03-28T15:09:07+08:00 ] 119.253.37.157 /Application/Public//Application/Public//Application/Public/images/glyphicons-halflings-regular.svg
INFO: [ app_init ] --START--
INFO: Run Behavior\BuildLiteBehavior [ RunTime:0.000018s ]
INFO: [ app_init ] --END-- [ RunTime:0.000371s ]
ERR: 无法加载模块:Application

[ 2017-03-28T15:09:14+08:00 ] 119.253.37.157 /Application/Public//Application/Public//Application/Public/images/glyphicons-halflings-regular.svg
INFO: [ app_init ] --START--
INFO: Run Behavior\BuildLiteBehavior [ RunTime:0.000011s ]
INFO: [ app_init ] --END-- [ RunTime:0.000233s ]
ERR: 无法加载模块:Application

[ 2017-03-28T15:10:54+08:00 ] 119.253.37.157 /Application/Public/mobile/css/bootstrap.css.map
INFO: [ app_init ] --START--
INFO: Run Behavior\BuildLiteBehavior [ RunTime:0.000012s ]
INFO: [ app_init ] --END-- [ RunTime:0.000238s ]
ERR: 无法加载模块:Application

[ 2017-03-28T15:11:02+08:00 ] 119.253.37.157 /Application/Public/mobile/css/bootstrap.css.map
INFO: [ app_init ] --START--
INFO: Run Behavior\BuildLiteBehavior [ RunTime:0.000013s ]
INFO: [ app_init ] --END-- [ RunTime:0.000274s ]
ERR: 无法加载模块:Application

[ 2017-03-28T15:11:07+08:00 ] 119.253.37.157 /Application/Public/mobile/css/bootstrap.css.map
INFO: [ app_init ] --START--
INFO: Run Behavior\BuildLiteBehavior [ RunTime:0.000012s ]
INFO: [ app_init ] --END-- [ RunTime:0.000255s ]
ERR: 无法加载模块:Application

[ 2017-03-28T15:11:08+08:00 ] 119.253.37.157 /Application/Public/mobile/css/bootstrap.css.map
INFO: [ app_init ] --START--
INFO: Run Behavior\BuildLiteBehavior [ RunTime:0.000012s ]
INFO: [ app_init ] --END-- [ RunTime:0.000234s ]
ERR: 无法加载模块:Application

[ 2017-03-28T15:11:09+08:00 ] 119.253.37.157 /Application/Public/mobile/css/bootstrap.css.map
INFO: [ app_init ] --START--
INFO: Run Behavior\BuildLiteBehavior [ RunTime:0.000017s ]
INFO: [ app_init ] --END-- [ RunTime:0.000403s ]
ERR: 无法加载模块:Application

[ 2017-03-28T15:11:11+08:00 ] 119.253.37.157 /Application/Public/mobile/css/bootstrap.css.map
INFO: [ app_init ] --START--
INFO: Run Behavior\BuildLiteBehavior [ RunTime:0.000013s ]
INFO: [ app_init ] --END-- [ RunTime:0.000239s ]
ERR: 无法加载模块:Application

[ 2017-03-28T15:11:42+08:00 ] 119.253.37.157 /Application/Public/mobile/css/bootstrap.css.map
INFO: [ app_init ] --START--
INFO: Run Behavior\BuildLiteBehavior [ RunTime:0.000013s ]
INFO: [ app_init ] --END-- [ RunTime:0.000243s ]
ERR: 无法加载模块:Application

[ 2017-03-28T15:11:58+08:00 ] 119.253.37.157 /Application/Public/mobile/css/bootstrap.css.map
INFO: [ app_init ] --START--
INFO: Run Behavior\BuildLiteBehavior [ RunTime:0.000012s ]
INFO: [ app_init ] --END-- [ RunTime:0.000261s ]
ERR: 无法加载模块:Application

[ 2017-03-28T15:12:22+08:00 ] 119.253.37.157 /Application/Public/mobile/css/bootstrap.css.map
INFO: [ app_init ] --START--
INFO: Run Behavior\BuildLiteBehavior [ RunTime:0.000015s ]
INFO: [ app_init ] --END-- [ RunTime:0.000279s ]
ERR: 无法加载模块:Application

[ 2017-03-28T15:12:41+08:00 ] 119.253.37.157 /Application/Public/mobile/css/bootstrap.css.map
INFO: [ app_init ] --START--
INFO: Run Behavior\BuildLiteBehavior [ RunTime:0.000018s ]
INFO: [ app_init ] --END-- [ RunTime:0.000403s ]
ERR: 无法加载模块:Application

[ 2017-03-28T15:12:46+08:00 ] 119.253.37.157 /Application/Public/mobile/css/bootstrap.css.map
INFO: [ app_init ] --START--
INFO: Run Behavior\BuildLiteBehavior [ RunTime:0.000011s ]
INFO: [ app_init ] --END-- [ RunTime:0.000245s ]
ERR: 无法加载模块:Application

[ 2017-03-28T15:12:47+08:00 ] 119.253.37.157 /Application/Public/mobile/css/bootstrap.css.map
INFO: [ app_init ] --START--
INFO: Run Behavior\BuildLiteBehavior [ RunTime:0.000012s ]
INFO: [ app_init ] --END-- [ RunTime:0.000234s ]
ERR: 无法加载模块:Application

[ 2017-03-28T15:12:59+08:00 ] 119.253.37.157 /Application/Public/mobile/css/bootstrap.css.map
INFO: [ app_init ] --START--
INFO: Run Behavior\BuildLiteBehavior [ RunTime:0.000017s ]
INFO: [ app_init ] --END-- [ RunTime:0.000283s ]
ERR: 无法加载模块:Application

[ 2017-03-28T15:13:14+08:00 ] 119.253.37.157 /Application/Public/mobile/css/bootstrap.css.map
INFO: [ app_init ] --START--
INFO: Run Behavior\BuildLiteBehavior [ RunTime:0.000012s ]
INFO: [ app_init ] --END-- [ RunTime:0.000242s ]
ERR: 无法加载模块:Application

[ 2017-03-28T15:13:56+08:00 ] 119.253.37.157 /Application/Public/mobile/css/bootstrap.css.map
INFO: [ app_init ] --START--
INFO: Run Behavior\BuildLiteBehavior [ RunTime:0.000011s ]
INFO: [ app_init ] --END-- [ RunTime:0.000234s ]
ERR: 无法加载模块:Application

[ 2017-03-28T15:14:40+08:00 ] 119.253.37.157 /Application/Public/mobile/css/bootstrap.css.map
INFO: [ app_init ] --START--
INFO: Run Behavior\BuildLiteBehavior [ RunTime:0.000012s ]
INFO: [ app_init ] --END-- [ RunTime:0.000243s ]
ERR: 无法加载模块:Application

[ 2017-03-28T15:14:54+08:00 ] 119.253.37.157 /Application/Public/mobile/css/bootstrap.css.map
INFO: [ app_init ] --START--
INFO: Run Behavior\BuildLiteBehavior [ RunTime:0.000011s ]
INFO: [ app_init ] --END-- [ RunTime:0.000258s ]
ERR: 无法加载模块:Application

[ 2017-03-28T15:15:10+08:00 ] 119.253.37.157 /Application/Public/mobile/css/bootstrap.css.map
INFO: [ app_init ] --START--
INFO: Run Behavior\BuildLiteBehavior [ RunTime:0.000013s ]
INFO: [ app_init ] --END-- [ RunTime:0.000256s ]
ERR: 无法加载模块:Application

[ 2017-03-28T15:15:12+08:00 ] 219.238.82.168 /favicon.ico
INFO: [ app_init ] --START--
INFO: Run Behavior\BuildLiteBehavior [ RunTime:0.000012s ]
INFO: [ app_init ] --END-- [ RunTime:0.000239s ]
ERR: 无法加载模块:Favicon

[ 2017-03-28T15:15:23+08:00 ] 119.253.37.157 /Application/Public/mobile/css/bootstrap.css.map
INFO: [ app_init ] --START--
INFO: Run Behavior\BuildLiteBehavior [ RunTime:0.000012s ]
INFO: [ app_init ] --END-- [ RunTime:0.000239s ]
ERR: 无法加载模块:Application

[ 2017-03-28T15:15:27+08:00 ] 119.253.37.157 /Application/Public/mobile/css/bootstrap.css.map
INFO: [ app_init ] --START--
INFO: Run Behavior\BuildLiteBehavior [ RunTime:0.000012s ]
INFO: [ app_init ] --END-- [ RunTime:0.000244s ]
ERR: 无法加载模块:Application

[ 2017-03-28T15:15:28+08:00 ] 119.253.37.157 /Application/Public/mobile/css/bootstrap.css.map
INFO: [ app_init ] --START--
INFO: Run Behavior\BuildLiteBehavior [ RunTime:0.000011s ]
INFO: [ app_init ] --END-- [ RunTime:0.000237s ]
ERR: 无法加载模块:Application

[ 2017-03-28T15:15:31+08:00 ] 119.253.37.157 /Application/Public/mobile/css/bootstrap.css.map
INFO: [ app_init ] --START--
INFO: Run Behavior\BuildLiteBehavior [ RunTime:0.000012s ]
INFO: [ app_init ] --END-- [ RunTime:0.000257s ]
ERR: 无法加载模块:Application

[ 2017-03-28T15:15:50+08:00 ] 119.253.37.157 /Application/Public/mobile/css/bootstrap.css.map
INFO: [ app_init ] --START--
INFO: Run Behavior\BuildLiteBehavior [ RunTime:0.000016s ]
INFO: [ app_init ] --END-- [ RunTime:0.000271s ]
ERR: 无法加载模块:Application

[ 2017-03-28T15:15:55+08:00 ] 119.253.37.157 /Application/Public/mobile/css/bootstrap.css.map
INFO: [ app_init ] --START--
INFO: Run Behavior\BuildLiteBehavior [ RunTime:0.000012s ]
INFO: [ app_init ] --END-- [ RunTime:0.000237s ]
ERR: 无法加载模块:Application

[ 2017-03-28T15:16:09+08:00 ] 119.253.37.157 /Application/Public/mobile/css/bootstrap.css.map
INFO: [ app_init ] --START--
INFO: Run Behavior\BuildLiteBehavior [ RunTime:0.000012s ]
INFO: [ app_init ] --END-- [ RunTime:0.000245s ]
ERR: 无法加载模块:Application

[ 2017-03-28T15:16:15+08:00 ] 119.253.37.157 /Application/Public/mobile/css/bootstrap.css.map
INFO: [ app_init ] --START--
INFO: Run Behavior\BuildLiteBehavior [ RunTime:0.000018s ]
INFO: [ app_init ] --END-- [ RunTime:0.000297s ]
ERR: 无法加载模块:Application

[ 2017-03-28T15:23:13+08:00 ] 219.238.82.168 /Application/Public//Application/Public//Application/Public/images/glyphicons-halflings-regular.svg
INFO: [ app_init ] --START--
INFO: Run Behavior\BuildLiteBehavior [ RunTime:0.000011s ]
INFO: [ app_init ] --END-- [ RunTime:0.000232s ]
ERR: 无法加载模块:Application

[ 2017-03-28T15:24:37+08:00 ] 219.238.82.168 /Application/Public//Application/Public//Application/Public/images/glyphicons-halflings-regular.svg
INFO: [ app_init ] --START--
INFO: Run Behavior\BuildLiteBehavior [ RunTime:0.000012s ]
INFO: [ app_init ] --END-- [ RunTime:0.000239s ]
ERR: 无法加载模块:Application

[ 2017-03-28T15:29:46+08:00 ] 219.238.82.168 /Application/Public//Application/Public//Application/Public/images/glyphicons-halflings-regular.svg
INFO: [ app_init ] --START--
INFO: Run Behavior\BuildLiteBehavior [ RunTime:0.000017s ]
INFO: [ app_init ] --END-- [ RunTime:0.000346s ]
ERR: 无法加载模块:Application

[ 2017-03-28T15:46:25+08:00 ] 119.253.37.157 /Application/Public/mobile/css/bootstrap.css.map
INFO: [ app_init ] --START--
INFO: Run Behavior\BuildLiteBehavior [ RunTime:0.000012s ]
INFO: [ app_init ] --END-- [ RunTime:0.000255s ]
ERR: 无法加载模块:Application

[ 2017-03-28T15:46:55+08:00 ] 119.253.37.157 /Application/Public/mobile/css/bootstrap.css.map
INFO: [ app_init ] --START--
INFO: Run Behavior\BuildLiteBehavior [ RunTime:0.000013s ]
INFO: [ app_init ] --END-- [ RunTime:0.000280s ]
ERR: 无法加载模块:Application

[ 2017-03-28T15:47:23+08:00 ] 119.253.37.157 /Application/Public/mobile/css/bootstrap.css.map
INFO: [ app_init ] --START--
INFO: Run Behavior\BuildLiteBehavior [ RunTime:0.000011s ]
INFO: [ app_init ] --END-- [ RunTime:0.000238s ]
ERR: 无法加载模块:Application

[ 2017-03-28T15:47:29+08:00 ] 119.253.37.157 /Application/Public/mobile/css/bootstrap.css.map
INFO: [ app_init ] --START--
INFO: Run Behavior\BuildLiteBehavior [ RunTime:0.000012s ]
INFO: [ app_init ] --END-- [ RunTime:0.000236s ]
ERR: 无法加载模块:Application

[ 2017-03-28T15:47:35+08:00 ] 119.253.37.157 /Application/Public/mobile/css/bootstrap.css.map
INFO: [ app_init ] --START--
INFO: Run Behavior\BuildLiteBehavior [ RunTime:0.000011s ]
INFO: [ app_init ] --END-- [ RunTime:0.000235s ]
ERR: 无法加载模块:Application

[ 2017-03-28T15:47:37+08:00 ] 119.253.37.157 /Application/Public/mobile/css/bootstrap.css.map
INFO: [ app_init ] --START--
INFO: Run Behavior\BuildLiteBehavior [ RunTime:0.000011s ]
INFO: [ app_init ] --END-- [ RunTime:0.000283s ]
ERR: 无法加载模块:Application

[ 2017-03-28T15:47:52+08:00 ] 119.253.37.157 /Application/Public/mobile/css/bootstrap.css.map
INFO: [ app_init ] --START--
INFO: Run Behavior\BuildLiteBehavior [ RunTime:0.000013s ]
INFO: [ app_init ] --END-- [ RunTime:0.000378s ]
ERR: 无法加载模块:Application

[ 2017-03-28T15:47:59+08:00 ] 119.253.37.157 /Application/Public/mobile/css/bootstrap.css.map
INFO: [ app_init ] --START--
INFO: Run Behavior\BuildLiteBehavior [ RunTime:0.000012s ]
INFO: [ app_init ] --END-- [ RunTime:0.000282s ]
ERR: 无法加载模块:Application

[ 2017-03-28T15:48:05+08:00 ] 119.253.37.157 /Application/Public/mobile/css/bootstrap.css.map
INFO: [ app_init ] --START--
INFO: Run Behavior\BuildLiteBehavior [ RunTime:0.000012s ]
INFO: [ app_init ] --END-- [ RunTime:0.000239s ]
ERR: 无法加载模块:Application

[ 2017-03-28T15:49:07+08:00 ] 119.253.37.157 /Application/Public/mobile/css/bootstrap.css.map
INFO: [ app_init ] --START--
INFO: Run Behavior\BuildLiteBehavior [ RunTime:0.000012s ]
INFO: [ app_init ] --END-- [ RunTime:0.000241s ]
ERR: 无法加载模块:Application

[ 2017-03-28T15:49:15+08:00 ] 119.253.37.157 /Application/Public/mobile/css/bootstrap.css.map
INFO: [ app_init ] --START--
INFO: Run Behavior\BuildLiteBehavior [ RunTime:0.000012s ]
INFO: [ app_init ] --END-- [ RunTime:0.000274s ]
ERR: 无法加载模块:Application

[ 2017-03-28T15:49:18+08:00 ] 119.253.37.157 /Application/Public/mobile/css/bootstrap.css.map
INFO: [ app_init ] --START--
INFO: Run Behavior\BuildLiteBehavior [ RunTime:0.000013s ]
INFO: [ app_init ] --END-- [ RunTime:0.000314s ]
ERR: 无法加载模块:Application

[ 2017-03-28T15:49:18+08:00 ] 119.253.37.157 /Application/Public/mobile/css/bootstrap.css.map
INFO: [ app_init ] --START--
INFO: Run Behavior\BuildLiteBehavior [ RunTime:0.000016s ]
INFO: [ app_init ] --END-- [ RunTime:0.000292s ]
ERR: 无法加载模块:Application

[ 2017-03-28T15:49:23+08:00 ] 119.253.37.157 /Application/Public/mobile/css/bootstrap.css.map
INFO: [ app_init ] --START--
INFO: Run Behavior\BuildLiteBehavior [ RunTime:0.000012s ]
INFO: [ app_init ] --END-- [ RunTime:0.000238s ]
ERR: 无法加载模块:Application

[ 2017-03-28T15:49:44+08:00 ] 119.253.37.157 /Application/Public/mobile/css/bootstrap.css.map
INFO: [ app_init ] --START--
INFO: Run Behavior\BuildLiteBehavior [ RunTime:0.000012s ]
INFO: [ app_init ] --END-- [ RunTime:0.000242s ]
ERR: 无法加载模块:Application

[ 2017-03-28T15:50:37+08:00 ] 119.253.37.157 /Application/Public/mobile/css/bootstrap.css.map
INFO: [ app_init ] --START--
INFO: Run Behavior\BuildLiteBehavior [ RunTime:0.000013s ]
INFO: [ app_init ] --END-- [ RunTime:0.000303s ]
ERR: 无法加载模块:Application

[ 2017-03-28T15:52:28+08:00 ] 119.253.37.157 /Application/Public/mobile/css/bootstrap.css.map
INFO: [ app_init ] --START--
INFO: Run Behavior\BuildLiteBehavior [ RunTime:0.000011s ]
INFO: [ app_init ] --END-- [ RunTime:0.000244s ]
ERR: 无法加载模块:Application

[ 2017-03-28T15:52:30+08:00 ] 119.253.37.157 /Application/Public/mobile/css/bootstrap.css.map
INFO: [ app_init ] --START--
INFO: Run Behavior\BuildLiteBehavior [ RunTime:0.000012s ]
INFO: [ app_init ] --END-- [ RunTime:0.000238s ]
ERR: 无法加载模块:Application

[ 2017-03-28T15:52:32+08:00 ] 119.253.37.157 /Application/Public/mobile/css/bootstrap.css.map
INFO: [ app_init ] --START--
INFO: Run Behavior\BuildLiteBehavior [ RunTime:0.000012s ]
INFO: [ app_init ] --END-- [ RunTime:0.000257s ]
ERR: 无法加载模块:Application

[ 2017-03-28T15:52:34+08:00 ] 119.253.37.157 /Application/Public/mobile/css/bootstrap.css.map
INFO: [ app_init ] --START--
INFO: Run Behavior\BuildLiteBehavior [ RunTime:0.000011s ]
INFO: [ app_init ] --END-- [ RunTime:0.000288s ]
ERR: 无法加载模块:Application

[ 2017-03-28T15:53:38+08:00 ] 119.253.37.157 /Application/Public/mobile/css/bootstrap.css.map
INFO: [ app_init ] --START--
INFO: Run Behavior\BuildLiteBehavior [ RunTime:0.000012s ]
INFO: [ app_init ] --END-- [ RunTime:0.000239s ]
ERR: 无法加载模块:Application

[ 2017-03-28T15:53:39+08:00 ] 119.253.37.157 /Application/Public/mobile/css/bootstrap.css.map
INFO: [ app_init ] --START--
INFO: Run Behavior\BuildLiteBehavior [ RunTime:0.000012s ]
INFO: [ app_init ] --END-- [ RunTime:0.000237s ]
ERR: 无法加载模块:Application

[ 2017-03-28T15:53:49+08:00 ] 119.253.37.157 /Application/Public//Application/Public//Application/Public/images/glyphicons-halflings-regular.svg
INFO: [ app_init ] --START--
INFO: Run Behavior\BuildLiteBehavior [ RunTime:0.000011s ]
INFO: [ app_init ] --END-- [ RunTime:0.000231s ]
ERR: 无法加载模块:Application

[ 2017-03-28T15:53:59+08:00 ] 119.253.37.157 /Application/Public/mobile/css/bootstrap.css.map
INFO: [ app_init ] --START--
INFO: Run Behavior\BuildLiteBehavior [ RunTime:0.000017s ]
INFO: [ app_init ] --END-- [ RunTime:0.000287s ]
ERR: 无法加载模块:Application

[ 2017-03-28T15:54:01+08:00 ] 119.253.37.157 /Application/Public/mobile/css/bootstrap.css.map
INFO: [ app_init ] --START--
INFO: Run Behavior\BuildLiteBehavior [ RunTime:0.000013s ]
INFO: [ app_init ] --END-- [ RunTime:0.000265s ]
ERR: 无法加载模块:Application

[ 2017-03-28T15:54:03+08:00 ] 119.253.37.157 /Application/Public/mobile/css/bootstrap.css.map
INFO: [ app_init ] --START--
INFO: Run Behavior\BuildLiteBehavior [ RunTime:0.000012s ]
INFO: [ app_init ] --END-- [ RunTime:0.000286s ]
ERR: 无法加载模块:Application

[ 2017-03-28T15:54:09+08:00 ] 119.253.37.157 /Application/Public/mobile/css/bootstrap.css.map
INFO: [ app_init ] --START--
INFO: Run Behavior\BuildLiteBehavior [ RunTime:0.000013s ]
INFO: [ app_init ] --END-- [ RunTime:0.000237s ]
ERR: 无法加载模块:Application

[ 2017-03-28T15:54:10+08:00 ] 119.253.37.157 /Application/Public/mobile/css/bootstrap.css.map
INFO: [ app_init ] --START--
INFO: Run Behavior\BuildLiteBehavior [ RunTime:0.000014s ]
INFO: [ app_init ] --END-- [ RunTime:0.000260s ]
ERR: 无法加载模块:Application

[ 2017-03-28T15:54:13+08:00 ] 119.253.37.157 /Application/Public/mobile/css/bootstrap.css.map
INFO: [ app_init ] --START--
INFO: Run Behavior\BuildLiteBehavior [ RunTime:0.000012s ]
INFO: [ app_init ] --END-- [ RunTime:0.000237s ]
ERR: 无法加载模块:Application

[ 2017-03-28T15:54:14+08:00 ] 119.253.37.157 /Application/Public/mobile/css/bootstrap.css.map
INFO: [ app_init ] --START--
INFO: Run Behavior\BuildLiteBehavior [ RunTime:0.000012s ]
INFO: [ app_init ] --END-- [ RunTime:0.000242s ]
ERR: 无法加载模块:Application

[ 2017-03-28T15:54:19+08:00 ] 119.253.37.157 /Application/Public/mobile/css/bootstrap.css.map
INFO: [ app_init ] --START--
INFO: Run Behavior\BuildLiteBehavior [ RunTime:0.000012s ]
INFO: [ app_init ] --END-- [ RunTime:0.000237s ]
ERR: 无法加载模块:Application

[ 2017-03-28T15:54:25+08:00 ] 119.253.37.157 /Application/Public/mobile/css/bootstrap.css.map
INFO: [ app_init ] --START--
INFO: Run Behavior\BuildLiteBehavior [ RunTime:0.000012s ]
INFO: [ app_init ] --END-- [ RunTime:0.000233s ]
ERR: 无法加载模块:Application

[ 2017-03-28T15:54:29+08:00 ] 219.238.82.168 /Application/Public//Application/Public//Application/Public/images/glyphicons-halflings-regular.svg
INFO: [ app_init ] --START--
INFO: Run Behavior\BuildLiteBehavior [ RunTime:0.000013s ]
INFO: [ app_init ] --END-- [ RunTime:0.000277s ]
ERR: 无法加载模块:Application

[ 2017-03-28T15:54:34+08:00 ] 119.253.37.157 /Application/Public/mobile/css/bootstrap.css.map
INFO: [ app_init ] --START--
INFO: Run Behavior\BuildLiteBehavior [ RunTime:0.000013s ]
INFO: [ app_init ] --END-- [ RunTime:0.000239s ]
ERR: 无法加载模块:Application

[ 2017-03-28T15:54:40+08:00 ] 219.238.82.168 /Application/Public//Application/Public//Application/Public/images/glyphicons-halflings-regular.svg
INFO: [ app_init ] --START--
INFO: Run Behavior\BuildLiteBehavior [ RunTime:0.000053s ]
INFO: [ app_init ] --END-- [ RunTime:0.000329s ]
ERR: 无法加载模块:Application

[ 2017-03-28T15:56:20+08:00 ] 119.253.37.157 /Application/Public//Application/Public//Application/Public/images/glyphicons-halflings-regular.svg
INFO: [ app_init ] --START--
INFO: Run Behavior\BuildLiteBehavior [ RunTime:0.000012s ]
INFO: [ app_init ] --END-- [ RunTime:0.000234s ]
ERR: 无法加载模块:Application

[ 2017-03-28T15:56:28+08:00 ] 119.253.37.157 /Application/Public//Application/Public//Application/Public/images/glyphicons-halflings-regular.svg
INFO: [ app_init ] --START--
INFO: Run Behavior\BuildLiteBehavior [ RunTime:0.000012s ]
INFO: [ app_init ] --END-- [ RunTime:0.000239s ]
ERR: 无法加载模块:Application

[ 2017-03-28T15:56:37+08:00 ] 119.253.37.157 /Application/Public//Application/Public//Application/Public/images/glyphicons-halflings-regular.svg
INFO: [ app_init ] --START--
INFO: Run Behavior\BuildLiteBehavior [ RunTime:0.000012s ]
INFO: [ app_init ] --END-- [ RunTime:0.000232s ]
ERR: 无法加载模块:Application

[ 2017-03-28T15:56:43+08:00 ] 119.253.37.157 /Application/Public//Application/Public//Application/Public/images/glyphicons-halflings-regular.svg
INFO: [ app_init ] --START--
INFO: Run Behavior\BuildLiteBehavior [ RunTime:0.000013s ]
INFO: [ app_init ] --END-- [ RunTime:0.000279s ]
ERR: 无法加载模块:Application

[ 2017-03-28T15:56:50+08:00 ] 119.253.37.157 /Application/Public//Application/Public//Application/Public/images/glyphicons-halflings-regular.svg
INFO: [ app_init ] --START--
INFO: Run Behavior\BuildLiteBehavior [ RunTime:0.000011s ]
INFO: [ app_init ] --END-- [ RunTime:0.000242s ]
ERR: 无法加载模块:Application

[ 2017-03-28T16:00:22+08:00 ] 219.238.82.168 /Application/Public//Application/Public//Application/Public/images/glyphicons-halflings-regular.svg
INFO: [ app_init ] --START--
INFO: Run Behavior\BuildLiteBehavior [ RunTime:0.000012s ]
INFO: [ app_init ] --END-- [ RunTime:0.000290s ]
ERR: 无法加载模块:Application

[ 2017-03-28T16:02:04+08:00 ] 119.253.37.157 /Application/Public//Application/Public//Application/Public/images/glyphicons-halflings-regular.svg
INFO: [ app_init ] --START--
INFO: Run Behavior\BuildLiteBehavior [ RunTime:0.000011s ]
INFO: [ app_init ] --END-- [ RunTime:0.000232s ]
ERR: 无法加载模块:Application

[ 2017-03-28T16:02:52+08:00 ] 119.253.37.157 /Application/Public//Application/Public//Application/Public/images/glyphicons-halflings-regular.svg
INFO: [ app_init ] --START--
INFO: Run Behavior\BuildLiteBehavior [ RunTime:0.000012s ]
INFO: [ app_init ] --END-- [ RunTime:0.000263s ]
ERR: 无法加载模块:Application

[ 2017-03-28T16:06:13+08:00 ] 219.238.82.168 /Application/Public//Application/Public//Application/Public/images/glyphicons-halflings-regular.svg
INFO: [ app_init ] --START--
INFO: Run Behavior\BuildLiteBehavior [ RunTime:0.000011s ]
INFO: [ app_init ] --END-- [ RunTime:0.000234s ]
ERR: 无法加载模块:Application

[ 2017-03-28T16:06:26+08:00 ] 119.253.37.157 /Application/Public//Application/Public//Application/Public/images/glyphicons-halflings-regular.svg
INFO: [ app_init ] --START--
INFO: Run Behavior\BuildLiteBehavior [ RunTime:0.000013s ]
INFO: [ app_init ] --END-- [ RunTime:0.000315s ]
ERR: 无法加载模块:Application

[ 2017-03-28T16:06:32+08:00 ] 119.253.37.157 /Application/Public//Application/Public//Application/Public/images/glyphicons-halflings-regular.svg
INFO: [ app_init ] --START--
INFO: Run Behavior\BuildLiteBehavior [ RunTime:0.000012s ]
INFO: [ app_init ] --END-- [ RunTime:0.000245s ]
ERR: 无法加载模块:Application

[ 2017-03-28T16:06:46+08:00 ] 119.253.37.157 /Application/Public//Application/Public//Application/Public/images/glyphicons-halflings-regular.svg
INFO: [ app_init ] --START--
INFO: Run Behavior\BuildLiteBehavior [ RunTime:0.000012s ]
INFO: [ app_init ] --END-- [ RunTime:0.000248s ]
ERR: 无法加载模块:Application

[ 2017-03-28T16:07:23+08:00 ] 119.253.37.157 /Application/Public/mobile/css/bootstrap.css.map
INFO: [ app_init ] --START--
INFO: Run Behavior\BuildLiteBehavior [ RunTime:0.000012s ]
INFO: [ app_init ] --END-- [ RunTime:0.000272s ]
ERR: 无法加载模块:Application

[ 2017-03-28T16:07:25+08:00 ] 119.253.37.157 /Application/Public/mobile/css/bootstrap.css.map
INFO: [ app_init ] --START--
INFO: Run Behavior\BuildLiteBehavior [ RunTime:0.000012s ]
INFO: [ app_init ] --END-- [ RunTime:0.000276s ]
ERR: 无法加载模块:Application

[ 2017-03-28T16:07:30+08:00 ] 119.253.37.157 /Application/Public/mobile/css/bootstrap.css.map
INFO: [ app_init ] --START--
INFO: Run Behavior\BuildLiteBehavior [ RunTime:0.000013s ]
INFO: [ app_init ] --END-- [ RunTime:0.000274s ]
ERR: 无法加载模块:Application

[ 2017-03-28T16:07:55+08:00 ] 119.253.37.157 /Application/Public/mobile/css/bootstrap.css.map
INFO: [ app_init ] --START--
INFO: Run Behavior\BuildLiteBehavior [ RunTime:0.000013s ]
INFO: [ app_init ] --END-- [ RunTime:0.000290s ]
ERR: 无法加载模块:Application

[ 2017-03-28T16:08:06+08:00 ] 119.253.37.157 /Application/Public/mobile/css/bootstrap.css.map
INFO: [ app_init ] --START--
INFO: Run Behavior\BuildLiteBehavior [ RunTime:0.000012s ]
INFO: [ app_init ] --END-- [ RunTime:0.000296s ]
ERR: 无法加载模块:Application

[ 2017-03-28T16:08:10+08:00 ] 119.253.37.157 /Application/Public/mobile/css/bootstrap.css.map
INFO: [ app_init ] --START--
INFO: Run Behavior\BuildLiteBehavior [ RunTime:0.000011s ]
INFO: [ app_init ] --END-- [ RunTime:0.000254s ]
ERR: 无法加载模块:Application

[ 2017-03-28T16:10:37+08:00 ] 119.253.37.157 /Application/Public/mobile/css/bootstrap.css.map
INFO: [ app_init ] --START--
INFO: Run Behavior\BuildLiteBehavior [ RunTime:0.000011s ]
INFO: [ app_init ] --END-- [ RunTime:0.000283s ]
ERR: 无法加载模块:Application

[ 2017-03-28T16:10:38+08:00 ] 119.253.37.157 /Application/Public/mobile/css/bootstrap.css.map
INFO: [ app_init ] --START--
INFO: Run Behavior\BuildLiteBehavior [ RunTime:0.000013s ]
INFO: [ app_init ] --END-- [ RunTime:0.000252s ]
ERR: 无法加载模块:Application

[ 2017-03-28T16:11:04+08:00 ] 119.253.37.157 /Application/Public/mobile/css/bootstrap.css.map
INFO: [ app_init ] --START--
INFO: Run Behavior\BuildLiteBehavior [ RunTime:0.000012s ]
INFO: [ app_init ] --END-- [ RunTime:0.000252s ]
ERR: 无法加载模块:Application

[ 2017-03-28T16:11:06+08:00 ] 119.253.37.157 /Application/Public/mobile/css/bootstrap.css.map
INFO: [ app_init ] --START--
INFO: Run Behavior\BuildLiteBehavior [ RunTime:0.000012s ]
INFO: [ app_init ] --END-- [ RunTime:0.000245s ]
ERR: 无法加载模块:Application

[ 2017-03-28T16:11:45+08:00 ] 219.238.82.168 /Application/Public//Application/Public//Application/Public/images/glyphicons-halflings-regular.svg
INFO: [ app_init ] --START--
INFO: Run Behavior\BuildLiteBehavior [ RunTime:0.000021s ]
INFO: [ app_init ] --END-- [ RunTime:0.000408s ]
ERR: 无法加载模块:Application

[ 2017-03-28T16:11:55+08:00 ] 119.253.37.157 /Application/Public/mobile/css/bootstrap.css.map
INFO: [ app_init ] --START--
INFO: Run Behavior\BuildLiteBehavior [ RunTime:0.000012s ]
INFO: [ app_init ] --END-- [ RunTime:0.000234s ]
ERR: 无法加载模块:Application

[ 2017-03-28T16:12:41+08:00 ] 119.253.37.157 /Application/Public/mobile/css/bootstrap.css.map
INFO: [ app_init ] --START--
INFO: Run Behavior\BuildLiteBehavior [ RunTime:0.000011s ]
INFO: [ app_init ] --END-- [ RunTime:0.000232s ]
ERR: 无法加载模块:Application

[ 2017-03-28T16:12:43+08:00 ] 119.253.37.157 /Application/Public/mobile/css/bootstrap.css.map
INFO: [ app_init ] --START--
INFO: Run Behavior\BuildLiteBehavior [ RunTime:0.000011s ]
INFO: [ app_init ] --END-- [ RunTime:0.000244s ]
ERR: 无法加载模块:Application

[ 2017-03-28T16:13:01+08:00 ] 119.253.37.157 /Application/Public/mobile/css/bootstrap.css.map
INFO: [ app_init ] --START--
INFO: Run Behavior\BuildLiteBehavior [ RunTime:0.000013s ]
INFO: [ app_init ] --END-- [ RunTime:0.000273s ]
ERR: 无法加载模块:Application

[ 2017-03-28T16:13:05+08:00 ] 119.253.37.157 /Application/Public/mobile/css/bootstrap.css.map
INFO: [ app_init ] --START--
INFO: Run Behavior\BuildLiteBehavior [ RunTime:0.000012s ]
INFO: [ app_init ] --END-- [ RunTime:0.000251s ]
ERR: 无法加载模块:Application

[ 2017-03-28T16:13:25+08:00 ] 119.253.37.157 /Application/Public//Application/Public//Application/Public/images/glyphicons-halflings-regular.svg
INFO: [ app_init ] --START--
INFO: Run Behavior\BuildLiteBehavior [ RunTime:0.000012s ]
INFO: [ app_init ] --END-- [ RunTime:0.000238s ]
ERR: 无法加载模块:Application

[ 2017-03-28T16:13:32+08:00 ] 119.253.37.157 /Application/Public//Application/Public//Application/Public/images/glyphicons-halflings-regular.svg
INFO: [ app_init ] --START--
INFO: Run Behavior\BuildLiteBehavior [ RunTime:0.000012s ]
INFO: [ app_init ] --END-- [ RunTime:0.000233s ]
ERR: 无法加载模块:Application

[ 2017-03-28T16:15:06+08:00 ] 119.253.37.157 /Application/Public/mobile/css/bootstrap.css.map
INFO: [ app_init ] --START--
INFO: Run Behavior\BuildLiteBehavior [ RunTime:0.000013s ]
INFO: [ app_init ] --END-- [ RunTime:0.000238s ]
ERR: 无法加载模块:Application

[ 2017-03-28T16:15:11+08:00 ] 119.253.37.157 /Application/Public/mobile/css/bootstrap.css.map
INFO: [ app_init ] --START--
INFO: Run Behavior\BuildLiteBehavior [ RunTime:0.000011s ]
INFO: [ app_init ] --END-- [ RunTime:0.000252s ]
ERR: 无法加载模块:Application

[ 2017-03-28T16:15:15+08:00 ] 119.253.37.157 /Application/Public/mobile/css/bootstrap.css.map
INFO: [ app_init ] --START--
INFO: Run Behavior\BuildLiteBehavior [ RunTime:0.000017s ]
INFO: [ app_init ] --END-- [ RunTime:0.000255s ]
ERR: 无法加载模块:Application

[ 2017-03-28T16:15:17+08:00 ] 119.253.37.157 /Application/Public/mobile/css/bootstrap.css.map
INFO: [ app_init ] --START--
INFO: Run Behavior\BuildLiteBehavior [ RunTime:0.000013s ]
INFO: [ app_init ] --END-- [ RunTime:0.000286s ]
ERR: 无法加载模块:Application

[ 2017-03-28T16:15:47+08:00 ] 119.253.37.157 /Application/Public/mobile/css/bootstrap.css.map
INFO: [ app_init ] --START--
INFO: Run Behavior\BuildLiteBehavior [ RunTime:0.000012s ]
INFO: [ app_init ] --END-- [ RunTime:0.000249s ]
ERR: 无法加载模块:Application

[ 2017-03-28T16:15:50+08:00 ] 119.253.37.157 /Application/Public/mobile/css/bootstrap.css.map
INFO: [ app_init ] --START--
INFO: Run Behavior\BuildLiteBehavior [ RunTime:0.000012s ]
INFO: [ app_init ] --END-- [ RunTime:0.000241s ]
ERR: 无法加载模块:Application

[ 2017-03-28T16:15:51+08:00 ] 119.253.37.157 /Application/Public/mobile/css/bootstrap.css.map
INFO: [ app_init ] --START--
INFO: Run Behavior\BuildLiteBehavior [ RunTime:0.000013s ]
INFO: [ app_init ] --END-- [ RunTime:0.000273s ]
ERR: 无法加载模块:Application

[ 2017-03-28T16:17:55+08:00 ] 119.253.37.157 /Application/Public/mobile/css/bootstrap.css.map
INFO: [ app_init ] --START--
INFO: Run Behavior\BuildLiteBehavior [ RunTime:0.000017s ]
INFO: [ app_init ] --END-- [ RunTime:0.000310s ]
ERR: 无法加载模块:Application

[ 2017-03-28T16:18:09+08:00 ] 119.253.37.157 /Application/Public/mobile/css/bootstrap.css.map
INFO: [ app_init ] --START--
INFO: Run Behavior\BuildLiteBehavior [ RunTime:0.000011s ]
INFO: [ app_init ] --END-- [ RunTime:0.000239s ]
ERR: 无法加载模块:Application

[ 2017-03-28T16:18:15+08:00 ] 119.253.37.157 /Application/Public/mobile/css/bootstrap.css.map
INFO: [ app_init ] --START--
INFO: Run Behavior\BuildLiteBehavior [ RunTime:0.000014s ]
INFO: [ app_init ] --END-- [ RunTime:0.000288s ]
ERR: 无法加载模块:Application

[ 2017-03-28T16:46:30+08:00 ] 119.253.37.157 /Application/Public//Application/Public//Application/Public/images/glyphicons-halflings-regular.svg
INFO: [ app_init ] --START--
INFO: Run Behavior\BuildLiteBehavior [ RunTime:0.000012s ]
INFO: [ app_init ] --END-- [ RunTime:0.000240s ]
ERR: 无法加载模块:Application

[ 2017-03-28T16:47:05+08:00 ] 119.253.37.157 /Application/Public//Application/Public//Application/Public/images/glyphicons-halflings-regular.svg
INFO: [ app_init ] --START--
INFO: Run Behavior\BuildLiteBehavior [ RunTime:0.000012s ]
INFO: [ app_init ] --END-- [ RunTime:0.000251s ]
ERR: 无法加载模块:Application

[ 2017-03-28T16:47:20+08:00 ] 119.253.37.157 /Application/Public//Application/Public//Application/Public/images/glyphicons-halflings-regular.svg
INFO: [ app_init ] --START--
INFO: Run Behavior\BuildLiteBehavior [ RunTime:0.000012s ]
INFO: [ app_init ] --END-- [ RunTime:0.000249s ]
ERR: 无法加载模块:Application

[ 2017-03-28T16:58:28+08:00 ] 119.253.37.157 /favicon.ico
INFO: [ app_init ] --START--
INFO: Run Behavior\BuildLiteBehavior [ RunTime:0.000012s ]
INFO: [ app_init ] --END-- [ RunTime:0.000241s ]
ERR: 无法加载模块:Favicon

[ 2017-03-28T16:58:31+08:00 ] 119.253.37.157 /favicon.ico
INFO: [ app_init ] --START--
INFO: Run Behavior\BuildLiteBehavior [ RunTime:0.000013s ]
INFO: [ app_init ] --END-- [ RunTime:0.000256s ]
ERR: 无法加载模块:Favicon

[ 2017-03-28T16:58:32+08:00 ] 119.253.37.157 /favicon.ico
INFO: [ app_init ] --START--
INFO: Run Behavior\BuildLiteBehavior [ RunTime:0.000017s ]
INFO: [ app_init ] --END-- [ RunTime:0.000281s ]
ERR: 无法加载模块:Favicon

[ 2017-03-28T16:58:37+08:00 ] 119.253.37.157 /favicon.ico
INFO: [ app_init ] --START--
INFO: Run Behavior\BuildLiteBehavior [ RunTime:0.000012s ]
INFO: [ app_init ] --END-- [ RunTime:0.000233s ]
ERR: 无法加载模块:Favicon

[ 2017-03-28T17:05:24+08:00 ] 119.253.37.157 /Application/Public/mobile/css/bootstrap.css.map
INFO: [ app_init ] --START--
INFO: Run Behavior\BuildLiteBehavior [ RunTime:0.000012s ]
INFO: [ app_init ] --END-- [ RunTime:0.000255s ]
ERR: 无法加载模块:Application

[ 2017-03-28T17:06:45+08:00 ] 119.253.37.157 /Application/Public/mobile/css/bootstrap.css.map
INFO: [ app_init ] --START--
INFO: Run Behavior\BuildLiteBehavior [ RunTime:0.000013s ]
INFO: [ app_init ] --END-- [ RunTime:0.000300s ]
ERR: 无法加载模块:Application

[ 2017-03-28T17:06:54+08:00 ] 119.253.37.157 /Application/Public/mobile/css/bootstrap.css.map
INFO: [ app_init ] --START--
INFO: Run Behavior\BuildLiteBehavior [ RunTime:0.000016s ]
INFO: [ app_init ] --END-- [ RunTime:0.000268s ]
ERR: 无法加载模块:Application

[ 2017-03-28T17:07:00+08:00 ] 119.253.37.157 /Application/Public/mobile/css/bootstrap.css.map
INFO: [ app_init ] --START--
INFO: Run Behavior\BuildLiteBehavior [ RunTime:0.000012s ]
INFO: [ app_init ] --END-- [ RunTime:0.000248s ]
ERR: 无法加载模块:Application

[ 2017-03-28T17:07:07+08:00 ] 119.253.37.157 /Application/Public/mobile/css/bootstrap.css.map
INFO: [ app_init ] --START--
INFO: Run Behavior\BuildLiteBehavior [ RunTime:0.000017s ]
INFO: [ app_init ] --END-- [ RunTime:0.000297s ]
ERR: 无法加载模块:Application

[ 2017-03-28T17:08:02+08:00 ] 119.253.37.157 /Application/Public/mobile/css/bootstrap.css.map
INFO: [ app_init ] --START--
INFO: Run Behavior\BuildLiteBehavior [ RunTime:0.000012s ]
INFO: [ app_init ] --END-- [ RunTime:0.000256s ]
ERR: 无法加载模块:Application

[ 2017-03-28T17:08:42+08:00 ] 119.253.37.157 /Application/Public/mobile/css/bootstrap.css.map
INFO: [ app_init ] --START--
INFO: Run Behavior\BuildLiteBehavior [ RunTime:0.000012s ]
INFO: [ app_init ] --END-- [ RunTime:0.000279s ]
ERR: 无法加载模块:Application

[ 2017-03-28T17:08:54+08:00 ] 119.253.37.157 /Application/Public/mobile/css/bootstrap.css.map
INFO: [ app_init ] --START--
INFO: Run Behavior\BuildLiteBehavior [ RunTime:0.000012s ]
INFO: [ app_init ] --END-- [ RunTime:0.000241s ]
ERR: 无法加载模块:Application

[ 2017-03-28T17:09:01+08:00 ] 119.253.37.157 /Application/Public/mobile/css/bootstrap.css.map
INFO: [ app_init ] --START--
INFO: Run Behavior\BuildLiteBehavior [ RunTime:0.000012s ]
INFO: [ app_init ] --END-- [ RunTime:0.000250s ]
ERR: 无法加载模块:Application

[ 2017-03-28T17:10:08+08:00 ] 119.253.37.157 /Application/Public/mobile/css/bootstrap.css.map
INFO: [ app_init ] --START--
INFO: Run Behavior\BuildLiteBehavior [ RunTime:0.000012s ]
INFO: [ app_init ] --END-- [ RunTime:0.000265s ]
ERR: 无法加载模块:Application

[ 2017-03-28T17:11:02+08:00 ] 119.253.37.157 /Application/Public/mobile/css/bootstrap.css.map
INFO: [ app_init ] --START--
INFO: Run Behavior\BuildLiteBehavior [ RunTime:0.000012s ]
INFO: [ app_init ] --END-- [ RunTime:0.000329s ]
ERR: 无法加载模块:Application

[ 2017-03-28T17:12:12+08:00 ] 119.253.37.157 /Application/Public/mobile/css/bootstrap.css.map
INFO: [ app_init ] --START--
INFO: Run Behavior\BuildLiteBehavior [ RunTime:0.000015s ]
INFO: [ app_init ] --END-- [ RunTime:0.000253s ]
ERR: 无法加载模块:Application

[ 2017-03-28T17:12:15+08:00 ] 119.253.37.157 /Application/Public/mobile/css/bootstrap.css.map
INFO: [ app_init ] --START--
INFO: Run Behavior\BuildLiteBehavior [ RunTime:0.000013s ]
INFO: [ app_init ] --END-- [ RunTime:0.000258s ]
ERR: 无法加载模块:Application

[ 2017-03-28T17:12:17+08:00 ] 119.253.37.157 /Application/Public/mobile/css/bootstrap.css.map
INFO: [ app_init ] --START--
INFO: Run Behavior\BuildLiteBehavior [ RunTime:0.000012s ]
INFO: [ app_init ] --END-- [ RunTime:0.000256s ]
ERR: 无法加载模块:Application

[ 2017-03-28T17:14:18+08:00 ] 119.253.37.157 /Application/Public/mobile/css/bootstrap.css.map
INFO: [ app_init ] --START--
INFO: Run Behavior\BuildLiteBehavior [ RunTime:0.000021s ]
INFO: [ app_init ] --END-- [ RunTime:0.000355s ]
ERR: 无法加载模块:Application

[ 2017-03-28T17:20:14+08:00 ] 119.253.37.157 /Application/Public/mobile/css/bootstrap.css.map
INFO: [ app_init ] --START--
INFO: Run Behavior\BuildLiteBehavior [ RunTime:0.000011s ]
INFO: [ app_init ] --END-- [ RunTime:0.000241s ]
ERR: 无法加载模块:Application

[ 2017-03-28T17:20:17+08:00 ] 119.253.37.157 /Application/Public/mobile/css/bootstrap.css.map
INFO: [ app_init ] --START--
INFO: Run Behavior\BuildLiteBehavior [ RunTime:0.000011s ]
INFO: [ app_init ] --END-- [ RunTime:0.000241s ]
ERR: 无法加载模块:Application

[ 2017-03-28T17:20:30+08:00 ] 119.253.37.157 /Application/Public/mobile/css/bootstrap.css.map
INFO: [ app_init ] --START--
INFO: Run Behavior\BuildLiteBehavior [ RunTime:0.000011s ]
INFO: [ app_init ] --END-- [ RunTime:0.000257s ]
ERR: 无法加载模块:Application

[ 2017-03-28T17:20:35+08:00 ] 119.253.37.157 /Application/Public/mobile/css/bootstrap.css.map
INFO: [ app_init ] --START--
INFO: Run Behavior\BuildLiteBehavior [ RunTime:0.000011s ]
INFO: [ app_init ] --END-- [ RunTime:0.000238s ]
ERR: 无法加载模块:Application

[ 2017-03-28T17:20:42+08:00 ] 119.253.37.157 /Application/Public/mobile/css/bootstrap.css.map
INFO: [ app_init ] --START--
INFO: Run Behavior\BuildLiteBehavior [ RunTime:0.000011s ]
INFO: [ app_init ] --END-- [ RunTime:0.000279s ]
ERR: 无法加载模块:Application

[ 2017-03-28T17:20:51+08:00 ] 119.253.37.157 /Application/Public/mobile/css/bootstrap.css.map
INFO: [ app_init ] --START--
INFO: Run Behavior\BuildLiteBehavior [ RunTime:0.000012s ]
INFO: [ app_init ] --END-- [ RunTime:0.000304s ]
ERR: 无法加载模块:Application

[ 2017-03-28T17:20:56+08:00 ] 119.253.37.157 /Application/Public/mobile/css/bootstrap.css.map
INFO: [ app_init ] --START--
INFO: Run Behavior\BuildLiteBehavior [ RunTime:0.000013s ]
INFO: [ app_init ] --END-- [ RunTime:0.000261s ]
ERR: 无法加载模块:Application

[ 2017-03-28T17:20:57+08:00 ] 119.253.37.157 /Application/Public/mobile/css/bootstrap.css.map
INFO: [ app_init ] --START--
INFO: Run Behavior\BuildLiteBehavior [ RunTime:0.000012s ]
INFO: [ app_init ] --END-- [ RunTime:0.000247s ]
ERR: 无法加载模块:Application

[ 2017-03-28T17:21:04+08:00 ] 119.253.37.157 /Application/Public/mobile/css/bootstrap.css.map
INFO: [ app_init ] --START--
INFO: Run Behavior\BuildLiteBehavior [ RunTime:0.000012s ]
INFO: [ app_init ] --END-- [ RunTime:0.000244s ]
ERR: 无法加载模块:Application

[ 2017-03-28T17:21:13+08:00 ] 119.253.37.157 /Application/Public/mobile/css/bootstrap.css.map
INFO: [ app_init ] --START--
INFO: Run Behavior\BuildLiteBehavior [ RunTime:0.000012s ]
INFO: [ app_init ] --END-- [ RunTime:0.000279s ]
ERR: 无法加载模块:Application

[ 2017-03-28T17:21:13+08:00 ] 119.253.37.157 /Application/Public/mobile/css/bootstrap.css.map
INFO: [ app_init ] --START--
INFO: Run Behavior\BuildLiteBehavior [ RunTime:0.000013s ]
INFO: [ app_init ] --END-- [ RunTime:0.000242s ]
ERR: 无法加载模块:Application

[ 2017-03-28T17:21:16+08:00 ] 119.253.37.157 /Application/Public/mobile/css/bootstrap.css.map
INFO: [ app_init ] --START--
INFO: Run Behavior\BuildLiteBehavior [ RunTime:0.000014s ]
INFO: [ app_init ] --END-- [ RunTime:0.000535s ]
ERR: 无法加载模块:Application

[ 2017-03-28T17:21:18+08:00 ] 119.253.37.157 /Application/Public/mobile/css/bootstrap.css.map
INFO: [ app_init ] --START--
INFO: Run Behavior\BuildLiteBehavior [ RunTime:0.000018s ]
INFO: [ app_init ] --END-- [ RunTime:0.000313s ]
ERR: 无法加载模块:Application

[ 2017-03-28T17:21:19+08:00 ] 119.253.37.157 /Application/Public/mobile/css/bootstrap.css.map
INFO: [ app_init ] --START--
INFO: Run Behavior\BuildLiteBehavior [ RunTime:0.000012s ]
INFO: [ app_init ] --END-- [ RunTime:0.000239s ]
ERR: 无法加载模块:Application

[ 2017-03-28T17:21:48+08:00 ] 119.253.37.157 /Application/Public/mobile/css/bootstrap.css.map
INFO: [ app_init ] --START--
INFO: Run Behavior\BuildLiteBehavior [ RunTime:0.000012s ]
INFO: [ app_init ] --END-- [ RunTime:0.000291s ]
ERR: 无法加载模块:Application

[ 2017-03-28T17:21:56+08:00 ] 119.253.37.157 /Application/Public/mobile/css/bootstrap.css.map
INFO: [ app_init ] --START--
INFO: Run Behavior\BuildLiteBehavior [ RunTime:0.000014s ]
INFO: [ app_init ] --END-- [ RunTime:0.000253s ]
ERR: 无法加载模块:Application

[ 2017-03-28T17:22:02+08:00 ] 119.253.37.157 /Application/Public/mobile/css/bootstrap.css.map
INFO: [ app_init ] --START--
INFO: Run Behavior\BuildLiteBehavior [ RunTime:0.000012s ]
INFO: [ app_init ] --END-- [ RunTime:0.000242s ]
ERR: 无法加载模块:Application

[ 2017-03-28T17:22:15+08:00 ] 119.253.37.157 /Application/Public/mobile/css/bootstrap.css.map
INFO: [ app_init ] --START--
INFO: Run Behavior\BuildLiteBehavior [ RunTime:0.000012s ]
INFO: [ app_init ] --END-- [ RunTime:0.000236s ]
ERR: 无法加载模块:Application

[ 2017-03-28T17:23:20+08:00 ] 119.253.37.157 /Application/Public/mobile/css/bootstrap.css.map
INFO: [ app_init ] --START--
INFO: Run Behavior\BuildLiteBehavior [ RunTime:0.000013s ]
INFO: [ app_init ] --END-- [ RunTime:0.000243s ]
ERR: 无法加载模块:Application

[ 2017-03-28T17:25:45+08:00 ] 119.253.37.157 /Application/Public/mobile/css/bootstrap.css.map
INFO: [ app_init ] --START--
INFO: Run Behavior\BuildLiteBehavior [ RunTime:0.000012s ]
INFO: [ app_init ] --END-- [ RunTime:0.000239s ]
ERR: 无法加载模块:Application

[ 2017-03-28T17:25:51+08:00 ] 119.253.37.157 /Application/Public/mobile/css/bootstrap.css.map
INFO: [ app_init ] --START--
INFO: Run Behavior\BuildLiteBehavior [ RunTime:0.000011s ]
INFO: [ app_init ] --END-- [ RunTime:0.000243s ]
ERR: 无法加载模块:Application

[ 2017-03-28T17:25:59+08:00 ] 119.253.37.157 /Application/Public/mobile/css/bootstrap.css.map
INFO: [ app_init ] --START--
INFO: Run Behavior\BuildLiteBehavior [ RunTime:0.000012s ]
INFO: [ app_init ] --END-- [ RunTime:0.000244s ]
ERR: 无法加载模块:Application

[ 2017-03-28T17:45:39+08:00 ] 219.238.82.168 /Application/Public//Application/Public//Application/Public/images/glyphicons-halflings-regular.svg
INFO: [ app_init ] --START--
INFO: Run Behavior\BuildLiteBehavior [ RunTime:0.000016s ]
INFO: [ app_init ] --END-- [ RunTime:0.000284s ]
ERR: 无法加载模块:Application

[ 2017-03-28T17:50:07+08:00 ] 219.238.82.168 /Application/Public//Application/Public//Application/Public/images/glyphicons-halflings-regular.svg
INFO: [ app_init ] --START--
INFO: Run Behavior\BuildLiteBehavior [ RunTime:0.000012s ]
INFO: [ app_init ] --END-- [ RunTime:0.000260s ]
ERR: 无法加载模块:Application

[ 2017-03-28T17:51:32+08:00 ] 219.238.82.168 /Application/Public//Application/Public//Application/Public/images/glyphicons-halflings-regular.svg
INFO: [ app_init ] --START--
INFO: Run Behavior\BuildLiteBehavior [ RunTime:0.000012s ]
INFO: [ app_init ] --END-- [ RunTime:0.000239s ]
ERR: 无法加载模块:Application

[ 2017-03-28T17:52:41+08:00 ] 219.238.82.168 /Application/Public//Application/Public//Application/Public/images/glyphicons-halflings-regular.svg
INFO: [ app_init ] --START--
INFO: Run Behavior\BuildLiteBehavior [ RunTime:0.000017s ]
INFO: [ app_init ] --END-- [ RunTime:0.000369s ]
ERR: 无法加载模块:Application

[ 2017-03-28T17:52:52+08:00 ] 219.238.82.168 /Application/Public//Application/Public//Application/Public/images/glyphicons-halflings-regular.svg
INFO: [ app_init ] --START--
INFO: Run Behavior\BuildLiteBehavior [ RunTime:0.000012s ]
INFO: [ app_init ] --END-- [ RunTime:0.000238s ]
ERR: 无法加载模块:Application

[ 2017-03-28T17:52:57+08:00 ] 219.238.82.168 /Application/Public//Application/Public//Application/Public/images/glyphicons-halflings-regular.svg
INFO: [ app_init ] --START--
INFO: Run Behavior\BuildLiteBehavior [ RunTime:0.000012s ]
INFO: [ app_init ] --END-- [ RunTime:0.000240s ]
ERR: 无法加载模块:Application

[ 2017-03-28T17:53:02+08:00 ] 219.238.82.168 /Application/Public//Application/Public//Application/Public/images/glyphicons-halflings-regular.svg
INFO: [ app_init ] --START--
INFO: Run Behavior\BuildLiteBehavior [ RunTime:0.000012s ]
INFO: [ app_init ] --END-- [ RunTime:0.000242s ]
ERR: 无法加载模块:Application

[ 2017-03-28T17:56:22+08:00 ] 119.253.37.157 /Application/Public//Application/Public//Application/Public/images/glyphicons-halflings-regular.svg
INFO: [ app_init ] --START--
INFO: Run Behavior\BuildLiteBehavior [ RunTime:0.000012s ]
INFO: [ app_init ] --END-- [ RunTime:0.000325s ]
ERR: 无法加载模块:Application

[ 2017-03-28T17:56:42+08:00 ] 119.253.37.157 /Application/Public//Application/Public//Application/Public/images/glyphicons-halflings-regular.svg
INFO: [ app_init ] --START--
INFO: Run Behavior\BuildLiteBehavior [ RunTime:0.000012s ]
INFO: [ app_init ] --END-- [ RunTime:0.000258s ]
ERR: 无法加载模块:Application

[ 2017-03-28T17:56:51+08:00 ] 119.253.37.157 /Application/Public//Application/Public//Application/Public/images/glyphicons-halflings-regular.svg
INFO: [ app_init ] --START--
INFO: Run Behavior\BuildLiteBehavior [ RunTime:0.000014s ]
INFO: [ app_init ] --END-- [ RunTime:0.000365s ]
ERR: 无法加载模块:Application

[ 2017-03-28T17:58:50+08:00 ] 119.253.37.157 /Application/Public//Application/Public//Application/Public/images/glyphicons-halflings-regular.svg
INFO: [ app_init ] --START--
INFO: Run Behavior\BuildLiteBehavior [ RunTime:0.000012s ]
INFO: [ app_init ] --END-- [ RunTime:0.000263s ]
ERR: 无法加载模块:Application

[ 2017-03-28T17:58:59+08:00 ] 119.253.37.157 /Application/Public//Application/Public//Application/Public/images/glyphicons-halflings-regular.svg
INFO: [ app_init ] --START--
INFO: Run Behavior\BuildLiteBehavior [ RunTime:0.000011s ]
INFO: [ app_init ] --END-- [ RunTime:0.000238s ]
ERR: 无法加载模块:Application

[ 2017-03-28T17:59:07+08:00 ] 119.253.37.157 /Application/Public//Application/Public//Application/Public/images/glyphicons-halflings-regular.svg
INFO: [ app_init ] --START--
INFO: Run Behavior\BuildLiteBehavior [ RunTime:0.000012s ]
INFO: [ app_init ] --END-- [ RunTime:0.000256s ]
ERR: 无法加载模块:Application

[ 2017-03-28T18:00:39+08:00 ] 119.253.37.157 /Application/Public//Application/Public//Application/Public/images/glyphicons-halflings-regular.svg
INFO: [ app_init ] --START--
INFO: Run Behavior\BuildLiteBehavior [ RunTime:0.000011s ]
INFO: [ app_init ] --END-- [ RunTime:0.000264s ]
ERR: 无法加载模块:Application

[ 2017-03-28T18:00:52+08:00 ] 119.253.37.157 /Application/Public//Application/Public//Application/Public/images/glyphicons-halflings-regular.svg
INFO: [ app_init ] --START--
INFO: Run Behavior\BuildLiteBehavior [ RunTime:0.000016s ]
INFO: [ app_init ] --END-- [ RunTime:0.000258s ]
ERR: 无法加载模块:Application

[ 2017-03-28T18:00:57+08:00 ] 119.253.37.157 /Application/Public//Application/Public//Application/Public/images/glyphicons-halflings-regular.svg
INFO: [ app_init ] --START--
INFO: Run Behavior\BuildLiteBehavior [ RunTime:0.000012s ]
INFO: [ app_init ] --END-- [ RunTime:0.000256s ]
ERR: 无法加载模块:Application

[ 2017-03-28T18:01:01+08:00 ] 119.253.37.157 /Application/Public//Application/Public//Application/Public/images/glyphicons-halflings-regular.svg
INFO: [ app_init ] --START--
INFO: Run Behavior\BuildLiteBehavior [ RunTime:0.000011s ]
INFO: [ app_init ] --END-- [ RunTime:0.000254s ]
ERR: 无法加载模块:Application

[ 2017-03-28T18:01:14+08:00 ] 119.253.37.157 /Application/Public//Application/Public//Application/Public/images/glyphicons-halflings-regular.svg
INFO: [ app_init ] --START--
INFO: Run Behavior\BuildLiteBehavior [ RunTime:0.000012s ]
INFO: [ app_init ] --END-- [ RunTime:0.000265s ]
ERR: 无法加载模块:Application

[ 2017-03-28T18:04:11+08:00 ] 119.253.37.157 /Application/Public//Application/Public//Application/Public/images/glyphicons-halflings-regular.svg
INFO: [ app_init ] --START--
INFO: Run Behavior\BuildLiteBehavior [ RunTime:0.000012s ]
INFO: [ app_init ] --END-- [ RunTime:0.000247s ]
ERR: 无法加载模块:Application

[ 2017-03-28T18:04:28+08:00 ] 119.253.37.157 /Application/Public//Application/Public//Application/Public/images/glyphicons-halflings-regular.svg
INFO: [ app_init ] --START--
INFO: Run Behavior\BuildLiteBehavior [ RunTime:0.000012s ]
INFO: [ app_init ] --END-- [ RunTime:0.000267s ]
ERR: 无法加载模块:Application

[ 2017-03-28T18:04:50+08:00 ] 119.253.37.157 /Application/Public//Application/Public//Application/Public/images/glyphicons-halflings-regular.svg
INFO: [ app_init ] --START--
INFO: Run Behavior\BuildLiteBehavior [ RunTime:0.000012s ]
INFO: [ app_init ] --END-- [ RunTime:0.000253s ]
ERR: 无法加载模块:Application

[ 2017-03-28T18:12:06+08:00 ] 219.238.82.168 /Application/Public//Application/Public//Application/Public/images/glyphicons-halflings-regular.svg
INFO: [ app_init ] --START--
INFO: Run Behavior\BuildLiteBehavior [ RunTime:0.000012s ]
INFO: [ app_init ] --END-- [ RunTime:0.000246s ]
ERR: 无法加载模块:Application

[ 2017-03-28T18:12:11+08:00 ] 219.238.82.168 /Application/Public//Application/Public//Application/Public/images/glyphicons-halflings-regular.svg
INFO: [ app_init ] --START--
INFO: Run Behavior\BuildLiteBehavior [ RunTime:0.000015s ]
INFO: [ app_init ] --END-- [ RunTime:0.000322s ]
ERR: 无法加载模块:Application

[ 2017-03-28T18:12:14+08:00 ] 219.238.82.168 /Application/Public//Application/Public//Application/Public/images/glyphicons-halflings-regular.svg
INFO: [ app_init ] --START--
INFO: Run Behavior\BuildLiteBehavior [ RunTime:0.000012s ]
INFO: [ app_init ] --END-- [ RunTime:0.000249s ]
ERR: 无法加载模块:Application

[ 2017-03-28T18:15:02+08:00 ] 219.238.82.168 /Application/Public//Application/Public//Application/Public/images/glyphicons-halflings-regular.svg
INFO: [ app_init ] --START--
INFO: Run Behavior\BuildLiteBehavior [ RunTime:0.000012s ]
INFO: [ app_init ] --END-- [ RunTime:0.000257s ]
ERR: 无法加载模块:Application

[ 2017-03-28T18:15:04+08:00 ] 219.238.82.168 /Application/Public//Application/Public//Application/Public/images/glyphicons-halflings-regular.svg
INFO: [ app_init ] --START--
INFO: Run Behavior\BuildLiteBehavior [ RunTime:0.000012s ]
INFO: [ app_init ] --END-- [ RunTime:0.000238s ]
ERR: 无法加载模块:Application

[ 2017-03-28T18:15:05+08:00 ] 219.238.82.168 /Application/Public//Application/Public//Application/Public/images/glyphicons-halflings-regular.svg
INFO: [ app_init ] --START--
INFO: Run Behavior\BuildLiteBehavior [ RunTime:0.000014s ]
INFO: [ app_init ] --END-- [ RunTime:0.000258s ]
ERR: 无法加载模块:Application

[ 2017-03-28T18:15:07+08:00 ] 219.238.82.168 /Application/Public//Application/Public//Application/Public/images/glyphicons-halflings-regular.svg
INFO: [ app_init ] --START--
INFO: Run Behavior\BuildLiteBehavior [ RunTime:0.000012s ]
INFO: [ app_init ] --END-- [ RunTime:0.000264s ]
ERR: 无法加载模块:Application

[ 2017-03-28T18:15:08+08:00 ] 219.238.82.168 /Application/Public//Application/Public//Application/Public/images/glyphicons-halflings-regular.svg
INFO: [ app_init ] --START--
INFO: Run Behavior\BuildLiteBehavior [ RunTime:0.000011s ]
INFO: [ app_init ] --END-- [ RunTime:0.000232s ]
ERR: 无法加载模块:Application

[ 2017-03-28T18:15:09+08:00 ] 219.238.82.168 /Application/Public//Application/Public//Application/Public/images/glyphicons-halflings-regular.svg
INFO: [ app_init ] --START--
INFO: Run Behavior\BuildLiteBehavior [ RunTime:0.000012s ]
INFO: [ app_init ] --END-- [ RunTime:0.000255s ]
ERR: 无法加载模块:Application

[ 2017-03-28T18:15:10+08:00 ] 219.238.82.168 /Application/Public//Application/Public//Application/Public/images/glyphicons-halflings-regular.svg
INFO: [ app_init ] --START--
INFO: Run Behavior\BuildLiteBehavior [ RunTime:0.000017s ]
INFO: [ app_init ] --END-- [ RunTime:0.000262s ]
ERR: 无法加载模块:Application

[ 2017-03-28T18:15:12+08:00 ] 219.238.82.168 /Application/Public//Application/Public//Application/Public/images/glyphicons-halflings-regular.svg
INFO: [ app_init ] --START--
INFO: Run Behavior\BuildLiteBehavior [ RunTime:0.000017s ]
INFO: [ app_init ] --END-- [ RunTime:0.000262s ]
ERR: 无法加载模块:Application

[ 2017-03-28T18:15:13+08:00 ] 219.238.82.168 /Application/Public//Application/Public//Application/Public/images/glyphicons-halflings-regular.svg
INFO: [ app_init ] --START--
INFO: Run Behavior\BuildLiteBehavior [ RunTime:0.000012s ]
INFO: [ app_init ] --END-- [ RunTime:0.000241s ]
ERR: 无法加载模块:Application

