[ 2017-03-29T08:20:50+08:00 ] 119.253.37.157 /favicon.ico
INFO: [ app_init ] --START--
INFO: Run Behavior\BuildLiteBehavior [ RunTime:0.000012s ]
INFO: [ app_init ] --END-- [ RunTime:0.000235s ]
ERR: 无法加载模块:Favicon

[ 2017-03-29T08:20:52+08:00 ] 119.253.37.157 /favicon.ico
INFO: [ app_init ] --START--
INFO: Run Behavior\BuildLiteBehavior [ RunTime:0.000013s ]
INFO: [ app_init ] --END-- [ RunTime:0.000247s ]
ERR: 无法加载模块:Favicon

[ 2017-03-29T08:22:37+08:00 ] 119.253.37.157 /Application/Public//Application/Public//Application/Public/images/glyphicons-halflings-regular.svg
INFO: [ app_init ] --START--
INFO: Run Behavior\BuildLiteBehavior [ RunTime:0.000011s ]
INFO: [ app_init ] --END-- [ RunTime:0.000232s ]
ERR: 无法加载模块:Application

[ 2017-03-29T08:23:54+08:00 ] 119.253.37.157 /Application/Public//Application/Public//Application/Public/images/glyphicons-halflings-regular.svg
INFO: [ app_init ] --START--
INFO: Run Behavior\BuildLiteBehavior [ RunTime:0.000012s ]
INFO: [ app_init ] --END-- [ RunTime:0.000264s ]
ERR: 无法加载模块:Application

[ 2017-03-29T08:24:02+08:00 ] 119.253.37.157 /Application/Public//Application/Public//Application/Public/images/glyphicons-halflings-regular.svg
INFO: [ app_init ] --START--
INFO: Run Behavior\BuildLiteBehavior [ RunTime:0.000012s ]
INFO: [ app_init ] --END-- [ RunTime:0.000250s ]
ERR: 无法加载模块:Application

[ 2017-03-29T08:24:11+08:00 ] 119.253.37.157 /Application/Public//Application/Public//Application/Public/images/glyphicons-halflings-regular.svg
INFO: [ app_init ] --START--
INFO: Run Behavior\BuildLiteBehavior [ RunTime:0.000013s ]
INFO: [ app_init ] --END-- [ RunTime:0.000272s ]
ERR: 无法加载模块:Application

[ 2017-03-29T08:29:23+08:00 ] 211.100.11.181 /favicon.ico
INFO: [ app_init ] --START--
INFO: Run Behavior\BuildLiteBehavior [ RunTime:0.000013s ]
INFO: [ app_init ] --END-- [ RunTime:0.000269s ]
ERR: 无法加载模块:Favicon

[ 2017-03-29T08:29:28+08:00 ] 211.100.11.181 /favicon.ico
INFO: [ app_init ] --START--
INFO: Run Behavior\BuildLiteBehavior [ RunTime:0.000012s ]
INFO: [ app_init ] --END-- [ RunTime:0.000239s ]
ERR: 无法加载模块:Favicon

[ 2017-03-29T08:51:10+08:00 ] 211.100.11.181 /favicon.ico
INFO: [ app_init ] --START--
INFO: Run Behavior\BuildLiteBehavior [ RunTime:0.000012s ]
INFO: [ app_init ] --END-- [ RunTime:0.000239s ]
ERR: 无法加载模块:Favicon

[ 2017-03-29T08:51:17+08:00 ] 211.100.11.181 /favicon.ico
INFO: [ app_init ] --START--
INFO: Run Behavior\BuildLiteBehavior [ RunTime:0.000011s ]
INFO: [ app_init ] --END-- [ RunTime:0.000289s ]
ERR: 无法加载模块:Favicon

[ 2017-03-29T08:57:50+08:00 ] 119.253.37.157 /Application/Public//Application/Public//Application/Public/images/glyphicons-halflings-regular.svg
INFO: [ app_init ] --START--
INFO: Run Behavior\BuildLiteBehavior [ RunTime:0.000012s ]
INFO: [ app_init ] --END-- [ RunTime:0.000245s ]
ERR: 无法加载模块:Application

[ 2017-03-29T09:01:53+08:00 ] 119.253.37.157 /favicon.ico
INFO: [ app_init ] --START--
INFO: Run Behavior\BuildLiteBehavior [ RunTime:0.000011s ]
INFO: [ app_init ] --END-- [ RunTime:0.000239s ]
ERR: 无法加载模块:Favicon

[ 2017-03-29T09:02:44+08:00 ] 119.253.37.157 /Application/Public//Application/Public//Application/Public/images/glyphicons-halflings-regular.svg
INFO: [ app_init ] --START--
INFO: Run Behavior\BuildLiteBehavior [ RunTime:0.000016s ]
INFO: [ app_init ] --END-- [ RunTime:0.000275s ]
ERR: 无法加载模块:Application

[ 2017-03-29T09:03:46+08:00 ] 119.253.37.157 /Application/Public//Application/Public//Application/Public/images/glyphicons-halflings-regular.svg
INFO: [ app_init ] --START--
INFO: Run Behavior\BuildLiteBehavior [ RunTime:0.000013s ]
INFO: [ app_init ] --END-- [ RunTime:0.000247s ]
ERR: 无法加载模块:Application

[ 2017-03-29T09:08:55+08:00 ] 119.253.37.157 /Application/Public//Application/Public//Application/Public/images/glyphicons-halflings-regular.svg
INFO: [ app_init ] --START--
INFO: Run Behavior\BuildLiteBehavior [ RunTime:0.000012s ]
INFO: [ app_init ] --END-- [ RunTime:0.000234s ]
ERR: 无法加载模块:Application

[ 2017-03-29T09:11:42+08:00 ] 119.253.37.157 /Application/Public//Application/Public//Application/Public/images/glyphicons-halflings-regular.svg
INFO: [ app_init ] --START--
INFO: Run Behavior\BuildLiteBehavior [ RunTime:0.000017s ]
INFO: [ app_init ] --END-- [ RunTime:0.000260s ]
ERR: 无法加载模块:Application

[ 2017-03-29T09:17:46+08:00 ] 119.253.37.157 /Application/Public//Application/Public//Application/Public/images/glyphicons-halflings-regular.svg
INFO: [ app_init ] --START--
INFO: Run Behavior\BuildLiteBehavior [ RunTime:0.000012s ]
INFO: [ app_init ] --END-- [ RunTime:0.000278s ]
ERR: 无法加载模块:Application

[ 2017-03-29T09:18:11+08:00 ] 119.253.37.157 /Application/Public//Application/Public//Application/Public/images/glyphicons-halflings-regular.svg
INFO: [ app_init ] --START--
INFO: Run Behavior\BuildLiteBehavior [ RunTime:0.000011s ]
INFO: [ app_init ] --END-- [ RunTime:0.000240s ]
ERR: 无法加载模块:Application

[ 2017-03-29T09:18:32+08:00 ] 119.253.37.157 /Application/Public//Application/Public//Application/Public/images/glyphicons-halflings-regular.svg
INFO: [ app_init ] --START--
INFO: Run Behavior\BuildLiteBehavior [ RunTime:0.000012s ]
INFO: [ app_init ] --END-- [ RunTime:0.000236s ]
ERR: 无法加载模块:Application

[ 2017-03-29T09:18:57+08:00 ] 119.253.37.157 /Application/Public//Application/Public//Application/Public/images/glyphicons-halflings-regular.svg
INFO: [ app_init ] --START--
INFO: Run Behavior\BuildLiteBehavior [ RunTime:0.000011s ]
INFO: [ app_init ] --END-- [ RunTime:0.000234s ]
ERR: 无法加载模块:Application

[ 2017-03-29T09:19:25+08:00 ] 119.253.37.157 /Application/Public//Application/Public//Application/Public/images/glyphicons-halflings-regular.svg
INFO: [ app_init ] --START--
INFO: Run Behavior\BuildLiteBehavior [ RunTime:0.000012s ]
INFO: [ app_init ] --END-- [ RunTime:0.000229s ]
ERR: 无法加载模块:Application

[ 2017-03-29T09:22:10+08:00 ] 119.253.37.157 /Application/Public//Application/Public//Application/Public/images/glyphicons-halflings-regular.svg
INFO: [ app_init ] --START--
INFO: Run Behavior\BuildLiteBehavior [ RunTime:0.000013s ]
INFO: [ app_init ] --END-- [ RunTime:0.000233s ]
ERR: 无法加载模块:Application

[ 2017-03-29T09:30:13+08:00 ] 119.253.37.157 /Application/Public//Application/Public//Application/Public/images/glyphicons-halflings-regular.svg
INFO: [ app_init ] --START--
INFO: Run Behavior\BuildLiteBehavior [ RunTime:0.000017s ]
INFO: [ app_init ] --END-- [ RunTime:0.000354s ]
ERR: 无法加载模块:Application

[ 2017-03-29T09:46:25+08:00 ] 211.100.11.181 /Application/Public//Application/Public//Application/Public/images/glyphicons-halflings-regular.svg
INFO: [ app_init ] --START--
INFO: Run Behavior\BuildLiteBehavior [ RunTime:0.000012s ]
INFO: [ app_init ] --END-- [ RunTime:0.000236s ]
ERR: 无法加载模块:Application

[ 2017-03-29T09:49:55+08:00 ] 211.100.11.181 /Application/Public//Application/Public//Application/Public/images/glyphicons-halflings-regular.svg
INFO: [ app_init ] --START--
INFO: Run Behavior\BuildLiteBehavior [ RunTime:0.000012s ]
INFO: [ app_init ] --END-- [ RunTime:0.000241s ]
ERR: 无法加载模块:Application

[ 2017-03-29T09:58:26+08:00 ] 219.238.82.134 /favicon.ico
INFO: [ app_init ] --START--
INFO: Run Behavior\BuildLiteBehavior [ RunTime:0.000011s ]
INFO: [ app_init ] --END-- [ RunTime:0.000234s ]
ERR: 无法加载模块:Favicon

[ 2017-03-29T09:58:46+08:00 ] 219.238.82.134 /Application/Public//Application/Public//Application/Public/images/glyphicons-halflings-regular.svg
INFO: [ app_init ] --START--
INFO: Run Behavior\BuildLiteBehavior [ RunTime:0.000012s ]
INFO: [ app_init ] --END-- [ RunTime:0.000280s ]
ERR: 无法加载模块:Application

[ 2017-03-29T10:00:45+08:00 ] 119.253.37.157 /Application/Public//Application/Public//Application/Public/images/glyphicons-halflings-regular.svg
INFO: [ app_init ] --START--
INFO: Run Behavior\BuildLiteBehavior [ RunTime:0.000011s ]
INFO: [ app_init ] --END-- [ RunTime:0.000236s ]
ERR: 无法加载模块:Application

[ 2017-03-29T10:35:01+08:00 ] 119.253.37.157 /Application/Public//Application/Public//Application/Public/images/glyphicons-halflings-regular.svg
INFO: [ app_init ] --START--
INFO: Run Behavior\BuildLiteBehavior [ RunTime:0.000013s ]
INFO: [ app_init ] --END-- [ RunTime:0.000288s ]
ERR: 无法加载模块:Application

[ 2017-03-29T10:46:01+08:00 ] 119.253.37.157 /Application/Public//Application/Public//Application/Public/images/glyphicons-halflings-regular.svg
INFO: [ app_init ] --START--
INFO: Run Behavior\BuildLiteBehavior [ RunTime:0.000012s ]
INFO: [ app_init ] --END-- [ RunTime:0.000236s ]
ERR: 无法加载模块:Application

[ 2017-03-29T10:46:59+08:00 ] 119.253.37.157 /Application/Public//Application/Public//Application/Public/images/glyphicons-halflings-regular.svg
INFO: [ app_init ] --START--
INFO: Run Behavior\BuildLiteBehavior [ RunTime:0.000013s ]
INFO: [ app_init ] --END-- [ RunTime:0.000279s ]
ERR: 无法加载模块:Application

[ 2017-03-29T10:47:25+08:00 ] 119.253.37.157 /Application/Public//Application/Public//Application/Public/images/glyphicons-halflings-regular.svg
INFO: [ app_init ] --START--
INFO: Run Behavior\BuildLiteBehavior [ RunTime:0.000013s ]
INFO: [ app_init ] --END-- [ RunTime:0.000306s ]
ERR: 无法加载模块:Application

[ 2017-03-29T10:48:28+08:00 ] 119.253.37.157 /Application/Public//Application/Public//Application/Public/images/glyphicons-halflings-regular.svg
INFO: [ app_init ] --START--
INFO: Run Behavior\BuildLiteBehavior [ RunTime:0.000012s ]
INFO: [ app_init ] --END-- [ RunTime:0.000233s ]
ERR: 无法加载模块:Application

[ 2017-03-29T10:48:59+08:00 ] 119.253.37.157 /Application/Public//Application/Public//Application/Public/images/glyphicons-halflings-regular.svg
INFO: [ app_init ] --START--
INFO: Run Behavior\BuildLiteBehavior [ RunTime:0.000013s ]
INFO: [ app_init ] --END-- [ RunTime:0.000250s ]
ERR: 无法加载模块:Application

[ 2017-03-29T10:49:26+08:00 ] 119.253.37.157 /Application/Public//Application/Public//Application/Public/images/glyphicons-halflings-regular.svg
INFO: [ app_init ] --START--
INFO: Run Behavior\BuildLiteBehavior [ RunTime:0.000012s ]
INFO: [ app_init ] --END-- [ RunTime:0.000235s ]
ERR: 无法加载模块:Application

[ 2017-03-29T10:50:50+08:00 ] 119.253.37.157 /Application/Public//Application/Public//Application/Public/images/glyphicons-halflings-regular.svg
INFO: [ app_init ] --START--
INFO: Run Behavior\BuildLiteBehavior [ RunTime:0.000012s ]
INFO: [ app_init ] --END-- [ RunTime:0.000231s ]
ERR: 无法加载模块:Application

[ 2017-03-29T10:56:14+08:00 ] 119.253.37.157 /Application/Public//Application/Public//Application/Public/images/glyphicons-halflings-regular.svg
INFO: [ app_init ] --START--
INFO: Run Behavior\BuildLiteBehavior [ RunTime:0.000012s ]
INFO: [ app_init ] --END-- [ RunTime:0.000259s ]
ERR: 无法加载模块:Application

[ 2017-03-29T11:06:01+08:00 ] 119.253.37.157 /Application/Public//Application/Public//Application/Public/images/glyphicons-halflings-regular.svg
INFO: [ app_init ] --START--
INFO: Run Behavior\BuildLiteBehavior [ RunTime:0.000013s ]
INFO: [ app_init ] --END-- [ RunTime:0.000295s ]
ERR: 无法加载模块:Application

[ 2017-03-29T11:06:35+08:00 ] 119.253.37.157 /Application/Public//Application/Public//Application/Public/images/glyphicons-halflings-regular.svg
INFO: [ app_init ] --START--
INFO: Run Behavior\BuildLiteBehavior [ RunTime:0.000011s ]
INFO: [ app_init ] --END-- [ RunTime:0.000252s ]
ERR: 无法加载模块:Application

[ 2017-03-29T11:06:50+08:00 ] 119.253.37.157 /Application/Public//Application/Public//Application/Public/images/glyphicons-halflings-regular.svg
INFO: [ app_init ] --START--
INFO: Run Behavior\BuildLiteBehavior [ RunTime:0.000011s ]
INFO: [ app_init ] --END-- [ RunTime:0.000235s ]
ERR: 无法加载模块:Application

[ 2017-03-29T11:11:58+08:00 ] 119.253.37.157 /Application/Public//Application/Public//Application/Public/images/glyphicons-halflings-regular.svg
INFO: [ app_init ] --START--
INFO: Run Behavior\BuildLiteBehavior [ RunTime:0.000014s ]
INFO: [ app_init ] --END-- [ RunTime:0.000269s ]
ERR: 无法加载模块:Application

[ 2017-03-29T11:19:48+08:00 ] 119.253.37.157 /Application/Public//Application/Public//Application/Public/images/glyphicons-halflings-regular.svg
INFO: [ app_init ] --START--
INFO: Run Behavior\BuildLiteBehavior [ RunTime:0.000033s ]
INFO: [ app_init ] --END-- [ RunTime:0.000262s ]
ERR: 无法加载模块:Application

[ 2017-03-29T13:46:19+08:00 ] 211.100.11.181 /favicon.ico
INFO: [ app_init ] --START--
INFO: Run Behavior\BuildLiteBehavior [ RunTime:0.000012s ]
INFO: [ app_init ] --END-- [ RunTime:0.000247s ]
ERR: 无法加载模块:Favicon

[ 2017-03-29T14:04:11+08:00 ] 119.253.37.157 /Application/Public//Application/Public//Application/Public/images/glyphicons-halflings-regular.svg
INFO: [ app_init ] --START--
INFO: Run Behavior\BuildLiteBehavior [ RunTime:0.000012s ]
INFO: [ app_init ] --END-- [ RunTime:0.000253s ]
ERR: 无法加载模块:Application

[ 2017-03-29T14:09:11+08:00 ] 119.253.37.157 /favicon.ico
INFO: [ app_init ] --START--
INFO: Run Behavior\BuildLiteBehavior [ RunTime:0.000012s ]
INFO: [ app_init ] --END-- [ RunTime:0.000253s ]
ERR: 无法加载模块:Favicon

[ 2017-03-29T14:09:25+08:00 ] 119.253.37.157 /Application/Public//Application/Public//Application/Public/images/glyphicons-halflings-regular.svg
INFO: [ app_init ] --START--
INFO: Run Behavior\BuildLiteBehavior [ RunTime:0.000012s ]
INFO: [ app_init ] --END-- [ RunTime:0.000237s ]
ERR: 无法加载模块:Application

[ 2017-03-29T14:11:16+08:00 ] 119.253.37.157 /favicon.ico
INFO: [ app_init ] --START--
INFO: Run Behavior\BuildLiteBehavior [ RunTime:0.000012s ]
INFO: [ app_init ] --END-- [ RunTime:0.000243s ]
ERR: 无法加载模块:Favicon

[ 2017-03-29T16:03:53+08:00 ] 64.74.215.51 /robots.txt
INFO: [ app_init ] --START--
INFO: Run Behavior\BuildLiteBehavior [ RunTime:0.000012s ]
INFO: [ app_init ] --END-- [ RunTime:0.000242s ]
ERR: 无法加载模块:Robots

[ 2017-03-29T17:45:29+08:00 ] 61.148.242.159 /favicon.ico
INFO: [ app_init ] --START--
INFO: Run Behavior\BuildLiteBehavior [ RunTime:0.000012s ]
INFO: [ app_init ] --END-- [ RunTime:0.000289s ]
ERR: 无法加载模块:Favicon

[ 2017-03-29T18:27:28+08:00 ] 223.72.63.148 /favicon.ico
INFO: [ app_init ] --START--
INFO: Run Behavior\BuildLiteBehavior [ RunTime:0.000012s ]
INFO: [ app_init ] --END-- [ RunTime:0.000241s ]
ERR: 无法加载模块:Favicon

[ 2017-03-29T18:27:36+08:00 ] 223.72.63.148 /favicon.ico
INFO: [ app_init ] --START--
INFO: Run Behavior\BuildLiteBehavior [ RunTime:0.000012s ]
INFO: [ app_init ] --END-- [ RunTime:0.000249s ]
ERR: 无法加载模块:Favicon

[ 2017-03-29T18:33:00+08:00 ] 223.72.63.148 /favicon.ico
INFO: [ app_init ] --START--
INFO: Run Behavior\BuildLiteBehavior [ RunTime:0.000018s ]
INFO: [ app_init ] --END-- [ RunTime:0.000343s ]
ERR: 无法加载模块:Favicon

[ 2017-03-29T18:33:06+08:00 ] 223.72.63.148 /favicon.ico
INFO: [ app_init ] --START--
INFO: Run Behavior\BuildLiteBehavior [ RunTime:0.000016s ]
INFO: [ app_init ] --END-- [ RunTime:0.000286s ]
ERR: 无法加载模块:Favicon

[ 2017-03-29T21:06:16+08:00 ] 111.192.67.26 /favicon.ico
INFO: [ app_init ] --START--
INFO: Run Behavior\BuildLiteBehavior [ RunTime:0.000017s ]
INFO: [ app_init ] --END-- [ RunTime:0.000302s ]
ERR: 无法加载模块:Favicon

[ 2017-03-29T21:06:53+08:00 ] 111.192.67.26 /favicon.ico
INFO: [ app_init ] --START--
INFO: Run Behavior\BuildLiteBehavior [ RunTime:0.000013s ]
INFO: [ app_init ] --END-- [ RunTime:0.000277s ]
ERR: 无法加载模块:Favicon

[ 2017-03-29T22:02:33+08:00 ] 218.241.251.237 /favicon.ico
INFO: [ app_init ] --START--
INFO: Run Behavior\BuildLiteBehavior [ RunTime:0.000012s ]
INFO: [ app_init ] --END-- [ RunTime:0.000253s ]
ERR: 无法加载模块:Favicon

