[ 2017-03-06T10:39:08+08:00 ] ::1 /HUITENG/w79_qinghuaci/thinkphp_3.2.3_full/Application/Public//HUITENG/w79_qinghuaci/thinkphp_3.2.3_full/Application/Public/images/glyphicons-halflings-regular.svg
INFO: [ app_init ] --START--
INFO: Run Behavior\BuildLiteBehavior [ RunTime:0.000015s ]
INFO: [ app_init ] --END-- [ RunTime:0.000724s ]
ERR: 无法加载模块:Application

[ 2017-03-06T10:39:33+08:00 ] ::1 /HUITENG/w79_qinghuaci/thinkphp_3.2.3_full/Application/Public//HUITENG/w79_qinghuaci/thinkphp_3.2.3_full/Application/Public//HUITENG/w79_qinghuaci/thinkphp_3.2.3_full/Application/Public/images/glyphicons-halflings-regular.svg
INFO: [ app_init ] --START--
INFO: Run Behavior\BuildLiteBehavior [ RunTime:0.000014s ]
INFO: [ app_init ] --END-- [ RunTime:0.000738s ]
ERR: 无法加载模块:Application

[ 2017-03-06T10:40:19+08:00 ] ::1 /HUITENG/w79_qinghuaci/thinkphp_3.2.3_full/Application/Public//HUITENG/w79_qinghuaci/thinkphp_3.2.3_full/Application/Public//HUITENG/w79_qinghuaci/thinkphp_3.2.3_full/Application/Public/images/glyphicons-halflings-regular.svg
INFO: [ app_init ] --START--
INFO: Run Behavior\BuildLiteBehavior [ RunTime:0.000015s ]
INFO: [ app_init ] --END-- [ RunTime:0.000785s ]
ERR: 无法加载模块:Application

[ 2017-03-06T10:42:51+08:00 ] ::1 /HUITENG/w79_qinghuaci/thinkphp_3.2.3_full/Application/Public//HUITENG/w79_qinghuaci/thinkphp_3.2.3_full/Application/Public//HUITENG/w79_qinghuaci/thinkphp_3.2.3_full/Application/Public/images/glyphicons-halflings-regular.svg
INFO: [ app_init ] --START--
INFO: Run Behavior\BuildLiteBehavior [ RunTime:0.000022s ]
INFO: [ app_init ] --END-- [ RunTime:0.000860s ]
ERR: 无法加载模块:Application

[ 2017-03-06T10:45:39+08:00 ] ::1 /HUITENG/w79_qinghuaci/thinkphp_3.2.3_full/Application/Public//HUITENG/w79_qinghuaci/thinkphp_3.2.3_full/Application/Public//HUITENG/w79_qinghuaci/thinkphp_3.2.3_full/Application/Public/images/glyphicons-halflings-regular.svg
INFO: [ app_init ] --START--
INFO: Run Behavior\BuildLiteBehavior [ RunTime:0.000015s ]
INFO: [ app_init ] --END-- [ RunTime:0.000722s ]
ERR: 无法加载模块:Application

[ 2017-03-06T10:49:38+08:00 ] ::1 /HUITENG/w79_qinghuaci/thinkphp_3.2.3_full/Application/Public//HUITENG/w79_qinghuaci/thinkphp_3.2.3_full/Application/Public//HUITENG/w79_qinghuaci/thinkphp_3.2.3_full/Application/Public/images/glyphicons-halflings-regular.svg
INFO: [ app_init ] --START--
INFO: Run Behavior\BuildLiteBehavior [ RunTime:0.000028s ]
INFO: [ app_init ] --END-- [ RunTime:0.000694s ]
ERR: 无法加载模块:Application

[ 2017-03-06T10:52:16+08:00 ] ::1 /HUITENG/w79_qinghuaci/thinkphp_3.2.3_full/Application/Public//HUITENG/w79_qinghuaci/thinkphp_3.2.3_full/Application/Public//HUITENG/w79_qinghuaci/thinkphp_3.2.3_full/Application/Public/images/glyphicons-halflings-regular.svg
INFO: [ app_init ] --START--
INFO: Run Behavior\BuildLiteBehavior [ RunTime:0.000018s ]
INFO: [ app_init ] --END-- [ RunTime:0.000669s ]
ERR: 无法加载模块:Application

[ 2017-03-06T10:52:28+08:00 ] ::1 /HUITENG/w79_qinghuaci/thinkphp_3.2.3_full/Application/Public//HUITENG/w79_qinghuaci/thinkphp_3.2.3_full/Application/Public//HUITENG/w79_qinghuaci/thinkphp_3.2.3_full/Application/Public/images/glyphicons-halflings-regular.svg
INFO: [ app_init ] --START--
INFO: Run Behavior\BuildLiteBehavior [ RunTime:0.000014s ]
INFO: [ app_init ] --END-- [ RunTime:0.000695s ]
ERR: 无法加载模块:Application

[ 2017-03-06T10:53:25+08:00 ] ::1 /HUITENG/w79_qinghuaci/thinkphp_3.2.3_full/Application/Public//HUITENG/w79_qinghuaci/thinkphp_3.2.3_full/Application/Public//HUITENG/w79_qinghuaci/thinkphp_3.2.3_full/Application/Public/images/glyphicons-halflings-regular.svg
INFO: [ app_init ] --START--
INFO: Run Behavior\BuildLiteBehavior [ RunTime:0.000014s ]
INFO: [ app_init ] --END-- [ RunTime:0.000717s ]
ERR: 无法加载模块:Application

[ 2017-03-06T10:53:58+08:00 ] ::1 /HUITENG/w79_qinghuaci/thinkphp_3.2.3_full/Application/Public//HUITENG/w79_qinghuaci/thinkphp_3.2.3_full/Application/Public//HUITENG/w79_qinghuaci/thinkphp_3.2.3_full/Application/Public/images/glyphicons-halflings-regular.svg
INFO: [ app_init ] --START--
INFO: Run Behavior\BuildLiteBehavior [ RunTime:0.000017s ]
INFO: [ app_init ] --END-- [ RunTime:0.000721s ]
ERR: 无法加载模块:Application

[ 2017-03-06T10:54:51+08:00 ] ::1 /HUITENG/w79_qinghuaci/thinkphp_3.2.3_full/Application/Public//HUITENG/w79_qinghuaci/thinkphp_3.2.3_full/Application/Public//HUITENG/w79_qinghuaci/thinkphp_3.2.3_full/Application/Public/images/glyphicons-halflings-regular.svg
INFO: [ app_init ] --START--
INFO: Run Behavior\BuildLiteBehavior [ RunTime:0.000017s ]
INFO: [ app_init ] --END-- [ RunTime:0.000727s ]
ERR: 无法加载模块:Application

[ 2017-03-06T10:56:49+08:00 ] ::1 /HUITENG/w79_qinghuaci/thinkphp_3.2.3_full/Application/Public//HUITENG/w79_qinghuaci/thinkphp_3.2.3_full/Application/Public//HUITENG/w79_qinghuaci/thinkphp_3.2.3_full/Application/Public/images/glyphicons-halflings-regular.svg
INFO: [ app_init ] --START--
INFO: Run Behavior\BuildLiteBehavior [ RunTime:0.000019s ]
INFO: [ app_init ] --END-- [ RunTime:0.000758s ]
ERR: 无法加载模块:Application

[ 2017-03-06T10:57:29+08:00 ] ::1 /HUITENG/w79_qinghuaci/thinkphp_3.2.3_full/Application/Public//HUITENG/w79_qinghuaci/thinkphp_3.2.3_full/Application/Public//HUITENG/w79_qinghuaci/thinkphp_3.2.3_full/Application/Public/images/glyphicons-halflings-regular.svg
INFO: [ app_init ] --START--
INFO: Run Behavior\BuildLiteBehavior [ RunTime:0.000015s ]
INFO: [ app_init ] --END-- [ RunTime:0.000725s ]
ERR: 无法加载模块:Application

[ 2017-03-06T10:58:05+08:00 ] ::1 /HUITENG/w79_qinghuaci/thinkphp_3.2.3_full/Application/Public//HUITENG/w79_qinghuaci/thinkphp_3.2.3_full/Application/Public//HUITENG/w79_qinghuaci/thinkphp_3.2.3_full/Application/Public/images/glyphicons-halflings-regular.svg
INFO: [ app_init ] --START--
INFO: Run Behavior\BuildLiteBehavior [ RunTime:0.000022s ]
INFO: [ app_init ] --END-- [ RunTime:0.000855s ]
ERR: 无法加载模块:Application

[ 2017-03-06T10:58:47+08:00 ] ::1 /HUITENG/w79_qinghuaci/thinkphp_3.2.3_full/Application/Public//HUITENG/w79_qinghuaci/thinkphp_3.2.3_full/Application/Public//HUITENG/w79_qinghuaci/thinkphp_3.2.3_full/Application/Public/images/glyphicons-halflings-regular.svg
INFO: [ app_init ] --START--
INFO: Run Behavior\BuildLiteBehavior [ RunTime:0.000015s ]
INFO: [ app_init ] --END-- [ RunTime:0.000719s ]
ERR: 无法加载模块:Application

[ 2017-03-06T10:58:56+08:00 ] ::1 /HUITENG/w79_qinghuaci/thinkphp_3.2.3_full/Application/Public//HUITENG/w79_qinghuaci/thinkphp_3.2.3_full/Application/Public//HUITENG/w79_qinghuaci/thinkphp_3.2.3_full/Application/Public/images/glyphicons-halflings-regular.svg
INFO: [ app_init ] --START--
INFO: Run Behavior\BuildLiteBehavior [ RunTime:0.000015s ]
INFO: [ app_init ] --END-- [ RunTime:0.000672s ]
ERR: 无法加载模块:Application

[ 2017-03-06T10:58:59+08:00 ] ::1 /HUITENG/w79_qinghuaci/thinkphp_3.2.3_full/Application/Public//HUITENG/w79_qinghuaci/thinkphp_3.2.3_full/Application/Public//HUITENG/w79_qinghuaci/thinkphp_3.2.3_full/Application/Public/images/glyphicons-halflings-regular.svg
INFO: [ app_init ] --START--
INFO: Run Behavior\BuildLiteBehavior [ RunTime:0.000024s ]
INFO: [ app_init ] --END-- [ RunTime:0.001122s ]
ERR: 无法加载模块:Application

[ 2017-03-06T10:59:21+08:00 ] ::1 /HUITENG/w79_qinghuaci/thinkphp_3.2.3_full/Application/Public//HUITENG/w79_qinghuaci/thinkphp_3.2.3_full/Application/Public//HUITENG/w79_qinghuaci/thinkphp_3.2.3_full/Application/Public/images/glyphicons-halflings-regular.svg
INFO: [ app_init ] --START--
INFO: Run Behavior\BuildLiteBehavior [ RunTime:0.000023s ]
INFO: [ app_init ] --END-- [ RunTime:0.000805s ]
ERR: 无法加载模块:Application

[ 2017-03-06T11:00:05+08:00 ] ::1 /HUITENG/w79_qinghuaci/thinkphp_3.2.3_full/Application/Public//HUITENG/w79_qinghuaci/thinkphp_3.2.3_full/Application/Public//HUITENG/w79_qinghuaci/thinkphp_3.2.3_full/Application/Public/images/glyphicons-halflings-regular.svg
INFO: [ app_init ] --START--
INFO: Run Behavior\BuildLiteBehavior [ RunTime:0.000023s ]
INFO: [ app_init ] --END-- [ RunTime:0.001182s ]
ERR: 无法加载模块:Application

[ 2017-03-06T11:01:03+08:00 ] ::1 /HUITENG/w79_qinghuaci/thinkphp_3.2.3_full/Application/Public//HUITENG/w79_qinghuaci/thinkphp_3.2.3_full/Application/Public//HUITENG/w79_qinghuaci/thinkphp_3.2.3_full/Application/Public/images/glyphicons-halflings-regular.svg
INFO: [ app_init ] --START--
INFO: Run Behavior\BuildLiteBehavior [ RunTime:0.000015s ]
INFO: [ app_init ] --END-- [ RunTime:0.000646s ]
ERR: 无法加载模块:Application

[ 2017-03-06T11:01:17+08:00 ] ::1 /HUITENG/w79_qinghuaci/thinkphp_3.2.3_full/Application/Public//HUITENG/w79_qinghuaci/thinkphp_3.2.3_full/Application/Public//HUITENG/w79_qinghuaci/thinkphp_3.2.3_full/Application/Public/images/glyphicons-halflings-regular.svg
INFO: [ app_init ] --START--
INFO: Run Behavior\BuildLiteBehavior [ RunTime:0.000014s ]
INFO: [ app_init ] --END-- [ RunTime:0.000672s ]
ERR: 无法加载模块:Application

[ 2017-03-06T11:10:10+08:00 ] ::1 /HUITENG/w79_qinghuaci/thinkphp_3.2.3_full/Application/Public//HUITENG/w79_qinghuaci/thinkphp_3.2.3_full/Application/Public//HUITENG/w79_qinghuaci/thinkphp_3.2.3_full/Application/Public/images/glyphicons-halflings-regular.svg
INFO: [ app_init ] --START--
INFO: Run Behavior\BuildLiteBehavior [ RunTime:0.000021s ]
INFO: [ app_init ] --END-- [ RunTime:0.000825s ]
ERR: 无法加载模块:Application

[ 2017-03-06T11:33:28+08:00 ] ::1 /HUITENG/w79_qinghuaci/thinkphp_3.2.3_full/Application/Public//HUITENG/w79_qinghuaci/thinkphp_3.2.3_full/Application/Public//HUITENG/w79_qinghuaci/thinkphp_3.2.3_full/Application/Public/images/glyphicons-halflings-regular.svg
INFO: [ app_init ] --START--
INFO: Run Behavior\BuildLiteBehavior [ RunTime:0.000014s ]
INFO: [ app_init ] --END-- [ RunTime:0.000728s ]
ERR: 无法加载模块:Application

[ 2017-03-06T11:51:55+08:00 ] ::1 /HUITENG/w79_qinghuaci/thinkphp_3.2.3_full/Application/Public//HUITENG/w79_qinghuaci/thinkphp_3.2.3_full/Application/Public//HUITENG/w79_qinghuaci/thinkphp_3.2.3_full/Application/Public/images/glyphicons-halflings-regular.svg
INFO: [ app_init ] --START--
INFO: Run Behavior\BuildLiteBehavior [ RunTime:0.000028s ]
INFO: [ app_init ] --END-- [ RunTime:0.001375s ]
ERR: 无法加载模块:Application

[ 2017-03-06T11:56:05+08:00 ] ::1 /HUITENG/w79_qinghuaci/thinkphp_3.2.3_full/Application/Public//HUITENG/w79_qinghuaci/thinkphp_3.2.3_full/Application/Public//HUITENG/w79_qinghuaci/thinkphp_3.2.3_full/Application/Public/images/glyphicons-halflings-regular.svg
INFO: [ app_init ] --START--
INFO: Run Behavior\BuildLiteBehavior [ RunTime:0.000015s ]
INFO: [ app_init ] --END-- [ RunTime:0.000709s ]
ERR: 无法加载模块:Application

[ 2017-03-06T11:59:14+08:00 ] ::1 /HUITENG/w79_qinghuaci/thinkphp_3.2.3_full/Application/Public//HUITENG/w79_qinghuaci/thinkphp_3.2.3_full/Application/Public//HUITENG/w79_qinghuaci/thinkphp_3.2.3_full/Application/Public/images/glyphicons-halflings-regular.svg
INFO: [ app_init ] --START--
INFO: Run Behavior\BuildLiteBehavior [ RunTime:0.000014s ]
INFO: [ app_init ] --END-- [ RunTime:0.000735s ]
ERR: 无法加载模块:Application

[ 2017-03-06T12:01:20+08:00 ] ::1 /HUITENG/w79_qinghuaci/thinkphp_3.2.3_full/Application/Public//HUITENG/w79_qinghuaci/thinkphp_3.2.3_full/Application/Public//HUITENG/w79_qinghuaci/thinkphp_3.2.3_full/Application/Public/images/glyphicons-halflings-regular.svg
INFO: [ app_init ] --START--
INFO: Run Behavior\BuildLiteBehavior [ RunTime:0.000018s ]
INFO: [ app_init ] --END-- [ RunTime:0.000851s ]
ERR: 无法加载模块:Application

[ 2017-03-06T12:01:23+08:00 ] ::1 /HUITENG/w79_qinghuaci/thinkphp_3.2.3_full/Application/Public//HUITENG/w79_qinghuaci/thinkphp_3.2.3_full/Application/Public//HUITENG/w79_qinghuaci/thinkphp_3.2.3_full/Application/Public/images/glyphicons-halflings-regular.svg
INFO: [ app_init ] --START--
INFO: Run Behavior\BuildLiteBehavior [ RunTime:0.000015s ]
INFO: [ app_init ] --END-- [ RunTime:0.000812s ]
ERR: 无法加载模块:Application

[ 2017-03-06T13:38:57+08:00 ] ::1 /HUITENG/w79_qinghuaci/thinkphp_3.2.3_full/Application/Public//HUITENG/w79_qinghuaci/thinkphp_3.2.3_full/Application/Public//HUITENG/w79_qinghuaci/thinkphp_3.2.3_full/Application/Public/images/glyphicons-halflings-regular.svg
INFO: [ app_init ] --START--
INFO: Run Behavior\BuildLiteBehavior [ RunTime:0.000015s ]
INFO: [ app_init ] --END-- [ RunTime:0.000720s ]
ERR: 无法加载模块:Application

[ 2017-03-06T13:56:28+08:00 ] ::1 /HUITENG/w79_qinghuaci/thinkphp_3.2.3_full/Application/Public//HUITENG/w79_qinghuaci/thinkphp_3.2.3_full/Application/Public//HUITENG/w79_qinghuaci/thinkphp_3.2.3_full/Application/Public/images/glyphicons-halflings-regular.svg
INFO: [ app_init ] --START--
INFO: Run Behavior\BuildLiteBehavior [ RunTime:0.000016s ]
INFO: [ app_init ] --END-- [ RunTime:0.000742s ]
ERR: 无法加载模块:Application

[ 2017-03-06T13:57:13+08:00 ] ::1 /HUITENG/w79_qinghuaci/thinkphp_3.2.3_full/Application/Public//HUITENG/w79_qinghuaci/thinkphp_3.2.3_full/Application/Public//HUITENG/w79_qinghuaci/thinkphp_3.2.3_full/Application/Public/images/glyphicons-halflings-regular.svg
INFO: [ app_init ] --START--
INFO: Run Behavior\BuildLiteBehavior [ RunTime:0.000020s ]
INFO: [ app_init ] --END-- [ RunTime:0.000703s ]
ERR: 无法加载模块:Application

[ 2017-03-06T13:58:40+08:00 ] ::1 /HUITENG/w79_qinghuaci/thinkphp_3.2.3_full/Application/Public//HUITENG/w79_qinghuaci/thinkphp_3.2.3_full/Application/Public//HUITENG/w79_qinghuaci/thinkphp_3.2.3_full/Application/Public/images/glyphicons-halflings-regular.svg
INFO: [ app_init ] --START--
INFO: Run Behavior\BuildLiteBehavior [ RunTime:0.000014s ]
INFO: [ app_init ] --END-- [ RunTime:0.000701s ]
ERR: 无法加载模块:Application

[ 2017-03-06T14:00:19+08:00 ] ::1 /HUITENG/w79_qinghuaci/thinkphp_3.2.3_full/Application/Public//HUITENG/w79_qinghuaci/thinkphp_3.2.3_full/Application/Public//HUITENG/w79_qinghuaci/thinkphp_3.2.3_full/Application/Public/images/glyphicons-halflings-regular.svg
INFO: [ app_init ] --START--
INFO: Run Behavior\BuildLiteBehavior [ RunTime:0.000029s ]
INFO: [ app_init ] --END-- [ RunTime:0.001059s ]
ERR: 无法加载模块:Application

[ 2017-03-06T14:14:49+08:00 ] ::1 /HUITENG/w79_qinghuaci/thinkphp_3.2.3_full/Application/Public//HUITENG/w79_qinghuaci/thinkphp_3.2.3_full/Application/Public//HUITENG/w79_qinghuaci/thinkphp_3.2.3_full/Application/Public/images/glyphicons-halflings-regular.svg
INFO: [ app_init ] --START--
INFO: Run Behavior\BuildLiteBehavior [ RunTime:0.000014s ]
INFO: [ app_init ] --END-- [ RunTime:0.000680s ]
ERR: 无法加载模块:Application

[ 2017-03-06T14:20:59+08:00 ] ::1 /HUITENG/w79_qinghuaci/thinkphp_3.2.3_full/Application/Public//HUITENG/w79_qinghuaci/thinkphp_3.2.3_full/Application/Public//HUITENG/w79_qinghuaci/thinkphp_3.2.3_full/Application/Public/images/glyphicons-halflings-regular.svg
INFO: [ app_init ] --START--
INFO: Run Behavior\BuildLiteBehavior [ RunTime:0.000017s ]
INFO: [ app_init ] --END-- [ RunTime:0.000900s ]
ERR: 无法加载模块:Application

[ 2017-03-06T14:30:25+08:00 ] ::1 /HUITENG/w79_qinghuaci/thinkphp_3.2.3_full/Application/Public//HUITENG/w79_qinghuaci/thinkphp_3.2.3_full/Application/Public//HUITENG/w79_qinghuaci/thinkphp_3.2.3_full/Application/Public/images/glyphicons-halflings-regular.svg
INFO: [ app_init ] --START--
INFO: Run Behavior\BuildLiteBehavior [ RunTime:0.000020s ]
INFO: [ app_init ] --END-- [ RunTime:0.000929s ]
ERR: 无法加载模块:Application

[ 2017-03-06T14:32:03+08:00 ] ::1 /HUITENG/w79_qinghuaci/thinkphp_3.2.3_full/Application/Public//HUITENG/w79_qinghuaci/thinkphp_3.2.3_full/Application/Public//HUITENG/w79_qinghuaci/thinkphp_3.2.3_full/Application/Public/images/glyphicons-halflings-regular.svg
INFO: [ app_init ] --START--
INFO: Run Behavior\BuildLiteBehavior [ RunTime:0.000034s ]
INFO: [ app_init ] --END-- [ RunTime:0.000950s ]
ERR: 无法加载模块:Application

[ 2017-03-06T14:35:44+08:00 ] ::1 /HUITENG/w79_qinghuaci/thinkphp_3.2.3_full/Application/Public//HUITENG/w79_qinghuaci/thinkphp_3.2.3_full/Application/Public//HUITENG/w79_qinghuaci/thinkphp_3.2.3_full/Application/Public/images/glyphicons-halflings-regular.svg
INFO: [ app_init ] --START--
INFO: Run Behavior\BuildLiteBehavior [ RunTime:0.000015s ]
INFO: [ app_init ] --END-- [ RunTime:0.001033s ]
ERR: 无法加载模块:Application

[ 2017-03-06T14:36:26+08:00 ] ::1 /HUITENG/w79_qinghuaci/thinkphp_3.2.3_full/Application/Public//HUITENG/w79_qinghuaci/thinkphp_3.2.3_full/Application/Public//HUITENG/w79_qinghuaci/thinkphp_3.2.3_full/Application/Public/images/glyphicons-halflings-regular.svg
INFO: [ app_init ] --START--
INFO: Run Behavior\BuildLiteBehavior [ RunTime:0.000016s ]
INFO: [ app_init ] --END-- [ RunTime:0.000765s ]
ERR: 无法加载模块:Application

[ 2017-03-06T15:13:24+08:00 ] ::1 /HUITENG/w79_qinghuaci/thinkphp_3.2.3_full/Application/Public//HUITENG/w79_qinghuaci/thinkphp_3.2.3_full/Application/Public//HUITENG/w79_qinghuaci/thinkphp_3.2.3_full/Application/Public/images/glyphicons-halflings-regular.svg
INFO: [ app_init ] --START--
INFO: Run Behavior\BuildLiteBehavior [ RunTime:0.000016s ]
INFO: [ app_init ] --END-- [ RunTime:0.000723s ]
ERR: 无法加载模块:Application

[ 2017-03-06T15:13:48+08:00 ] ::1 /HUITENG/w79_qinghuaci/thinkphp_3.2.3_full/Application/Public//HUITENG/w79_qinghuaci/thinkphp_3.2.3_full/Application/Public//HUITENG/w79_qinghuaci/thinkphp_3.2.3_full/Application/Public/images/glyphicons-halflings-regular.svg
INFO: [ app_init ] --START--
INFO: Run Behavior\BuildLiteBehavior [ RunTime:0.000024s ]
INFO: [ app_init ] --END-- [ RunTime:0.000923s ]
ERR: 无法加载模块:Application

[ 2017-03-06T15:13:58+08:00 ] ::1 /HUITENG/w79_qinghuaci/thinkphp_3.2.3_full/Application/Public//HUITENG/w79_qinghuaci/thinkphp_3.2.3_full/Application/Public//HUITENG/w79_qinghuaci/thinkphp_3.2.3_full/Application/Public/images/glyphicons-halflings-regular.svg
INFO: [ app_init ] --START--
INFO: Run Behavior\BuildLiteBehavior [ RunTime:0.000027s ]
INFO: [ app_init ] --END-- [ RunTime:0.000764s ]
ERR: 无法加载模块:Application

[ 2017-03-06T15:14:13+08:00 ] ::1 /HUITENG/w79_qinghuaci/thinkphp_3.2.3_full/Application/Public//HUITENG/w79_qinghuaci/thinkphp_3.2.3_full/Application/Public//HUITENG/w79_qinghuaci/thinkphp_3.2.3_full/Application/Public/images/glyphicons-halflings-regular.svg
INFO: [ app_init ] --START--
INFO: Run Behavior\BuildLiteBehavior [ RunTime:0.000017s ]
INFO: [ app_init ] --END-- [ RunTime:0.000782s ]
ERR: 无法加载模块:Application

[ 2017-03-06T15:14:29+08:00 ] ::1 /HUITENG/w79_qinghuaci/thinkphp_3.2.3_full/Application/Public//HUITENG/w79_qinghuaci/thinkphp_3.2.3_full/Application/Public//HUITENG/w79_qinghuaci/thinkphp_3.2.3_full/Application/Public/images/glyphicons-halflings-regular.svg
INFO: [ app_init ] --START--
INFO: Run Behavior\BuildLiteBehavior [ RunTime:0.000019s ]
INFO: [ app_init ] --END-- [ RunTime:0.000916s ]
ERR: 无法加载模块:Application

[ 2017-03-06T15:14:46+08:00 ] ::1 /HUITENG/w79_qinghuaci/thinkphp_3.2.3_full/Application/Public//HUITENG/w79_qinghuaci/thinkphp_3.2.3_full/Application/Public//HUITENG/w79_qinghuaci/thinkphp_3.2.3_full/Application/Public/images/glyphicons-halflings-regular.svg
INFO: [ app_init ] --START--
INFO: Run Behavior\BuildLiteBehavior [ RunTime:0.000025s ]
INFO: [ app_init ] --END-- [ RunTime:0.001129s ]
ERR: 无法加载模块:Application

[ 2017-03-06T15:14:51+08:00 ] ::1 /HUITENG/w79_qinghuaci/thinkphp_3.2.3_full/Application/Public//HUITENG/w79_qinghuaci/thinkphp_3.2.3_full/Application/Public//HUITENG/w79_qinghuaci/thinkphp_3.2.3_full/Application/Public/images/glyphicons-halflings-regular.svg
INFO: [ app_init ] --START--
INFO: Run Behavior\BuildLiteBehavior [ RunTime:0.000014s ]
INFO: [ app_init ] --END-- [ RunTime:0.000577s ]
ERR: 无法加载模块:Application

[ 2017-03-06T15:15:20+08:00 ] ::1 /HUITENG/w79_qinghuaci/thinkphp_3.2.3_full/Application/Public//HUITENG/w79_qinghuaci/thinkphp_3.2.3_full/Application/Public//HUITENG/w79_qinghuaci/thinkphp_3.2.3_full/Application/Public/images/glyphicons-halflings-regular.svg
INFO: [ app_init ] --START--
INFO: Run Behavior\BuildLiteBehavior [ RunTime:0.000016s ]
INFO: [ app_init ] --END-- [ RunTime:0.000613s ]
ERR: 无法加载模块:Application

[ 2017-03-06T15:15:32+08:00 ] ::1 /HUITENG/w79_qinghuaci/thinkphp_3.2.3_full/Application/Public//HUITENG/w79_qinghuaci/thinkphp_3.2.3_full/Application/Public//HUITENG/w79_qinghuaci/thinkphp_3.2.3_full/Application/Public/images/glyphicons-halflings-regular.svg
INFO: [ app_init ] --START--
INFO: Run Behavior\BuildLiteBehavior [ RunTime:0.000022s ]
INFO: [ app_init ] --END-- [ RunTime:0.000927s ]
ERR: 无法加载模块:Application

[ 2017-03-06T15:17:08+08:00 ] ::1 /HUITENG/w79_qinghuaci/thinkphp_3.2.3_full/Application/Public//HUITENG/w79_qinghuaci/thinkphp_3.2.3_full/Application/Public//HUITENG/w79_qinghuaci/thinkphp_3.2.3_full/Application/Public/images/glyphicons-halflings-regular.svg
INFO: [ app_init ] --START--
INFO: Run Behavior\BuildLiteBehavior [ RunTime:0.000017s ]
INFO: [ app_init ] --END-- [ RunTime:0.000781s ]
ERR: 无法加载模块:Application

[ 2017-03-06T15:18:25+08:00 ] ::1 /HUITENG/w79_qinghuaci/thinkphp_3.2.3_full/Application/Public//HUITENG/w79_qinghuaci/thinkphp_3.2.3_full/Application/Public//HUITENG/w79_qinghuaci/thinkphp_3.2.3_full/Application/Public/images/glyphicons-halflings-regular.svg
INFO: [ app_init ] --START--
INFO: Run Behavior\BuildLiteBehavior [ RunTime:0.000015s ]
INFO: [ app_init ] --END-- [ RunTime:0.000688s ]
ERR: 无法加载模块:Application

[ 2017-03-06T15:19:38+08:00 ] ::1 /HUITENG/w79_qinghuaci/thinkphp_3.2.3_full/Application/Public//HUITENG/w79_qinghuaci/thinkphp_3.2.3_full/Application/Public//HUITENG/w79_qinghuaci/thinkphp_3.2.3_full/Application/Public/images/glyphicons-halflings-regular.svg
INFO: [ app_init ] --START--
INFO: Run Behavior\BuildLiteBehavior [ RunTime:0.000015s ]
INFO: [ app_init ] --END-- [ RunTime:0.000704s ]
ERR: 无法加载模块:Application

[ 2017-03-06T15:21:08+08:00 ] ::1 /HUITENG/w79_qinghuaci/thinkphp_3.2.3_full/Application/Public//HUITENG/w79_qinghuaci/thinkphp_3.2.3_full/Application/Public//HUITENG/w79_qinghuaci/thinkphp_3.2.3_full/Application/Public/images/glyphicons-halflings-regular.svg
INFO: [ app_init ] --START--
INFO: Run Behavior\BuildLiteBehavior [ RunTime:0.000013s ]
INFO: [ app_init ] --END-- [ RunTime:0.000540s ]
ERR: 无法加载模块:Application

[ 2017-03-06T15:21:10+08:00 ] ::1 /HUITENG/w79_qinghuaci/thinkphp_3.2.3_full/Application/Public//HUITENG/w79_qinghuaci/thinkphp_3.2.3_full/Application/Public//HUITENG/w79_qinghuaci/thinkphp_3.2.3_full/Application/Public/images/glyphicons-halflings-regular.svg
INFO: [ app_init ] --START--
INFO: Run Behavior\BuildLiteBehavior [ RunTime:0.000018s ]
INFO: [ app_init ] --END-- [ RunTime:0.000742s ]
ERR: 无法加载模块:Application

[ 2017-03-06T15:21:12+08:00 ] ::1 /HUITENG/w79_qinghuaci/thinkphp_3.2.3_full/Application/Public//HUITENG/w79_qinghuaci/thinkphp_3.2.3_full/Application/Public//HUITENG/w79_qinghuaci/thinkphp_3.2.3_full/Application/Public/images/glyphicons-halflings-regular.svg
INFO: [ app_init ] --START--
INFO: Run Behavior\BuildLiteBehavior [ RunTime:0.000016s ]
INFO: [ app_init ] --END-- [ RunTime:0.000639s ]
ERR: 无法加载模块:Application

[ 2017-03-06T15:21:14+08:00 ] ::1 /HUITENG/w79_qinghuaci/thinkphp_3.2.3_full/Application/Public//HUITENG/w79_qinghuaci/thinkphp_3.2.3_full/Application/Public//HUITENG/w79_qinghuaci/thinkphp_3.2.3_full/Application/Public/images/glyphicons-halflings-regular.svg
INFO: [ app_init ] --START--
INFO: Run Behavior\BuildLiteBehavior [ RunTime:0.000015s ]
INFO: [ app_init ] --END-- [ RunTime:0.000579s ]
ERR: 无法加载模块:Application

[ 2017-03-06T15:21:15+08:00 ] ::1 /HUITENG/w79_qinghuaci/thinkphp_3.2.3_full/Application/Public//HUITENG/w79_qinghuaci/thinkphp_3.2.3_full/Application/Public//HUITENG/w79_qinghuaci/thinkphp_3.2.3_full/Application/Public/images/glyphicons-halflings-regular.svg
INFO: [ app_init ] --START--
INFO: Run Behavior\BuildLiteBehavior [ RunTime:0.000015s ]
INFO: [ app_init ] --END-- [ RunTime:0.000698s ]
ERR: 无法加载模块:Application

[ 2017-03-06T15:21:16+08:00 ] ::1 /HUITENG/w79_qinghuaci/thinkphp_3.2.3_full/Application/Public//HUITENG/w79_qinghuaci/thinkphp_3.2.3_full/Application/Public//HUITENG/w79_qinghuaci/thinkphp_3.2.3_full/Application/Public/images/glyphicons-halflings-regular.svg
INFO: [ app_init ] --START--
INFO: Run Behavior\BuildLiteBehavior [ RunTime:0.000015s ]
INFO: [ app_init ] --END-- [ RunTime:0.000707s ]
ERR: 无法加载模块:Application

[ 2017-03-06T15:30:58+08:00 ] ::1 /HUITENG/w79_qinghuaci/thinkphp_3.2.3_full/Application/Public//HUITENG/w79_qinghuaci/thinkphp_3.2.3_full/Application/Public//HUITENG/w79_qinghuaci/thinkphp_3.2.3_full/Application/Public/images/glyphicons-halflings-regular.svg
INFO: [ app_init ] --START--
INFO: Run Behavior\BuildLiteBehavior [ RunTime:0.000022s ]
INFO: [ app_init ] --END-- [ RunTime:0.000866s ]
ERR: 无法加载模块:Application

[ 2017-03-06T15:34:58+08:00 ] ::1 /HUITENG/w79_qinghuaci/thinkphp_3.2.3_full/Application/Public//HUITENG/w79_qinghuaci/thinkphp_3.2.3_full/Application/Public//HUITENG/w79_qinghuaci/thinkphp_3.2.3_full/Application/Public/images/glyphicons-halflings-regular.svg
INFO: [ app_init ] --START--
INFO: Run Behavior\BuildLiteBehavior [ RunTime:0.000014s ]
INFO: [ app_init ] --END-- [ RunTime:0.000783s ]
ERR: 无法加载模块:Application

[ 2017-03-06T15:35:50+08:00 ] ::1 /HUITENG/w79_qinghuaci/thinkphp_3.2.3_full/Application/Public//HUITENG/w79_qinghuaci/thinkphp_3.2.3_full/Application/Public//HUITENG/w79_qinghuaci/thinkphp_3.2.3_full/Application/Public/images/glyphicons-halflings-regular.svg
INFO: [ app_init ] --START--
INFO: Run Behavior\BuildLiteBehavior [ RunTime:0.000015s ]
INFO: [ app_init ] --END-- [ RunTime:0.000886s ]
ERR: 无法加载模块:Application

[ 2017-03-06T15:36:43+08:00 ] ::1 /HUITENG/w79_qinghuaci/thinkphp_3.2.3_full/Application/Public//HUITENG/w79_qinghuaci/thinkphp_3.2.3_full/Application/Public//HUITENG/w79_qinghuaci/thinkphp_3.2.3_full/Application/Public/images/glyphicons-halflings-regular.svg
INFO: [ app_init ] --START--
INFO: Run Behavior\BuildLiteBehavior [ RunTime:0.000014s ]
INFO: [ app_init ] --END-- [ RunTime:0.000725s ]
ERR: 无法加载模块:Application

[ 2017-03-06T15:36:47+08:00 ] ::1 /HUITENG/w79_qinghuaci/thinkphp_3.2.3_full/Application/Public//HUITENG/w79_qinghuaci/thinkphp_3.2.3_full/Application/Public//HUITENG/w79_qinghuaci/thinkphp_3.2.3_full/Application/Public/images/glyphicons-halflings-regular.svg
INFO: [ app_init ] --START--
INFO: Run Behavior\BuildLiteBehavior [ RunTime:0.000015s ]
INFO: [ app_init ] --END-- [ RunTime:0.000753s ]
ERR: 无法加载模块:Application

[ 2017-03-06T15:38:40+08:00 ] ::1 /HUITENG/w79_qinghuaci/thinkphp_3.2.3_full/Application/Public//HUITENG/w79_qinghuaci/thinkphp_3.2.3_full/Application/Public//HUITENG/w79_qinghuaci/thinkphp_3.2.3_full/Application/Public/images/glyphicons-halflings-regular.svg
INFO: [ app_init ] --START--
INFO: Run Behavior\BuildLiteBehavior [ RunTime:0.000016s ]
INFO: [ app_init ] --END-- [ RunTime:0.000780s ]
ERR: 无法加载模块:Application

[ 2017-03-06T15:38:43+08:00 ] ::1 /HUITENG/w79_qinghuaci/thinkphp_3.2.3_full/Application/Public//HUITENG/w79_qinghuaci/thinkphp_3.2.3_full/Application/Public//HUITENG/w79_qinghuaci/thinkphp_3.2.3_full/Application/Public/images/glyphicons-halflings-regular.svg
INFO: [ app_init ] --START--
INFO: Run Behavior\BuildLiteBehavior [ RunTime:0.000015s ]
INFO: [ app_init ] --END-- [ RunTime:0.000755s ]
ERR: 无法加载模块:Application

[ 2017-03-06T15:43:36+08:00 ] ::1 /HUITENG/w79_qinghuaci/thinkphp_3.2.3_full/Application/Public//HUITENG/w79_qinghuaci/thinkphp_3.2.3_full/Application/Public//HUITENG/w79_qinghuaci/thinkphp_3.2.3_full/Application/Public/images/glyphicons-halflings-regular.svg
INFO: [ app_init ] --START--
INFO: Run Behavior\BuildLiteBehavior [ RunTime:0.000015s ]
INFO: [ app_init ] --END-- [ RunTime:0.000727s ]
ERR: 无法加载模块:Application

[ 2017-03-06T15:47:34+08:00 ] ::1 /HUITENG/w79_qinghuaci/thinkphp_3.2.3_full/Application/Public//HUITENG/w79_qinghuaci/thinkphp_3.2.3_full/Application/Public//HUITENG/w79_qinghuaci/thinkphp_3.2.3_full/Application/Public/images/glyphicons-halflings-regular.svg
INFO: [ app_init ] --START--
INFO: Run Behavior\BuildLiteBehavior [ RunTime:0.000023s ]
INFO: [ app_init ] --END-- [ RunTime:0.001061s ]
ERR: 无法加载模块:Application

[ 2017-03-06T16:06:33+08:00 ] ::1 /HUITENG/w79_qinghuaci/thinkphp_3.2.3_full/Application/Public//HUITENG/w79_qinghuaci/thinkphp_3.2.3_full/Application/Public//HUITENG/w79_qinghuaci/thinkphp_3.2.3_full/Application/Public/images/glyphicons-halflings-regular.svg
INFO: [ app_init ] --START--
INFO: Run Behavior\BuildLiteBehavior [ RunTime:0.000016s ]
INFO: [ app_init ] --END-- [ RunTime:0.000851s ]
ERR: 无法加载模块:Application

[ 2017-03-06T16:09:53+08:00 ] ::1 /HUITENG/w79_qinghuaci/thinkphp_3.2.3_full/Application/Public//HUITENG/w79_qinghuaci/thinkphp_3.2.3_full/Application/Public//HUITENG/w79_qinghuaci/thinkphp_3.2.3_full/Application/Public/images/glyphicons-halflings-regular.svg
INFO: [ app_init ] --START--
INFO: Run Behavior\BuildLiteBehavior [ RunTime:0.000015s ]
INFO: [ app_init ] --END-- [ RunTime:0.000701s ]
ERR: 无法加载模块:Application

[ 2017-03-06T16:17:50+08:00 ] ::1 /HUITENG/w79_qinghuaci/thinkphp_3.2.3_full/Application/Public//HUITENG/w79_qinghuaci/thinkphp_3.2.3_full/Application/Public//HUITENG/w79_qinghuaci/thinkphp_3.2.3_full/Application/Public/images/glyphicons-halflings-regular.svg
INFO: [ app_init ] --START--
INFO: Run Behavior\BuildLiteBehavior [ RunTime:0.000021s ]
INFO: [ app_init ] --END-- [ RunTime:0.000910s ]
ERR: 无法加载模块:Application

[ 2017-03-06T16:28:00+08:00 ] ::1 /HUITENG/w79_qinghuaci/thinkphp_3.2.3_full/Application/Public//HUITENG/w79_qinghuaci/thinkphp_3.2.3_full/Application/Public//HUITENG/w79_qinghuaci/thinkphp_3.2.3_full/Application/Public/images/glyphicons-halflings-regular.svg
INFO: [ app_init ] --START--
INFO: Run Behavior\BuildLiteBehavior [ RunTime:0.000014s ]
INFO: [ app_init ] --END-- [ RunTime:0.000709s ]
ERR: 无法加载模块:Application

[ 2017-03-06T16:28:34+08:00 ] ::1 /HUITENG/w79_qinghuaci/thinkphp_3.2.3_full/Application/Public//HUITENG/w79_qinghuaci/thinkphp_3.2.3_full/Application/Public//HUITENG/w79_qinghuaci/thinkphp_3.2.3_full/Application/Public/images/glyphicons-halflings-regular.svg
INFO: [ app_init ] --START--
INFO: Run Behavior\BuildLiteBehavior [ RunTime:0.000014s ]
INFO: [ app_init ] --END-- [ RunTime:0.000669s ]
ERR: 无法加载模块:Application

[ 2017-03-06T16:31:39+08:00 ] ::1 /HUITENG/w79_qinghuaci/thinkphp_3.2.3_full/Application/Public//HUITENG/w79_qinghuaci/thinkphp_3.2.3_full/Application/Public//HUITENG/w79_qinghuaci/thinkphp_3.2.3_full/Application/Public/images/glyphicons-halflings-regular.svg
INFO: [ app_init ] --START--
INFO: Run Behavior\BuildLiteBehavior [ RunTime:0.000019s ]
INFO: [ app_init ] --END-- [ RunTime:0.000713s ]
ERR: 无法加载模块:Application

[ 2017-03-06T16:33:13+08:00 ] ::1 /HUITENG/w79_qinghuaci/thinkphp_3.2.3_full/Application/Public//HUITENG/w79_qinghuaci/thinkphp_3.2.3_full/Application/Public//HUITENG/w79_qinghuaci/thinkphp_3.2.3_full/Application/Public/images/glyphicons-halflings-regular.svg
INFO: [ app_init ] --START--
INFO: Run Behavior\BuildLiteBehavior [ RunTime:0.000055s ]
INFO: [ app_init ] --END-- [ RunTime:0.000768s ]
ERR: 无法加载模块:Application

[ 2017-03-06T16:46:46+08:00 ] ::1 /HUITENG/w79_qinghuaci/thinkphp_3.2.3_full/Application/Public//HUITENG/w79_qinghuaci/thinkphp_3.2.3_full/Application/Public//HUITENG/w79_qinghuaci/thinkphp_3.2.3_full/Application/Public/images/glyphicons-halflings-regular.svg
INFO: [ app_init ] --START--
INFO: Run Behavior\BuildLiteBehavior [ RunTime:0.000017s ]
INFO: [ app_init ] --END-- [ RunTime:0.000862s ]
ERR: 无法加载模块:Application

[ 2017-03-06T16:49:12+08:00 ] ::1 /HUITENG/w79_qinghuaci/thinkphp_3.2.3_full/Application/Public//HUITENG/w79_qinghuaci/thinkphp_3.2.3_full/Application/Public//HUITENG/w79_qinghuaci/thinkphp_3.2.3_full/Application/Public/images/glyphicons-halflings-regular.svg
INFO: [ app_init ] --START--
INFO: Run Behavior\BuildLiteBehavior [ RunTime:0.000015s ]
INFO: [ app_init ] --END-- [ RunTime:0.000639s ]
ERR: 无法加载模块:Application

[ 2017-03-06T17:17:14+08:00 ] ::1 /HUITENG/w79_qinghuaci/thinkphp_3.2.3_full/Application/Public//HUITENG/w79_qinghuaci/thinkphp_3.2.3_full/Application/Public//HUITENG/w79_qinghuaci/thinkphp_3.2.3_full/Application/Public/images/glyphicons-halflings-regular.svg
INFO: [ app_init ] --START--
INFO: Run Behavior\BuildLiteBehavior [ RunTime:0.000035s ]
INFO: [ app_init ] --END-- [ RunTime:0.000721s ]
ERR: 无法加载模块:Application

[ 2017-03-06T17:18:03+08:00 ] ::1 /HUITENG/w79_qinghuaci/thinkphp_3.2.3_full/Application/Public//HUITENG/w79_qinghuaci/thinkphp_3.2.3_full/Application/Public//HUITENG/w79_qinghuaci/thinkphp_3.2.3_full/Application/Public/images/glyphicons-halflings-regular.svg
INFO: [ app_init ] --START--
INFO: Run Behavior\BuildLiteBehavior [ RunTime:0.000020s ]
INFO: [ app_init ] --END-- [ RunTime:0.000692s ]
ERR: 无法加载模块:Application

[ 2017-03-06T17:18:36+08:00 ] ::1 /HUITENG/w79_qinghuaci/thinkphp_3.2.3_full/Application/Public//HUITENG/w79_qinghuaci/thinkphp_3.2.3_full/Application/Public//HUITENG/w79_qinghuaci/thinkphp_3.2.3_full/Application/Public/images/glyphicons-halflings-regular.svg
INFO: [ app_init ] --START--
INFO: Run Behavior\BuildLiteBehavior [ RunTime:0.000015s ]
INFO: [ app_init ] --END-- [ RunTime:0.000735s ]
ERR: 无法加载模块:Application

[ 2017-03-06T17:20:24+08:00 ] ::1 /HUITENG/w79_qinghuaci/thinkphp_3.2.3_full/Application/Public//HUITENG/w79_qinghuaci/thinkphp_3.2.3_full/Application/Public//HUITENG/w79_qinghuaci/thinkphp_3.2.3_full/Application/Public/images/glyphicons-halflings-regular.svg
INFO: [ app_init ] --START--
INFO: Run Behavior\BuildLiteBehavior [ RunTime:0.000015s ]
INFO: [ app_init ] --END-- [ RunTime:0.000751s ]
ERR: 无法加载模块:Application

[ 2017-03-06T17:21:02+08:00 ] ::1 /HUITENG/w79_qinghuaci/thinkphp_3.2.3_full/Application/Public//HUITENG/w79_qinghuaci/thinkphp_3.2.3_full/Application/Public//HUITENG/w79_qinghuaci/thinkphp_3.2.3_full/Application/Public/images/glyphicons-halflings-regular.svg
INFO: [ app_init ] --START--
INFO: Run Behavior\BuildLiteBehavior [ RunTime:0.000015s ]
INFO: [ app_init ] --END-- [ RunTime:0.000751s ]
ERR: 无法加载模块:Application

[ 2017-03-06T17:23:12+08:00 ] ::1 /HUITENG/w79_qinghuaci/thinkphp_3.2.3_full/Application/Public//HUITENG/w79_qinghuaci/thinkphp_3.2.3_full/Application/Public//HUITENG/w79_qinghuaci/thinkphp_3.2.3_full/Application/Public/images/glyphicons-halflings-regular.svg
INFO: [ app_init ] --START--
INFO: Run Behavior\BuildLiteBehavior [ RunTime:0.000016s ]
INFO: [ app_init ] --END-- [ RunTime:0.000699s ]
ERR: 无法加载模块:Application

[ 2017-03-06T17:25:44+08:00 ] ::1 /HUITENG/w79_qinghuaci/thinkphp_3.2.3_full/Application/Public//HUITENG/w79_qinghuaci/thinkphp_3.2.3_full/Application/Public//HUITENG/w79_qinghuaci/thinkphp_3.2.3_full/Application/Public/images/glyphicons-halflings-regular.svg
INFO: [ app_init ] --START--
INFO: Run Behavior\BuildLiteBehavior [ RunTime:0.000015s ]
INFO: [ app_init ] --END-- [ RunTime:0.000690s ]
ERR: 无法加载模块:Application

[ 2017-03-06T17:26:33+08:00 ] ::1 /HUITENG/w79_qinghuaci/thinkphp_3.2.3_full/Application/Public//HUITENG/w79_qinghuaci/thinkphp_3.2.3_full/Application/Public//HUITENG/w79_qinghuaci/thinkphp_3.2.3_full/Application/Public/images/glyphicons-halflings-regular.svg
INFO: [ app_init ] --START--
INFO: Run Behavior\BuildLiteBehavior [ RunTime:0.000021s ]
INFO: [ app_init ] --END-- [ RunTime:0.000826s ]
ERR: 无法加载模块:Application

[ 2017-03-06T17:27:05+08:00 ] ::1 /HUITENG/w79_qinghuaci/thinkphp_3.2.3_full/Application/Public//HUITENG/w79_qinghuaci/thinkphp_3.2.3_full/Application/Public//HUITENG/w79_qinghuaci/thinkphp_3.2.3_full/Application/Public/images/glyphicons-halflings-regular.svg
INFO: [ app_init ] --START--
INFO: Run Behavior\BuildLiteBehavior [ RunTime:0.000018s ]
INFO: [ app_init ] --END-- [ RunTime:0.000826s ]
ERR: 无法加载模块:Application

[ 2017-03-06T17:32:39+08:00 ] ::1 /HUITENG/w79_qinghuaci/thinkphp_3.2.3_full/Application/Public//HUITENG/w79_qinghuaci/thinkphp_3.2.3_full/Application/Public//HUITENG/w79_qinghuaci/thinkphp_3.2.3_full/Application/Public/images/glyphicons-halflings-regular.svg
INFO: [ app_init ] --START--
INFO: Run Behavior\BuildLiteBehavior [ RunTime:0.000028s ]
INFO: [ app_init ] --END-- [ RunTime:0.001317s ]
ERR: 无法加载模块:Application

[ 2017-03-06T17:33:37+08:00 ] ::1 /HUITENG/w79_qinghuaci/thinkphp_3.2.3_full/Application/Public//HUITENG/w79_qinghuaci/thinkphp_3.2.3_full/Application/Public//HUITENG/w79_qinghuaci/thinkphp_3.2.3_full/Application/Public/images/glyphicons-halflings-regular.svg
INFO: [ app_init ] --START--
INFO: Run Behavior\BuildLiteBehavior [ RunTime:0.000019s ]
INFO: [ app_init ] --END-- [ RunTime:0.000741s ]
ERR: 无法加载模块:Application

[ 2017-03-06T17:33:52+08:00 ] ::1 /HUITENG/w79_qinghuaci/thinkphp_3.2.3_full/Application/Public//HUITENG/w79_qinghuaci/thinkphp_3.2.3_full/Application/Public//HUITENG/w79_qinghuaci/thinkphp_3.2.3_full/Application/Public/images/glyphicons-halflings-regular.svg
INFO: [ app_init ] --START--
INFO: Run Behavior\BuildLiteBehavior [ RunTime:0.000016s ]
INFO: [ app_init ] --END-- [ RunTime:0.000690s ]
ERR: 无法加载模块:Application

[ 2017-03-06T17:36:44+08:00 ] ::1 /HUITENG/w79_qinghuaci/thinkphp_3.2.3_full/Application/Public//HUITENG/w79_qinghuaci/thinkphp_3.2.3_full/Application/Public//HUITENG/w79_qinghuaci/thinkphp_3.2.3_full/Application/Public/images/glyphicons-halflings-regular.svg
INFO: [ app_init ] --START--
INFO: Run Behavior\BuildLiteBehavior [ RunTime:0.000016s ]
INFO: [ app_init ] --END-- [ RunTime:0.000706s ]
ERR: 无法加载模块:Application

[ 2017-03-06T17:37:44+08:00 ] ::1 /HUITENG/w79_qinghuaci/thinkphp_3.2.3_full/Application/Public//HUITENG/w79_qinghuaci/thinkphp_3.2.3_full/Application/Public//HUITENG/w79_qinghuaci/thinkphp_3.2.3_full/Application/Public/images/glyphicons-halflings-regular.svg
INFO: [ app_init ] --START--
INFO: Run Behavior\BuildLiteBehavior [ RunTime:0.000031s ]
INFO: [ app_init ] --END-- [ RunTime:0.000600s ]
ERR: 无法加载模块:Application

[ 2017-03-06T17:38:32+08:00 ] ::1 /HUITENG/w79_qinghuaci/thinkphp_3.2.3_full/Application/Public//HUITENG/w79_qinghuaci/thinkphp_3.2.3_full/Application/Public//HUITENG/w79_qinghuaci/thinkphp_3.2.3_full/Application/Public/images/glyphicons-halflings-regular.svg
INFO: [ app_init ] --START--
INFO: Run Behavior\BuildLiteBehavior [ RunTime:0.000017s ]
INFO: [ app_init ] --END-- [ RunTime:0.000790s ]
ERR: 无法加载模块:Application

[ 2017-03-06T17:38:50+08:00 ] ::1 /HUITENG/w79_qinghuaci/thinkphp_3.2.3_full/Application/Public//HUITENG/w79_qinghuaci/thinkphp_3.2.3_full/Application/Public//HUITENG/w79_qinghuaci/thinkphp_3.2.3_full/Application/Public/images/glyphicons-halflings-regular.svg
INFO: [ app_init ] --START--
INFO: Run Behavior\BuildLiteBehavior [ RunTime:0.000016s ]
INFO: [ app_init ] --END-- [ RunTime:0.000698s ]
ERR: 无法加载模块:Application

[ 2017-03-06T17:38:52+08:00 ] ::1 /HUITENG/w79_qinghuaci/thinkphp_3.2.3_full/Application/Public//HUITENG/w79_qinghuaci/thinkphp_3.2.3_full/Application/Public//HUITENG/w79_qinghuaci/thinkphp_3.2.3_full/Application/Public/images/glyphicons-halflings-regular.svg
INFO: [ app_init ] --START--
INFO: Run Behavior\BuildLiteBehavior [ RunTime:0.000014s ]
INFO: [ app_init ] --END-- [ RunTime:0.000711s ]
ERR: 无法加载模块:Application

[ 2017-03-06T17:38:53+08:00 ] ::1 /HUITENG/w79_qinghuaci/thinkphp_3.2.3_full/Application/Public//HUITENG/w79_qinghuaci/thinkphp_3.2.3_full/Application/Public//HUITENG/w79_qinghuaci/thinkphp_3.2.3_full/Application/Public/images/glyphicons-halflings-regular.svg
INFO: [ app_init ] --START--
INFO: Run Behavior\BuildLiteBehavior [ RunTime:0.000017s ]
INFO: [ app_init ] --END-- [ RunTime:0.000812s ]
ERR: 无法加载模块:Application

[ 2017-03-06T17:38:59+08:00 ] ::1 /HUITENG/w79_qinghuaci/thinkphp_3.2.3_full/Application/Public//HUITENG/w79_qinghuaci/thinkphp_3.2.3_full/Application/Public//HUITENG/w79_qinghuaci/thinkphp_3.2.3_full/Application/Public/images/glyphicons-halflings-regular.svg
INFO: [ app_init ] --START--
INFO: Run Behavior\BuildLiteBehavior [ RunTime:0.000014s ]
INFO: [ app_init ] --END-- [ RunTime:0.000705s ]
ERR: 无法加载模块:Application

[ 2017-03-06T17:39:03+08:00 ] ::1 /HUITENG/w79_qinghuaci/thinkphp_3.2.3_full/Application/Public//HUITENG/w79_qinghuaci/thinkphp_3.2.3_full/Application/Public//HUITENG/w79_qinghuaci/thinkphp_3.2.3_full/Application/Public/images/glyphicons-halflings-regular.svg
INFO: [ app_init ] --START--
INFO: Run Behavior\BuildLiteBehavior [ RunTime:0.000017s ]
INFO: [ app_init ] --END-- [ RunTime:0.000661s ]
ERR: 无法加载模块:Application

[ 2017-03-06T17:39:04+08:00 ] ::1 /HUITENG/w79_qinghuaci/thinkphp_3.2.3_full/Application/Public//HUITENG/w79_qinghuaci/thinkphp_3.2.3_full/Application/Public//HUITENG/w79_qinghuaci/thinkphp_3.2.3_full/Application/Public/images/glyphicons-halflings-regular.svg
INFO: [ app_init ] --START--
INFO: Run Behavior\BuildLiteBehavior [ RunTime:0.000017s ]
INFO: [ app_init ] --END-- [ RunTime:0.001253s ]
ERR: 无法加载模块:Application

[ 2017-03-06T17:41:32+08:00 ] ::1 /HUITENG/w79_qinghuaci/thinkphp_3.2.3_full/Application/Public//HUITENG/w79_qinghuaci/thinkphp_3.2.3_full/Application/Public//HUITENG/w79_qinghuaci/thinkphp_3.2.3_full/Application/Public/images/glyphicons-halflings-regular.svg
INFO: [ app_init ] --START--
INFO: Run Behavior\BuildLiteBehavior [ RunTime:0.000015s ]
INFO: [ app_init ] --END-- [ RunTime:0.000728s ]
ERR: 无法加载模块:Application

[ 2017-03-06T17:41:35+08:00 ] ::1 /HUITENG/w79_qinghuaci/thinkphp_3.2.3_full/Application/Public//HUITENG/w79_qinghuaci/thinkphp_3.2.3_full/Application/Public//HUITENG/w79_qinghuaci/thinkphp_3.2.3_full/Application/Public/images/glyphicons-halflings-regular.svg
INFO: [ app_init ] --START--
INFO: Run Behavior\BuildLiteBehavior [ RunTime:0.000015s ]
INFO: [ app_init ] --END-- [ RunTime:0.000620s ]
ERR: 无法加载模块:Application

[ 2017-03-06T17:41:58+08:00 ] ::1 /HUITENG/w79_qinghuaci/thinkphp_3.2.3_full/Application/Public//HUITENG/w79_qinghuaci/thinkphp_3.2.3_full/Application/Public//HUITENG/w79_qinghuaci/thinkphp_3.2.3_full/Application/Public/images/glyphicons-halflings-regular.svg
INFO: [ app_init ] --START--
INFO: Run Behavior\BuildLiteBehavior [ RunTime:0.000014s ]
INFO: [ app_init ] --END-- [ RunTime:0.000757s ]
ERR: 无法加载模块:Application

[ 2017-03-06T17:42:00+08:00 ] ::1 /HUITENG/w79_qinghuaci/thinkphp_3.2.3_full/Application/Public//HUITENG/w79_qinghuaci/thinkphp_3.2.3_full/Application/Public//HUITENG/w79_qinghuaci/thinkphp_3.2.3_full/Application/Public/images/glyphicons-halflings-regular.svg
INFO: [ app_init ] --START--
INFO: Run Behavior\BuildLiteBehavior [ RunTime:0.000014s ]
INFO: [ app_init ] --END-- [ RunTime:0.000579s ]
ERR: 无法加载模块:Application

[ 2017-03-06T17:42:54+08:00 ] ::1 /HUITENG/w79_qinghuaci/thinkphp_3.2.3_full/Application/Public//HUITENG/w79_qinghuaci/thinkphp_3.2.3_full/Application/Public//HUITENG/w79_qinghuaci/thinkphp_3.2.3_full/Application/Public/images/glyphicons-halflings-regular.svg
INFO: [ app_init ] --START--
INFO: Run Behavior\BuildLiteBehavior [ RunTime:0.000029s ]
INFO: [ app_init ] --END-- [ RunTime:0.000904s ]
ERR: 无法加载模块:Application

[ 2017-03-06T17:42:57+08:00 ] ::1 /HUITENG/w79_qinghuaci/thinkphp_3.2.3_full/Application/Public//HUITENG/w79_qinghuaci/thinkphp_3.2.3_full/Application/Public//HUITENG/w79_qinghuaci/thinkphp_3.2.3_full/Application/Public/images/glyphicons-halflings-regular.svg
INFO: [ app_init ] --START--
INFO: Run Behavior\BuildLiteBehavior [ RunTime:0.000014s ]
INFO: [ app_init ] --END-- [ RunTime:0.000624s ]
ERR: 无法加载模块:Application

[ 2017-03-06T17:43:08+08:00 ] ::1 /HUITENG/w79_qinghuaci/thinkphp_3.2.3_full/Application/Public//HUITENG/w79_qinghuaci/thinkphp_3.2.3_full/Application/Public//HUITENG/w79_qinghuaci/thinkphp_3.2.3_full/Application/Public/images/glyphicons-halflings-regular.svg
INFO: [ app_init ] --START--
INFO: Run Behavior\BuildLiteBehavior [ RunTime:0.000015s ]
INFO: [ app_init ] --END-- [ RunTime:0.000721s ]
ERR: 无法加载模块:Application

[ 2017-03-06T17:43:42+08:00 ] ::1 /HUITENG/w79_qinghuaci/thinkphp_3.2.3_full/Application/Public//HUITENG/w79_qinghuaci/thinkphp_3.2.3_full/Application/Public//HUITENG/w79_qinghuaci/thinkphp_3.2.3_full/Application/Public/images/glyphicons-halflings-regular.svg
INFO: [ app_init ] --START--
INFO: Run Behavior\BuildLiteBehavior [ RunTime:0.000015s ]
INFO: [ app_init ] --END-- [ RunTime:0.000796s ]
ERR: 无法加载模块:Application

[ 2017-03-06T18:03:21+08:00 ] ::1 /HUITENG/w79_qinghuaci/thinkphp_3.2.3_full/Application/Public//HUITENG/w79_qinghuaci/thinkphp_3.2.3_full/Application/Public//HUITENG/w79_qinghuaci/thinkphp_3.2.3_full/Application/Public/images/glyphicons-halflings-regular.svg
INFO: [ app_init ] --START--
INFO: Run Behavior\BuildLiteBehavior [ RunTime:0.000016s ]
INFO: [ app_init ] --END-- [ RunTime:0.000909s ]
ERR: 无法加载模块:Application

