[ 2017-03-08T09:15:57+08:00 ] ::1 /HUITENG/w79_qinghuaci/thinkphp_3.2.3_full/Application/Public//HUITENG/w79_qinghuaci/thinkphp_3.2.3_full/Application/Public//HUITENG/w79_qinghuaci/thinkphp_3.2.3_full/Application/Public/images/glyphicons-halflings-regular.svg
INFO: [ app_init ] --START--
INFO: Run Behavior\BuildLiteBehavior [ RunTime:0.000014s ]
INFO: [ app_init ] --END-- [ RunTime:0.000777s ]
ERR: 无法加载模块:Application

[ 2017-03-08T09:16:22+08:00 ] ::1 /HUITENG/w79_qinghuaci/thinkphp_3.2.3_full/Application/Public//HUITENG/w79_qinghuaci/thinkphp_3.2.3_full/Application/Public//HUITENG/w79_qinghuaci/thinkphp_3.2.3_full/Application/Public/images/glyphicons-halflings-regular.svg
INFO: [ app_init ] --START--
INFO: Run Behavior\BuildLiteBehavior [ RunTime:0.000016s ]
INFO: [ app_init ] --END-- [ RunTime:0.000697s ]
ERR: 无法加载模块:Application

[ 2017-03-08T11:08:35+08:00 ] ::1 /HUITENG/w79_qinghuaci/thinkphp_3.2.3_full/Application/Public//HUITENG/w79_qinghuaci/thinkphp_3.2.3_full/Application/Public//HUITENG/w79_qinghuaci/thinkphp_3.2.3_full/Application/Public/images/glyphicons-halflings-regular.svg
INFO: [ app_init ] --START--
INFO: Run Behavior\BuildLiteBehavior [ RunTime:0.000073s ]
INFO: [ app_init ] --END-- [ RunTime:0.001489s ]
ERR: 无法加载模块:Application

[ 2017-03-08T14:25:40+08:00 ] 127.0.0.1 /favicon.ico
INFO: [ app_init ] --START--
INFO: Run Behavior\BuildLiteBehavior [ RunTime:0.000014s ]
INFO: [ app_init ] --END-- [ RunTime:0.000793s ]
ERR: 无法加载模块:Favicon

[ 2017-03-08T14:29:23+08:00 ] 127.0.0.1 /assets/images/c.jpg
INFO: [ app_init ] --START--
INFO: Run Behavior\BuildLiteBehavior [ RunTime:0.000023s ]
INFO: [ app_init ] --END-- [ RunTime:0.000896s ]
ERR: 无法加载模块:Assets

[ 2017-03-08T14:29:23+08:00 ] 127.0.0.1 /fonts/font-icons.woff
INFO: [ app_init ] --START--
INFO: Run Behavior\BuildLiteBehavior [ RunTime:0.000023s ]
INFO: [ app_init ] --END-- [ RunTime:0.001071s ]
ERR: 无法加载模块:Fonts

[ 2017-03-08T14:29:23+08:00 ] 127.0.0.1 /images/world-map.png
INFO: [ app_init ] --START--
INFO: Run Behavior\BuildLiteBehavior [ RunTime:0.000024s ]
INFO: [ app_init ] --END-- [ RunTime:0.002740s ]
ERR: 无法加载模块:Images

[ 2017-03-08T14:29:23+08:00 ] 127.0.0.1 /images/footer_sprite.png
INFO: [ app_init ] --START--
INFO: Run Behavior\BuildLiteBehavior [ RunTime:0.000022s ]
INFO: [ app_init ] --END-- [ RunTime:0.000782s ]
ERR: 无法加载模块:Images

[ 2017-03-08T14:29:23+08:00 ] 127.0.0.1 /assets/images/m.jpg
INFO: [ app_init ] --START--
INFO: Run Behavior\BuildLiteBehavior [ RunTime:0.000048s ]
INFO: [ app_init ] --END-- [ RunTime:0.003742s ]
ERR: 无法加载模块:Assets

[ 2017-03-08T14:29:23+08:00 ] 127.0.0.1 /fonts/font-icons.ttf
INFO: [ app_init ] --START--
INFO: Run Behavior\BuildLiteBehavior [ RunTime:0.000019s ]
INFO: [ app_init ] --END-- [ RunTime:0.000779s ]
ERR: 无法加载模块:Fonts

[ 2017-03-08T14:29:23+08:00 ] 127.0.0.1 /assets/plugins/smoothscroll.js
INFO: [ app_init ] --START--
INFO: Run Behavior\BuildLiteBehavior [ RunTime:0.000020s ]
INFO: [ app_init ] --END-- [ RunTime:0.000788s ]
ERR: 无法加载模块:Assets

[ 2017-03-08T14:29:23+08:00 ] 127.0.0.1 /assets/images/j.jpg
INFO: [ app_init ] --START--
INFO: Run Behavior\BuildLiteBehavior [ RunTime:0.000025s ]
INFO: [ app_init ] --END-- [ RunTime:0.001604s ]
ERR: 无法加载模块:Assets

[ 2017-03-08T14:29:23+08:00 ] 127.0.0.1 /assets/plugins/bootstrap/js/bootstrap.min.js
INFO: [ app_init ] --START--
INFO: Run Behavior\BuildLiteBehavior [ RunTime:0.000027s ]
INFO: [ app_init ] --END-- [ RunTime:0.001351s ]
ERR: 无法加载模块:Assets

[ 2017-03-08T15:07:02+08:00 ] 127.0.0.1 /assets/images/m.jpg
INFO: [ app_init ] --START--
INFO: Run Behavior\BuildLiteBehavior [ RunTime:0.000023s ]
INFO: [ app_init ] --END-- [ RunTime:0.000910s ]
ERR: 无法加载模块:Assets

[ 2017-03-08T15:07:02+08:00 ] 127.0.0.1 /fonts/font-icons.woff
INFO: [ app_init ] --START--
INFO: Run Behavior\BuildLiteBehavior [ RunTime:0.000020s ]
INFO: [ app_init ] --END-- [ RunTime:0.001446s ]
ERR: 无法加载模块:Fonts



[ 2017-03-08T15:07:02+08:00 ] 127.0.0.1 /assets/plugins/bootstrap/js/bootstrap.min.js
INFO: [ app_init ] --START--
INFO: Run Behavior\BuildLiteBehavior [ RunTime:0.000026s ]
INFO: [ app_init ] --END-- [ RunTime:0.000990s ]
ERR: 无法加载模块:Assets

[ 2017-03-08T15:07:02+08:00 ] 127.0.0.1 /fonts/font-icons.ttf
INFO: [ app_init ] --START--
INFO: Run Behavior\BuildLiteBehavior [ RunTime:0.000016s ]
INFO: [ app_init ] --END-- [ RunTime:0.000750s ]
ERR: 无法加载模块:Fonts

[ 2017-03-08T15:07:02+08:00 ] 127.0.0.1 /assets/plugins/smoothscroll.js
INFO: [ app_init ] --START--
INFO: Run Behavior\BuildLiteBehavior [ RunTime:0.000021s ]
INFO: [ app_init ] --END-- [ RunTime:0.000891s ]
ERR: 无法加载模块:Assets

[ 2017-03-08T15:08:59+08:00 ] 127.0.0.1 /img/getdetail
INFO: [ app_init ] --START--
INFO: Run Behavior\BuildLiteBehavior [ RunTime:0.000014s ]
INFO: [ app_init ] --END-- [ RunTime:0.000699s ]
ERR: 无法加载模块:Img

[ 2017-03-08T15:09:08+08:00 ] 127.0.0.1 /img/getdetail
INFO: [ app_init ] --START--
INFO: Run Behavior\BuildLiteBehavior [ RunTime:0.000014s ]
INFO: [ app_init ] --END-- [ RunTime:0.000748s ]
ERR: 无法加载模块:Img

[ 2017-03-08T15:11:38+08:00 ] 127.0.0.1 /img/getdetail
INFO: [ app_init ] --START--
INFO: Run Behavior\BuildLiteBehavior [ RunTime:0.000015s ]
INFO: [ app_init ] --END-- [ RunTime:0.000780s ]
ERR: 无法加载模块:Img

[ 2017-03-08T15:11:39+08:00 ] 127.0.0.1 /img/getdetail
INFO: [ app_init ] --START--
INFO: Run Behavior\BuildLiteBehavior [ RunTime:0.000016s ]
INFO: [ app_init ] --END-- [ RunTime:0.000702s ]
ERR: 无法加载模块:Img

[ 2017-03-08T15:11:43+08:00 ] 127.0.0.1 /images/world-map.png
INFO: [ app_init ] --START--
INFO: Run Behavior\BuildLiteBehavior [ RunTime:0.000022s ]
INFO: [ app_init ] --END-- [ RunTime:0.000809s ]
ERR: 无法加载模块:Images

[ 2017-03-08T15:11:43+08:00 ] 127.0.0.1 /assets/images/j.jpg
INFO: [ app_init ] --START--
INFO: Run Behavior\BuildLiteBehavior [ RunTime:0.000020s ]
INFO: [ app_init ] --END-- [ RunTime:0.000854s ]
ERR: 无法加载模块:Assets

[ 2017-03-08T15:11:43+08:00 ] 127.0.0.1 /assets/images/m.jpg
INFO: [ app_init ] --START--
INFO: Run Behavior\BuildLiteBehavior [ RunTime:0.000023s ]
INFO: [ app_init ] --END-- [ RunTime:0.001627s ]
ERR: 无法加载模块:Assets

[ 2017-03-08T15:11:43+08:00 ] 127.0.0.1 /assets/images/c.jpg
INFO: [ app_init ] --START--
INFO: Run Behavior\BuildLiteBehavior [ RunTime:0.000023s ]
INFO: [ app_init ] --END-- [ RunTime:0.001014s ]
ERR: 无法加载模块:Assets

[ 2017-03-08T15:11:43+08:00 ] 127.0.0.1 /images/footer_sprite.png
INFO: [ app_init ] --START--
INFO: Run Behavior\BuildLiteBehavior [ RunTime:0.000024s ]
INFO: [ app_init ] --END-- [ RunTime:0.000980s ]
ERR: 无法加载模块:Images

[ 2017-03-08T15:11:43+08:00 ] 127.0.0.1 /fonts/font-icons.woff
INFO: [ app_init ] --START--
INFO: Run Behavior\BuildLiteBehavior [ RunTime:0.000027s ]
INFO: [ app_init ] --END-- [ RunTime:0.001059s ]
ERR: 无法加载模块:Fonts

[ 2017-03-08T15:11:43+08:00 ] 127.0.0.1 /assets/plugins/bootstrap/js/bootstrap.min.js
INFO: [ app_init ] --START--
INFO: Run Behavior\BuildLiteBehavior [ RunTime:0.000015s ]
INFO: [ app_init ] --END-- [ RunTime:0.000567s ]
ERR: 无法加载模块:Assets

[ 2017-03-08T15:11:43+08:00 ] 127.0.0.1 /assets/plugins/smoothscroll.js
INFO: [ app_init ] --START--
INFO: Run Behavior\BuildLiteBehavior [ RunTime:0.000028s ]
INFO: [ app_init ] --END-- [ RunTime:0.001222s ]
ERR: 无法加载模块:Assets

[ 2017-03-08T15:11:43+08:00 ] 127.0.0.1 /fonts/font-icons.ttf
INFO: [ app_init ] --START--
INFO: Run Behavior\BuildLiteBehavior [ RunTime:0.000036s ]
INFO: [ app_init ] --END-- [ RunTime:0.001115s ]
ERR: 无法加载模块:Fonts

[ 2017-03-08T15:11:57+08:00 ] 127.0.0.1 /img/getdetail
INFO: [ app_init ] --START--
INFO: Run Behavior\BuildLiteBehavior [ RunTime:0.000015s ]
INFO: [ app_init ] --END-- [ RunTime:0.000716s ]
ERR: 无法加载模块:Img

[ 2017-03-08T15:19:33+08:00 ] 127.0.0.1 /assets/images/j.jpg
INFO: [ app_init ] --START--
INFO: Run Behavior\BuildLiteBehavior [ RunTime:0.000027s ]
INFO: [ app_init ] --END-- [ RunTime:0.001037s ]
ERR: 无法加载模块:Assets

[ 2017-03-08T15:19:33+08:00 ] 127.0.0.1 /images/world-map.png
INFO: [ app_init ] --START--
INFO: Run Behavior\BuildLiteBehavior [ RunTime:0.000030s ]
INFO: [ app_init ] --END-- [ RunTime:0.000796s ]
ERR: 无法加载模块:Images

[ 2017-03-08T15:19:33+08:00 ] 127.0.0.1 /fonts/font-icons.woff
INFO: [ app_init ] --START--
INFO: Run Behavior\BuildLiteBehavior [ RunTime:0.000024s ]
INFO: [ app_init ] --END-- [ RunTime:0.001185s ]
ERR: 无法加载模块:Fonts

[ 2017-03-08T15:19:33+08:00 ] 127.0.0.1 /images/footer_sprite.png
INFO: [ app_init ] --START--
INFO: Run Behavior\BuildLiteBehavior [ RunTime:0.000024s ]
INFO: [ app_init ] --END-- [ RunTime:0.001239s ]
ERR: 无法加载模块:Images

[ 2017-03-08T15:19:33+08:00 ] 127.0.0.1 /assets/images/c.jpg
INFO: [ app_init ] --START--
INFO: Run Behavior\BuildLiteBehavior [ RunTime:0.000023s ]
INFO: [ app_init ] --END-- [ RunTime:0.001181s ]
ERR: 无法加载模块:Assets

[ 2017-03-08T15:19:34+08:00 ] 127.0.0.1 /assets/images/m.jpg
INFO: [ app_init ] --START--
INFO: Run Behavior\BuildLiteBehavior [ RunTime:0.000527s ]
INFO: [ app_init ] --END-- [ RunTime:0.003352s ]
ERR: 无法加载模块:Assets

[ 2017-03-08T15:19:34+08:00 ] 127.0.0.1 /fonts/font-icons.ttf
INFO: [ app_init ] --START--
INFO: Run Behavior\BuildLiteBehavior [ RunTime:0.000022s ]
INFO: [ app_init ] --END-- [ RunTime:0.000879s ]
ERR: 无法加载模块:Fonts

[ 2017-03-08T15:19:34+08:00 ] 127.0.0.1 /assets/plugins/bootstrap/js/bootstrap.min.js
INFO: [ app_init ] --START--
INFO: Run Behavior\BuildLiteBehavior [ RunTime:0.000024s ]
INFO: [ app_init ] --END-- [ RunTime:0.003910s ]
ERR: 无法加载模块:Assets

[ 2017-03-08T15:19:34+08:00 ] 127.0.0.1 /assets/plugins/smoothscroll.js
INFO: [ app_init ] --START--
INFO: Run Behavior\BuildLiteBehavior [ RunTime:0.000126s ]
INFO: [ app_init ] --END-- [ RunTime:0.002040s ]
ERR: 无法加载模块:Assets

[ 2017-03-08T15:19:58+08:00 ] 127.0.0.1 /fonts/fontawesome-webfont.woff2?v=4.4.0
INFO: [ app_init ] --START--
INFO: Run Behavior\BuildLiteBehavior [ RunTime:0.000042s ]
INFO: [ app_init ] --END-- [ RunTime:0.001881s ]
ERR: 无法加载模块:Fonts

[ 2017-03-08T15:19:58+08:00 ] 127.0.0.1 /fonts/fontawesome-webfont.woff?v=4.4.0
INFO: [ app_init ] --START--
INFO: Run Behavior\BuildLiteBehavior [ RunTime:0.000024s ]
INFO: [ app_init ] --END-- [ RunTime:0.001144s ]
ERR: 无法加载模块:Fonts

[ 2017-03-08T15:19:58+08:00 ] 127.0.0.1 /fonts/fontawesome-webfont.ttf?v=4.4.0
INFO: [ app_init ] --START--
INFO: Run Behavior\BuildLiteBehavior [ RunTime:0.000016s ]
INFO: [ app_init ] --END-- [ RunTime:0.000627s ]
ERR: 无法加载模块:Fonts

[ 2017-03-08T15:19:59+08:00 ] 127.0.0.1 /E%E6%90%9C%E8%97%8F%E7%AE%97%E6%B3%95%E6%B5%8B%E8%AF%95_files/bootstrap.min.css.map
INFO: [ app_init ] --START--
INFO: Run Behavior\BuildLiteBehavior [ RunTime:0.000028s ]
INFO: [ app_init ] --END-- [ RunTime:0.000745s ]
ERR: 无法加载模块:E搜藏算法测试_files

[ 2017-03-08T15:20:29+08:00 ] 127.0.0.1 /img/getdetail
INFO: [ app_init ] --START--
INFO: Run Behavior\BuildLiteBehavior [ RunTime:0.000015s ]
INFO: [ app_init ] --END-- [ RunTime:0.000724s ]
ERR: 无法加载模块:Img

[ 2017-03-08T15:20:33+08:00 ] 127.0.0.1 /img/getdetail
INFO: [ app_init ] --START--
INFO: Run Behavior\BuildLiteBehavior [ RunTime:0.000014s ]
INFO: [ app_init ] --END-- [ RunTime:0.000636s ]
ERR: 无法加载模块:Img

[ 2017-03-08T15:25:20+08:00 ] 127.0.0.1 /Application/Public//Application/Public//Application/Public/images/glyphicons-halflings-regular.svg
INFO: [ app_init ] --START--
INFO: Run Behavior\BuildLiteBehavior [ RunTime:0.000018s ]
INFO: [ app_init ] --END-- [ RunTime:0.000858s ]
ERR: 无法加载模块:Application

[ 2017-03-08T15:32:23+08:00 ] 127.0.0.1 /E%E6%90%9C%E8%97%8F%E7%AE%97%E6%B3%95%E6%B5%8B%E8%AF%95_files/bootstrap.min.css.map
INFO: [ app_init ] --START--
INFO: Run Behavior\BuildLiteBehavior [ RunTime:0.000017s ]
INFO: [ app_init ] --END-- [ RunTime:0.000735s ]
ERR: 无法加载模块:E搜藏算法测试_files

[ 2017-03-08T15:32:24+08:00 ] 127.0.0.1 /images/footer_sprite.png
INFO: [ app_init ] --START--
INFO: Run Behavior\BuildLiteBehavior [ RunTime:0.000022s ]
INFO: [ app_init ] --END-- [ RunTime:0.000976s ]
ERR: 无法加载模块:Images

[ 2017-03-08T15:32:24+08:00 ] 127.0.0.1 /images/world-map.png
INFO: [ app_init ] --START--
INFO: Run Behavior\BuildLiteBehavior [ RunTime:0.000023s ]
INFO: [ app_init ] --END-- [ RunTime:0.003230s ]
ERR: 无法加载模块:Images

[ 2017-03-08T15:32:24+08:00 ] 127.0.0.1 /assets/images/m.jpg
INFO: [ app_init ] --START--
INFO: Run Behavior\BuildLiteBehavior [ RunTime:0.000021s ]
INFO: [ app_init ] --END-- [ RunTime:0.001001s ]
ERR: 无法加载模块:Assets

[ 2017-03-08T15:32:24+08:00 ] 127.0.0.1 /assets/images/j.jpg
INFO: [ app_init ] --START--
INFO: Run Behavior\BuildLiteBehavior [ RunTime:0.000025s ]
INFO: [ app_init ] --END-- [ RunTime:0.017596s ]
ERR: 无法加载模块:Assets

[ 2017-03-08T15:32:24+08:00 ] 127.0.0.1 /assets/images/c.jpg
INFO: [ app_init ] --START--
INFO: Run Behavior\BuildLiteBehavior [ RunTime:0.000058s ]
INFO: [ app_init ] --END-- [ RunTime:0.002146s ]
ERR: 无法加载模块:Assets

[ 2017-03-08T15:32:24+08:00 ] 127.0.0.1 /fonts/font-icons.woff
INFO: [ app_init ] --START--
INFO: Run Behavior\BuildLiteBehavior [ RunTime:0.000021s ]
INFO: [ app_init ] --END-- [ RunTime:0.000826s ]
ERR: 无法加载模块:Fonts

[ 2017-03-08T15:32:24+08:00 ] 127.0.0.1 /assets/plugins/bootstrap/js/bootstrap.min.js
INFO: [ app_init ] --START--
INFO: Run Behavior\BuildLiteBehavior [ RunTime:0.000029s ]
INFO: [ app_init ] --END-- [ RunTime:0.000916s ]
ERR: 无法加载模块:Assets

[ 2017-03-08T15:32:24+08:00 ] 127.0.0.1 /assets/plugins/smoothscroll.js
INFO: [ app_init ] --START--
INFO: Run Behavior\BuildLiteBehavior [ RunTime:0.000037s ]
INFO: [ app_init ] --END-- [ RunTime:0.001311s ]
ERR: 无法加载模块:Assets

[ 2017-03-08T15:32:24+08:00 ] 127.0.0.1 /fonts/fontawesome-webfont.woff2?v=4.4.0
INFO: [ app_init ] --START--
INFO: Run Behavior\BuildLiteBehavior [ RunTime:0.000027s ]
INFO: [ app_init ] --END-- [ RunTime:0.001052s ]
ERR: 无法加载模块:Fonts

[ 2017-03-08T15:32:24+08:00 ] 127.0.0.1 /fonts/font-icons.ttf
INFO: [ app_init ] --START--
INFO: Run Behavior\BuildLiteBehavior [ RunTime:0.000032s ]
INFO: [ app_init ] --END-- [ RunTime:0.001467s ]
ERR: 无法加载模块:Fonts

[ 2017-03-08T15:32:24+08:00 ] 127.0.0.1 /fonts/fontawesome-webfont.woff?v=4.4.0
INFO: [ app_init ] --START--
INFO: Run Behavior\BuildLiteBehavior [ RunTime:0.000050s ]
INFO: [ app_init ] --END-- [ RunTime:0.002384s ]
ERR: 无法加载模块:Fonts

[ 2017-03-08T15:32:24+08:00 ] 127.0.0.1 /fonts/fontawesome-webfont.ttf?v=4.4.0
INFO: [ app_init ] --START--
INFO: Run Behavior\BuildLiteBehavior [ RunTime:0.000014s ]
INFO: [ app_init ] --END-- [ RunTime:0.000589s ]
ERR: 无法加载模块:Fonts

[ 2017-03-08T15:34:59+08:00 ] 127.0.0.1 /E%E6%90%9C%E8%97%8F%E7%AE%97%E6%B3%95%E6%B5%8B%E8%AF%95_files/bootstrap.min.css.map
INFO: [ app_init ] --START--
INFO: Run Behavior\BuildLiteBehavior [ RunTime:0.000031s ]
INFO: [ app_init ] --END-- [ RunTime:0.001458s ]
ERR: 无法加载模块:E搜藏算法测试_files

[ 2017-03-08T15:34:59+08:00 ] 127.0.0.1 /assets/images/c.jpg
INFO: [ app_init ] --START--
INFO: Run Behavior\BuildLiteBehavior [ RunTime:0.000018s ]
INFO: [ app_init ] --END-- [ RunTime:0.000831s ]
ERR: 无法加载模块:Assets

[ 2017-03-08T15:34:59+08:00 ] 127.0.0.1 /assets/images/m.jpg
INFO: [ app_init ] --START--
INFO: Run Behavior\BuildLiteBehavior [ RunTime:0.000021s ]
INFO: [ app_init ] --END-- [ RunTime:0.000914s ]
ERR: 无法加载模块:Assets

[ 2017-03-08T15:34:59+08:00 ] 127.0.0.1 /images/world-map.png
INFO: [ app_init ] --START--
INFO: Run Behavior\BuildLiteBehavior [ RunTime:0.000019s ]
INFO: [ app_init ] --END-- [ RunTime:0.000922s ]
ERR: 无法加载模块:Images

[ 2017-03-08T15:34:59+08:00 ] 127.0.0.1 /assets/images/j.jpg
INFO: [ app_init ] --START--
INFO: Run Behavior\BuildLiteBehavior [ RunTime:0.000021s ]
INFO: [ app_init ] --END-- [ RunTime:0.000892s ]
ERR: 无法加载模块:Assets

[ 2017-03-08T15:34:59+08:00 ] 127.0.0.1 /fonts/fontawesome-webfont.woff2?v=4.4.0
INFO: [ app_init ] --START--
INFO: Run Behavior\BuildLiteBehavior [ RunTime:0.000024s ]
INFO: [ app_init ] --END-- [ RunTime:0.003115s ]
ERR: 无法加载模块:Fonts

[ 2017-03-08T15:34:59+08:00 ] 127.0.0.1 /images/footer_sprite.png
INFO: [ app_init ] --START--
INFO: Run Behavior\BuildLiteBehavior [ RunTime:0.000017s ]
INFO: [ app_init ] --END-- [ RunTime:0.000860s ]
ERR: 无法加载模块:Images

[ 2017-03-08T15:34:59+08:00 ] 127.0.0.1 /fonts/font-icons.woff
INFO: [ app_init ] --START--
INFO: Run Behavior\BuildLiteBehavior [ RunTime:0.000026s ]
INFO: [ app_init ] --END-- [ RunTime:0.003058s ]
ERR: 无法加载模块:Fonts

[ 2017-03-08T15:34:59+08:00 ] 127.0.0.1 /assets/plugins/bootstrap/js/bootstrap.min.js
INFO: [ app_init ] --START--
INFO: Run Behavior\BuildLiteBehavior [ RunTime:0.000025s ]
INFO: [ app_init ] --END-- [ RunTime:0.001099s ]
ERR: 无法加载模块:Assets

[ 2017-03-08T15:34:59+08:00 ] 127.0.0.1 /assets/plugins/smoothscroll.js
INFO: [ app_init ] --START--
INFO: Run Behavior\BuildLiteBehavior [ RunTime:0.000025s ]
INFO: [ app_init ] --END-- [ RunTime:0.007833s ]
ERR: 无法加载模块:Assets

[ 2017-03-08T15:34:59+08:00 ] 127.0.0.1 /fonts/fontawesome-webfont.woff?v=4.4.0
INFO: [ app_init ] --START--
INFO: Run Behavior\BuildLiteBehavior [ RunTime:0.000024s ]
INFO: [ app_init ] --END-- [ RunTime:0.005893s ]
ERR: 无法加载模块:Fonts

[ 2017-03-08T15:34:59+08:00 ] 127.0.0.1 /fonts/font-icons.ttf
INFO: [ app_init ] --START--
INFO: Run Behavior\BuildLiteBehavior [ RunTime:0.000025s ]
INFO: [ app_init ] --END-- [ RunTime:0.003962s ]
ERR: 无法加载模块:Fonts

[ 2017-03-08T15:34:59+08:00 ] 127.0.0.1 /fonts/fontawesome-webfont.ttf?v=4.4.0
INFO: [ app_init ] --START--
INFO: Run Behavior\BuildLiteBehavior [ RunTime:0.000042s ]
INFO: [ app_init ] --END-- [ RunTime:0.001020s ]
ERR: 无法加载模块:Fonts

[ 2017-03-08T15:35:32+08:00 ] 127.0.0.1 /E%E6%90%9C%E8%97%8F%E7%AE%97%E6%B3%95%E6%B5%8B%E8%AF%95_files/bootstrap.min.css.map
INFO: [ app_init ] --START--
INFO: Run Behavior\BuildLiteBehavior [ RunTime:0.000023s ]
INFO: [ app_init ] --END-- [ RunTime:0.001055s ]
ERR: 无法加载模块:E搜藏算法测试_files

[ 2017-03-08T15:35:32+08:00 ] 127.0.0.1 /fonts/fontawesome-webfont.woff2?v=4.4.0
INFO: [ app_init ] --START--
INFO: Run Behavior\BuildLiteBehavior [ RunTime:0.000023s ]
INFO: [ app_init ] --END-- [ RunTime:0.000896s ]
ERR: 无法加载模块:Fonts

[ 2017-03-08T15:35:32+08:00 ] 127.0.0.1 /assets/images/m.jpg
INFO: [ app_init ] --START--
INFO: Run Behavior\BuildLiteBehavior [ RunTime:0.000027s ]
INFO: [ app_init ] --END-- [ RunTime:0.009843s ]
ERR: 无法加载模块:Assets

[ 2017-03-08T15:35:32+08:00 ] 127.0.0.1 /assets/images/j.jpg
INFO: [ app_init ] --START--
INFO: Run Behavior\BuildLiteBehavior [ RunTime:0.000019s ]
INFO: [ app_init ] --END-- [ RunTime:0.001103s ]
ERR: 无法加载模块:Assets

[ 2017-03-08T15:35:32+08:00 ] 127.0.0.1 /assets/images/c.jpg
INFO: [ app_init ] --START--
INFO: Run Behavior\BuildLiteBehavior [ RunTime:0.000020s ]
INFO: [ app_init ] --END-- [ RunTime:0.000820s ]
ERR: 无法加载模块:Assets

[ 2017-03-08T15:35:32+08:00 ] 127.0.0.1 /images/world-map.png
INFO: [ app_init ] --START--
INFO: Run Behavior\BuildLiteBehavior [ RunTime:0.000026s ]
INFO: [ app_init ] --END-- [ RunTime:0.002364s ]
ERR: 无法加载模块:Images

[ 2017-03-08T15:35:32+08:00 ] 127.0.0.1 /fonts/font-icons.woff
INFO: [ app_init ] --START--
INFO: Run Behavior\BuildLiteBehavior [ RunTime:0.000032s ]
INFO: [ app_init ] --END-- [ RunTime:0.001603s ]
ERR: 无法加载模块:Fonts

[ 2017-03-08T15:35:32+08:00 ] 127.0.0.1 /images/footer_sprite.png
INFO: [ app_init ] --START--
INFO: Run Behavior\BuildLiteBehavior [ RunTime:0.000026s ]
INFO: [ app_init ] --END-- [ RunTime:0.000990s ]
ERR: 无法加载模块:Images

[ 2017-03-08T15:35:32+08:00 ] 127.0.0.1 /assets/plugins/bootstrap/js/bootstrap.min.js
INFO: [ app_init ] --START--
INFO: Run Behavior\BuildLiteBehavior [ RunTime:0.000025s ]
INFO: [ app_init ] --END-- [ RunTime:0.001094s ]
ERR: 无法加载模块:Assets

[ 2017-03-08T15:35:32+08:00 ] 127.0.0.1 /assets/plugins/smoothscroll.js
INFO: [ app_init ] --START--
INFO: Run Behavior\BuildLiteBehavior [ RunTime:0.000025s ]
INFO: [ app_init ] --END-- [ RunTime:0.002119s ]
ERR: 无法加载模块:Assets

[ 2017-03-08T15:35:32+08:00 ] 127.0.0.1 /fonts/font-icons.ttf
INFO: [ app_init ] --START--
INFO: Run Behavior\BuildLiteBehavior [ RunTime:0.000024s ]
INFO: [ app_init ] --END-- [ RunTime:0.000992s ]
ERR: 无法加载模块:Fonts

[ 2017-03-08T15:35:32+08:00 ] 127.0.0.1 /fonts/fontawesome-webfont.woff?v=4.4.0
INFO: [ app_init ] --START--
INFO: Run Behavior\BuildLiteBehavior [ RunTime:0.000023s ]
INFO: [ app_init ] --END-- [ RunTime:0.001522s ]
ERR: 无法加载模块:Fonts

[ 2017-03-08T15:35:32+08:00 ] 127.0.0.1 /fonts/fontawesome-webfont.ttf?v=4.4.0
INFO: [ app_init ] --START--
INFO: Run Behavior\BuildLiteBehavior [ RunTime:0.000015s ]
INFO: [ app_init ] --END-- [ RunTime:0.000594s ]
ERR: 无法加载模块:Fonts

[ 2017-03-08T15:36:19+08:00 ] 127.0.0.1 /E%E6%90%9C%E8%97%8F%E7%AE%97%E6%B3%95%E6%B5%8B%E8%AF%95_files/bootstrap.min.css.map
INFO: [ app_init ] --START--
INFO: Run Behavior\BuildLiteBehavior [ RunTime:0.000054s ]
INFO: [ app_init ] --END-- [ RunTime:0.000806s ]
ERR: 无法加载模块:E搜藏算法测试_files

[ 2017-03-08T15:36:19+08:00 ] 127.0.0.1 /fonts/fontawesome-webfont.woff2?v=4.4.0
INFO: [ app_init ] --START--
INFO: Run Behavior\BuildLiteBehavior [ RunTime:0.000022s ]
INFO: [ app_init ] --END-- [ RunTime:0.000832s ]
ERR: 无法加载模块:Fonts

[ 2017-03-08T15:36:19+08:00 ] 127.0.0.1 /assets/images/j.jpg
INFO: [ app_init ] --START--
INFO: Run Behavior\BuildLiteBehavior [ RunTime:0.000021s ]
INFO: [ app_init ] --END-- [ RunTime:0.000823s ]
ERR: 无法加载模块:Assets

[ 2017-03-08T15:36:19+08:00 ] 127.0.0.1 /assets/images/c.jpg
INFO: [ app_init ] --START--
INFO: Run Behavior\BuildLiteBehavior [ RunTime:0.000022s ]
INFO: [ app_init ] --END-- [ RunTime:0.000819s ]
ERR: 无法加载模块:Assets

[ 2017-03-08T15:36:19+08:00 ] 127.0.0.1 /assets/images/m.jpg
INFO: [ app_init ] --START--
INFO: Run Behavior\BuildLiteBehavior [ RunTime:0.000022s ]
INFO: [ app_init ] --END-- [ RunTime:0.000853s ]
ERR: 无法加载模块:Assets

[ 2017-03-08T15:36:19+08:00 ] 127.0.0.1 /images/footer_sprite.png
INFO: [ app_init ] --START--
INFO: Run Behavior\BuildLiteBehavior [ RunTime:0.000022s ]
INFO: [ app_init ] --END-- [ RunTime:0.000864s ]
ERR: 无法加载模块:Images

[ 2017-03-08T15:36:19+08:00 ] 127.0.0.1 /fonts/font-icons.woff
INFO: [ app_init ] --START--
INFO: Run Behavior\BuildLiteBehavior [ RunTime:0.000021s ]
INFO: [ app_init ] --END-- [ RunTime:0.000818s ]
ERR: 无法加载模块:Fonts

[ 2017-03-08T15:36:19+08:00 ] 127.0.0.1 /images/world-map.png
INFO: [ app_init ] --START--
INFO: Run Behavior\BuildLiteBehavior [ RunTime:0.000029s ]
INFO: [ app_init ] --END-- [ RunTime:0.003372s ]
ERR: 无法加载模块:Images

[ 2017-03-08T15:36:19+08:00 ] 127.0.0.1 /assets/plugins/bootstrap/js/bootstrap.min.js
INFO: [ app_init ] --START--
INFO: Run Behavior\BuildLiteBehavior [ RunTime:0.000022s ]
INFO: [ app_init ] --END-- [ RunTime:0.000887s ]
ERR: 无法加载模块:Assets

[ 2017-03-08T15:36:19+08:00 ] 127.0.0.1 /assets/plugins/smoothscroll.js
INFO: [ app_init ] --START--
INFO: Run Behavior\BuildLiteBehavior [ RunTime:0.000023s ]
INFO: [ app_init ] --END-- [ RunTime:0.000906s ]
ERR: 无法加载模块:Assets

[ 2017-03-08T15:36:19+08:00 ] 127.0.0.1 /fonts/fontawesome-webfont.woff?v=4.4.0
INFO: [ app_init ] --START--
INFO: Run Behavior\BuildLiteBehavior [ RunTime:0.000294s ]
INFO: [ app_init ] --END-- [ RunTime:0.003934s ]
ERR: 无法加载模块:Fonts

[ 2017-03-08T15:36:19+08:00 ] 127.0.0.1 /fonts/font-icons.ttf
INFO: [ app_init ] --START--
INFO: Run Behavior\BuildLiteBehavior [ RunTime:0.000023s ]
INFO: [ app_init ] --END-- [ RunTime:0.000839s ]
ERR: 无法加载模块:Fonts

[ 2017-03-08T15:36:19+08:00 ] 127.0.0.1 /fonts/fontawesome-webfont.ttf?v=4.4.0
INFO: [ app_init ] --START--
INFO: Run Behavior\BuildLiteBehavior [ RunTime:0.000015s ]
INFO: [ app_init ] --END-- [ RunTime:0.000639s ]
ERR: 无法加载模块:Fonts

[ 2017-03-08T15:38:30+08:00 ] 127.0.0.1 /E%E6%90%9C%E8%97%8F%E7%AE%97%E6%B3%95%E6%B5%8B%E8%AF%95_files/bootstrap.min.css.map
INFO: [ app_init ] --START--
INFO: Run Behavior\BuildLiteBehavior [ RunTime:0.000026s ]
INFO: [ app_init ] --END-- [ RunTime:0.001242s ]
ERR: 无法加载模块:E搜藏算法测试_files

[ 2017-03-08T15:38:30+08:00 ] 127.0.0.1 /fonts/fontawesome-webfont.woff2?v=4.4.0
INFO: [ app_init ] --START--
INFO: Run Behavior\BuildLiteBehavior [ RunTime:0.000026s ]
INFO: [ app_init ] --END-- [ RunTime:0.001192s ]
ERR: 无法加载模块:Fonts

[ 2017-03-08T15:38:30+08:00 ] 127.0.0.1 /assets/images/m.jpg
INFO: [ app_init ] --START--
INFO: Run Behavior\BuildLiteBehavior [ RunTime:0.000024s ]
INFO: [ app_init ] --END-- [ RunTime:0.001088s ]
ERR: 无法加载模块:Assets

[ 2017-03-08T15:38:30+08:00 ] 127.0.0.1 /fonts/font-icons.woff
INFO: [ app_init ] --START--
INFO: Run Behavior\BuildLiteBehavior [ RunTime:0.000023s ]
INFO: [ app_init ] --END-- [ RunTime:0.000776s ]
ERR: 无法加载模块:Fonts

[ 2017-03-08T15:38:30+08:00 ] 127.0.0.1 /assets/images/c.jpg
INFO: [ app_init ] --START--
INFO: Run Behavior\BuildLiteBehavior [ RunTime:0.000023s ]
INFO: [ app_init ] --END-- [ RunTime:0.003731s ]
ERR: 无法加载模块:Assets

[ 2017-03-08T15:38:30+08:00 ] 127.0.0.1 /images/footer_sprite.png
INFO: [ app_init ] --START--
INFO: Run Behavior\BuildLiteBehavior [ RunTime:0.000024s ]
INFO: [ app_init ] --END-- [ RunTime:0.000963s ]
ERR: 无法加载模块:Images

[ 2017-03-08T15:38:30+08:00 ] 127.0.0.1 /images/world-map.png
INFO: [ app_init ] --START--
INFO: Run Behavior\BuildLiteBehavior [ RunTime:0.000025s ]
INFO: [ app_init ] --END-- [ RunTime:0.000967s ]
ERR: 无法加载模块:Images

[ 2017-03-08T15:38:30+08:00 ] 127.0.0.1 /assets/images/j.jpg
INFO: [ app_init ] --START--
INFO: Run Behavior\BuildLiteBehavior [ RunTime:0.000025s ]
INFO: [ app_init ] --END-- [ RunTime:0.001430s ]
ERR: 无法加载模块:Assets

[ 2017-03-08T15:38:30+08:00 ] 127.0.0.1 /assets/plugins/bootstrap/js/bootstrap.min.js
INFO: [ app_init ] --START--
INFO: Run Behavior\BuildLiteBehavior [ RunTime:0.000216s ]
INFO: [ app_init ] --END-- [ RunTime:0.001744s ]
ERR: 无法加载模块:Assets

[ 2017-03-08T15:38:30+08:00 ] 127.0.0.1 /assets/plugins/smoothscroll.js
INFO: [ app_init ] --START--
INFO: Run Behavior\BuildLiteBehavior [ RunTime:0.000027s ]
INFO: [ app_init ] --END-- [ RunTime:0.002446s ]
ERR: 无法加载模块:Assets

[ 2017-03-08T15:38:31+08:00 ] 127.0.0.1 /fonts/font-icons.ttf
INFO: [ app_init ] --START--
INFO: Run Behavior\BuildLiteBehavior [ RunTime:0.000034s ]
INFO: [ app_init ] --END-- [ RunTime:0.001237s ]
ERR: 无法加载模块:Fonts

[ 2017-03-08T15:38:31+08:00 ] 127.0.0.1 /fonts/fontawesome-webfont.woff?v=4.4.0
INFO: [ app_init ] --START--
INFO: Run Behavior\BuildLiteBehavior [ RunTime:0.000056s ]
INFO: [ app_init ] --END-- [ RunTime:0.002960s ]
ERR: 无法加载模块:Fonts

[ 2017-03-08T15:38:31+08:00 ] 127.0.0.1 /fonts/fontawesome-webfont.ttf?v=4.4.0
INFO: [ app_init ] --START--
INFO: Run Behavior\BuildLiteBehavior [ RunTime:0.000025s ]
INFO: [ app_init ] --END-- [ RunTime:0.002815s ]
ERR: 无法加载模块:Fonts

[ 2017-03-08T15:40:44+08:00 ] 127.0.0.1 /E%E6%90%9C%E8%97%8F%E7%AE%97%E6%B3%95%E6%B5%8B%E8%AF%95_files/bootstrap.min.css.map
INFO: [ app_init ] --START--
INFO: Run Behavior\BuildLiteBehavior [ RunTime:0.000017s ]
INFO: [ app_init ] --END-- [ RunTime:0.000792s ]
ERR: 无法加载模块:E搜藏算法测试_files

[ 2017-03-08T15:40:44+08:00 ] 127.0.0.1 /fonts/fontawesome-webfont.woff2?v=4.4.0
INFO: [ app_init ] --START--
INFO: Run Behavior\BuildLiteBehavior [ RunTime:0.000024s ]
INFO: [ app_init ] --END-- [ RunTime:0.000864s ]
ERR: 无法加载模块:Fonts

[ 2017-03-08T15:40:44+08:00 ] 127.0.0.1 /assets/images/m.jpg
INFO: [ app_init ] --START--
INFO: Run Behavior\BuildLiteBehavior [ RunTime:0.000023s ]
INFO: [ app_init ] --END-- [ RunTime:0.001003s ]
ERR: 无法加载模块:Assets

[ 2017-03-08T15:40:44+08:00 ] 127.0.0.1 /assets/images/j.jpg
INFO: [ app_init ] --START--
INFO: Run Behavior\BuildLiteBehavior [ RunTime:0.000022s ]
INFO: [ app_init ] --END-- [ RunTime:0.000909s ]
ERR: 无法加载模块:Assets

[ 2017-03-08T15:40:44+08:00 ] 127.0.0.1 /images/world-map.png
INFO: [ app_init ] --START--
INFO: Run Behavior\BuildLiteBehavior [ RunTime:0.000027s ]
INFO: [ app_init ] --END-- [ RunTime:0.000890s ]
ERR: 无法加载模块:Images

[ 2017-03-08T15:40:44+08:00 ] 127.0.0.1 /fonts/font-icons.woff
INFO: [ app_init ] --START--
INFO: Run Behavior\BuildLiteBehavior [ RunTime:0.000020s ]
INFO: [ app_init ] --END-- [ RunTime:0.001096s ]
ERR: 无法加载模块:Fonts

[ 2017-03-08T15:40:44+08:00 ] 127.0.0.1 /assets/images/c.jpg
INFO: [ app_init ] --START--
INFO: Run Behavior\BuildLiteBehavior [ RunTime:0.000027s ]
INFO: [ app_init ] --END-- [ RunTime:0.006403s ]
ERR: 无法加载模块:Assets

[ 2017-03-08T15:40:44+08:00 ] 127.0.0.1 /images/footer_sprite.png
INFO: [ app_init ] --START--
INFO: Run Behavior\BuildLiteBehavior [ RunTime:0.000016s ]
INFO: [ app_init ] --END-- [ RunTime:0.000711s ]
ERR: 无法加载模块:Images

[ 2017-03-08T15:40:44+08:00 ] 127.0.0.1 /fonts/fontawesome-webfont.woff?v=4.4.0
INFO: [ app_init ] --START--
INFO: Run Behavior\BuildLiteBehavior [ RunTime:0.000026s ]
INFO: [ app_init ] --END-- [ RunTime:0.001062s ]
ERR: 无法加载模块:Fonts

[ 2017-03-08T15:40:44+08:00 ] 127.0.0.1 /assets/plugins/smoothscroll.js
INFO: [ app_init ] --START--
INFO: Run Behavior\BuildLiteBehavior [ RunTime:0.000065s ]
INFO: [ app_init ] --END-- [ RunTime:0.000924s ]
ERR: 无法加载模块:Assets

[ 2017-03-08T15:40:44+08:00 ] 127.0.0.1 /fonts/fontawesome-webfont.ttf?v=4.4.0
INFO: [ app_init ] --START--
INFO: Run Behavior\BuildLiteBehavior [ RunTime:0.000022s ]
INFO: [ app_init ] --END-- [ RunTime:0.001055s ]
ERR: 无法加载模块:Fonts

[ 2017-03-08T15:40:44+08:00 ] 127.0.0.1 /assets/plugins/bootstrap/js/bootstrap.min.js
INFO: [ app_init ] --START--
INFO: Run Behavior\BuildLiteBehavior [ RunTime:0.000022s ]
INFO: [ app_init ] --END-- [ RunTime:0.000952s ]
ERR: 无法加载模块:Assets

[ 2017-03-08T15:40:44+08:00 ] 127.0.0.1 /fonts/font-icons.ttf
INFO: [ app_init ] --START--
INFO: Run Behavior\BuildLiteBehavior [ RunTime:0.000030s ]
INFO: [ app_init ] --END-- [ RunTime:0.001454s ]
ERR: 无法加载模块:Fonts

[ 2017-03-08T15:41:02+08:00 ] 127.0.0.1 /E%E6%90%9C%E8%97%8F%E7%AE%97%E6%B3%95%E6%B5%8B%E8%AF%95_files/bootstrap.min.css.map
INFO: [ app_init ] --START--
INFO: Run Behavior\BuildLiteBehavior [ RunTime:0.000023s ]
INFO: [ app_init ] --END-- [ RunTime:0.001016s ]
ERR: 无法加载模块:E搜藏算法测试_files

[ 2017-03-08T15:41:02+08:00 ] 127.0.0.1 /assets/images/j.jpg
INFO: [ app_init ] --START--
INFO: Run Behavior\BuildLiteBehavior [ RunTime:0.000019s ]
INFO: [ app_init ] --END-- [ RunTime:0.000864s ]
ERR: 无法加载模块:Assets

[ 2017-03-08T15:41:02+08:00 ] 127.0.0.1 /images/world-map.png
INFO: [ app_init ] --START--
INFO: Run Behavior\BuildLiteBehavior [ RunTime:0.000023s ]
INFO: [ app_init ] --END-- [ RunTime:0.000873s ]
ERR: 无法加载模块:Images

[ 2017-03-08T15:41:02+08:00 ] 127.0.0.1 /assets/images/m.jpg
INFO: [ app_init ] --START--
INFO: Run Behavior\BuildLiteBehavior [ RunTime:0.000022s ]
INFO: [ app_init ] --END-- [ RunTime:0.000770s ]
ERR: 无法加载模块:Assets

[ 2017-03-08T15:41:02+08:00 ] 127.0.0.1 /fonts/fontawesome-webfont.woff2?v=4.4.0
INFO: [ app_init ] --START--
INFO: Run Behavior\BuildLiteBehavior [ RunTime:0.000022s ]
INFO: [ app_init ] --END-- [ RunTime:0.000896s ]
ERR: 无法加载模块:Fonts

[ 2017-03-08T15:41:02+08:00 ] 127.0.0.1 /images/footer_sprite.png
INFO: [ app_init ] --START--
INFO: Run Behavior\BuildLiteBehavior [ RunTime:0.000020s ]
INFO: [ app_init ] --END-- [ RunTime:0.000788s ]
ERR: 无法加载模块:Images

[ 2017-03-08T15:41:02+08:00 ] 127.0.0.1 /assets/images/c.jpg
INFO: [ app_init ] --START--
INFO: Run Behavior\BuildLiteBehavior [ RunTime:0.000023s ]
INFO: [ app_init ] --END-- [ RunTime:0.000982s ]
ERR: 无法加载模块:Assets

[ 2017-03-08T15:41:02+08:00 ] 127.0.0.1 /fonts/font-icons.woff
INFO: [ app_init ] --START--
INFO: Run Behavior\BuildLiteBehavior [ RunTime:0.000062s ]
INFO: [ app_init ] --END-- [ RunTime:0.001098s ]
ERR: 无法加载模块:Fonts

[ 2017-03-08T15:41:02+08:00 ] 127.0.0.1 /assets/plugins/bootstrap/js/bootstrap.min.js
INFO: [ app_init ] --START--
INFO: Run Behavior\BuildLiteBehavior [ RunTime:0.000031s ]
INFO: [ app_init ] --END-- [ RunTime:0.001057s ]
ERR: 无法加载模块:Assets

[ 2017-03-08T15:41:02+08:00 ] 127.0.0.1 /fonts/fontawesome-webfont.woff?v=4.4.0
INFO: [ app_init ] --START--
INFO: Run Behavior\BuildLiteBehavior [ RunTime:0.000026s ]
INFO: [ app_init ] --END-- [ RunTime:0.001137s ]
ERR: 无法加载模块:Fonts

[ 2017-03-08T15:41:02+08:00 ] 127.0.0.1 /assets/plugins/smoothscroll.js
INFO: [ app_init ] --START--
INFO: Run Behavior\BuildLiteBehavior [ RunTime:0.000029s ]
INFO: [ app_init ] --END-- [ RunTime:0.007067s ]
ERR: 无法加载模块:Assets

[ 2017-03-08T15:41:02+08:00 ] 127.0.0.1 /fonts/font-icons.ttf
INFO: [ app_init ] --START--
INFO: Run Behavior\BuildLiteBehavior [ RunTime:0.000028s ]
INFO: [ app_init ] --END-- [ RunTime:0.001212s ]
ERR: 无法加载模块:Fonts

[ 2017-03-08T15:41:02+08:00 ] 127.0.0.1 /fonts/fontawesome-webfont.ttf?v=4.4.0
INFO: [ app_init ] --START--
INFO: Run Behavior\BuildLiteBehavior [ RunTime:0.000026s ]
INFO: [ app_init ] --END-- [ RunTime:0.001151s ]
ERR: 无法加载模块:Fonts

[ 2017-03-08T15:42:09+08:00 ] 127.0.0.1 /E%E6%90%9C%E8%97%8F%E7%AE%97%E6%B3%95%E6%B5%8B%E8%AF%95_files/bootstrap.min.css.map
INFO: [ app_init ] --START--
INFO: Run Behavior\BuildLiteBehavior [ RunTime:0.000018s ]
INFO: [ app_init ] --END-- [ RunTime:0.000842s ]
ERR: 无法加载模块:E搜藏算法测试_files

[ 2017-03-08T15:42:09+08:00 ] 127.0.0.1 /assets/images/j.jpg
INFO: [ app_init ] --START--
INFO: Run Behavior\BuildLiteBehavior [ RunTime:0.000022s ]
INFO: [ app_init ] --END-- [ RunTime:0.001668s ]
ERR: 无法加载模块:Assets

[ 2017-03-08T15:42:09+08:00 ] 127.0.0.1 /images/world-map.png
INFO: [ app_init ] --START--
INFO: Run Behavior\BuildLiteBehavior [ RunTime:0.000023s ]
INFO: [ app_init ] --END-- [ RunTime:0.001378s ]
ERR: 无法加载模块:Images

[ 2017-03-08T15:42:09+08:00 ] 127.0.0.1 /images/footer_sprite.png
INFO: [ app_init ] --START--
INFO: Run Behavior\BuildLiteBehavior [ RunTime:0.000026s ]
INFO: [ app_init ] --END-- [ RunTime:0.000806s ]
ERR: 无法加载模块:Images

[ 2017-03-08T15:42:09+08:00 ] 127.0.0.1 /assets/images/c.jpg
INFO: [ app_init ] --START--
INFO: Run Behavior\BuildLiteBehavior [ RunTime:0.000020s ]
INFO: [ app_init ] --END-- [ RunTime:0.000894s ]
ERR: 无法加载模块:Assets

[ 2017-03-08T15:42:09+08:00 ] 127.0.0.1 /fonts/fontawesome-webfont.woff2?v=4.4.0
INFO: [ app_init ] --START--
INFO: Run Behavior\BuildLiteBehavior [ RunTime:0.000034s ]
INFO: [ app_init ] --END-- [ RunTime:0.003526s ]
ERR: 无法加载模块:Fonts

[ 2017-03-08T15:42:09+08:00 ] 127.0.0.1 /fonts/font-icons.woff
INFO: [ app_init ] --START--
INFO: Run Behavior\BuildLiteBehavior [ RunTime:0.000024s ]
INFO: [ app_init ] --END-- [ RunTime:0.001996s ]
ERR: 无法加载模块:Fonts

[ 2017-03-08T15:42:09+08:00 ] 127.0.0.1 /assets/images/m.jpg
INFO: [ app_init ] --START--
INFO: Run Behavior\BuildLiteBehavior [ RunTime:0.000035s ]
INFO: [ app_init ] --END-- [ RunTime:0.001043s ]
ERR: 无法加载模块:Assets

[ 2017-03-08T15:42:09+08:00 ] 127.0.0.1 /assets/plugins/bootstrap/js/bootstrap.min.js
INFO: [ app_init ] --START--
INFO: Run Behavior\BuildLiteBehavior [ RunTime:0.000022s ]
INFO: [ app_init ] --END-- [ RunTime:0.003783s ]
ERR: 无法加载模块:Assets

[ 2017-03-08T15:42:09+08:00 ] 127.0.0.1 /assets/plugins/smoothscroll.js
INFO: [ app_init ] --START--
INFO: Run Behavior\BuildLiteBehavior [ RunTime:0.000030s ]
INFO: [ app_init ] --END-- [ RunTime:0.000819s ]
ERR: 无法加载模块:Assets

[ 2017-03-08T15:42:09+08:00 ] 127.0.0.1 /fonts/font-icons.ttf
INFO: [ app_init ] --START--
INFO: Run Behavior\BuildLiteBehavior [ RunTime:0.000026s ]
INFO: [ app_init ] --END-- [ RunTime:0.001112s ]
ERR: 无法加载模块:Fonts

[ 2017-03-08T15:42:09+08:00 ] 127.0.0.1 /fonts/fontawesome-webfont.woff?v=4.4.0
INFO: [ app_init ] --START--
INFO: Run Behavior\BuildLiteBehavior [ RunTime:0.000022s ]
INFO: [ app_init ] --END-- [ RunTime:0.000798s ]
ERR: 无法加载模块:Fonts

[ 2017-03-08T15:42:09+08:00 ] 127.0.0.1 /fonts/fontawesome-webfont.ttf?v=4.4.0
INFO: [ app_init ] --START--
INFO: Run Behavior\BuildLiteBehavior [ RunTime:0.000037s ]
INFO: [ app_init ] --END-- [ RunTime:0.001242s ]
ERR: 无法加载模块:Fonts

[ 2017-03-08T15:56:55+08:00 ] 127.0.0.1 /E%E6%90%9C%E8%97%8F%E7%AE%97%E6%B3%95%E6%B5%8B%E8%AF%95_files/bootstrap.min.css.map
INFO: [ app_init ] --START--
INFO: Run Behavior\BuildLiteBehavior [ RunTime:0.000027s ]
INFO: [ app_init ] --END-- [ RunTime:0.001241s ]
ERR: 无法加载模块:E搜藏算法测试_files

[ 2017-03-08T15:56:55+08:00 ] 127.0.0.1 /fonts/fontawesome-webfont.woff2?v=4.4.0
INFO: [ app_init ] --START--
INFO: Run Behavior\BuildLiteBehavior [ RunTime:0.000022s ]
INFO: [ app_init ] --END-- [ RunTime:0.001395s ]
ERR: 无法加载模块:Fonts

[ 2017-03-08T15:56:55+08:00 ] 127.0.0.1 /assets/images/m.jpg
INFO: [ app_init ] --START--
INFO: Run Behavior\BuildLiteBehavior [ RunTime:0.000024s ]
INFO: [ app_init ] --END-- [ RunTime:0.001385s ]
ERR: 无法加载模块:Assets

[ 2017-03-08T15:56:55+08:00 ] 127.0.0.1 /fonts/font-icons.woff
INFO: [ app_init ] --START--
INFO: Run Behavior\BuildLiteBehavior [ RunTime:0.000027s ]
INFO: [ app_init ] --END-- [ RunTime:0.001030s ]
ERR: 无法加载模块:Fonts

[ 2017-03-08T15:56:55+08:00 ] 127.0.0.1 /assets/images/j.jpg
INFO: [ app_init ] --START--
INFO: Run Behavior\BuildLiteBehavior [ RunTime:0.000024s ]
INFO: [ app_init ] --END-- [ RunTime:0.001100s ]
ERR: 无法加载模块:Assets

[ 2017-03-08T15:56:55+08:00 ] 127.0.0.1 /assets/images/c.jpg
INFO: [ app_init ] --START--
INFO: Run Behavior\BuildLiteBehavior [ RunTime:0.000024s ]
INFO: [ app_init ] --END-- [ RunTime:0.001029s ]
ERR: 无法加载模块:Assets

[ 2017-03-08T15:56:55+08:00 ] 127.0.0.1 /images/world-map.png
INFO: [ app_init ] --START--
INFO: Run Behavior\BuildLiteBehavior [ RunTime:0.000024s ]
INFO: [ app_init ] --END-- [ RunTime:0.000991s ]
ERR: 无法加载模块:Images

[ 2017-03-08T15:56:55+08:00 ] 127.0.0.1 /images/footer_sprite.png
INFO: [ app_init ] --START--
INFO: Run Behavior\BuildLiteBehavior [ RunTime:0.000027s ]
INFO: [ app_init ] --END-- [ RunTime:0.001347s ]
ERR: 无法加载模块:Images

[ 2017-03-08T15:56:55+08:00 ] 127.0.0.1 /assets/plugins/bootstrap/js/bootstrap.min.js
INFO: [ app_init ] --START--
INFO: Run Behavior\BuildLiteBehavior [ RunTime:0.000025s ]
INFO: [ app_init ] --END-- [ RunTime:0.001093s ]
ERR: 无法加载模块:Assets

[ 2017-03-08T15:56:55+08:00 ] 127.0.0.1 /assets/plugins/smoothscroll.js
INFO: [ app_init ] --START--
INFO: Run Behavior\BuildLiteBehavior [ RunTime:0.000023s ]
INFO: [ app_init ] --END-- [ RunTime:0.001236s ]
ERR: 无法加载模块:Assets

[ 2017-03-08T15:56:55+08:00 ] 127.0.0.1 /fonts/fontawesome-webfont.woff?v=4.4.0
INFO: [ app_init ] --START--
INFO: Run Behavior\BuildLiteBehavior [ RunTime:0.000026s ]
INFO: [ app_init ] --END-- [ RunTime:0.001118s ]
ERR: 无法加载模块:Fonts

[ 2017-03-08T15:56:55+08:00 ] 127.0.0.1 /fonts/font-icons.ttf
INFO: [ app_init ] --START--
INFO: Run Behavior\BuildLiteBehavior [ RunTime:0.000052s ]
INFO: [ app_init ] --END-- [ RunTime:0.001283s ]
ERR: 无法加载模块:Fonts

[ 2017-03-08T15:56:55+08:00 ] 127.0.0.1 /fonts/fontawesome-webfont.ttf?v=4.4.0
INFO: [ app_init ] --START--
INFO: Run Behavior\BuildLiteBehavior [ RunTime:0.000026s ]
INFO: [ app_init ] --END-- [ RunTime:0.001079s ]
ERR: 无法加载模块:Fonts

[ 2017-03-08T16:11:59+08:00 ] 127.0.0.1 /Application/Public//Application/Public//Application/Public/images/glyphicons-halflings-regular.svg
INFO: [ app_init ] --START--
INFO: Run Behavior\BuildLiteBehavior [ RunTime:0.000014s ]
INFO: [ app_init ] --END-- [ RunTime:0.000800s ]
ERR: 无法加载模块:Application

[ 2017-03-08T16:59:26+08:00 ] 127.0.0.1 /Application/Public//Application/Public//Application/Public/images/glyphicons-halflings-regular.svg
INFO: [ app_init ] --START--
INFO: Run Behavior\BuildLiteBehavior [ RunTime:0.000023s ]
INFO: [ app_init ] --END-- [ RunTime:0.000913s ]
ERR: 无法加载模块:Application

