[ 2017-03-13T10:36:54+08:00 ] ::1 /HUITENG/w79_qinghuaci/thinkphp_3.2.3_full/ThinkPHP/Library/Vendor/kindeditor/kindeditor/lang/zh_CN.js
INFO: [ app_init ] --START--
INFO: Run Behavior\BuildLiteBehavior [ RunTime:0.000024s ]
INFO: [ app_init ] --END-- [ RunTime:0.001067s ]
ERR: 无法加载模块:ThinkPHP

[ 2017-03-13T10:36:54+08:00 ] ::1 /HUITENG/w79_qinghuaci/thinkphp_3.2.3_full/ThinkPHP/Library/Vendor/kindeditor/kindeditor/kindeditor-all.js
INFO: [ app_init ] --START--
INFO: Run Behavior\BuildLiteBehavior [ RunTime:0.000024s ]
INFO: [ app_init ] --END-- [ RunTime:0.001051s ]
ERR: 无法加载模块:ThinkPHP

[ 2017-03-13T10:36:54+08:00 ] ::1 /HUITENG/w79_qinghuaci/thinkphp_3.2.3_full/ThinkPHP/Library/Vendor/kindeditor/kindeditor/themes/default/default.css
INFO: [ app_init ] --START--
INFO: Run Behavior\BuildLiteBehavior [ RunTime:0.000024s ]
INFO: [ app_init ] --END-- [ RunTime:0.001069s ]
ERR: 无法加载模块:ThinkPHP

[ 2017-03-13T10:36:55+08:00 ] ::1 /HUITENG/w79_qinghuaci/thinkphp_3.2.3_full/ThinkPHP/Library/Vendor/kindeditor/kindeditor/lang/zh_CN.js
INFO: [ app_init ] --START--
INFO: Run Behavior\BuildLiteBehavior [ RunTime:0.000015s ]
INFO: [ app_init ] --END-- [ RunTime:0.000815s ]
ERR: 无法加载模块:ThinkPHP

[ 2017-03-13T10:37:51+08:00 ] ::1 /HUITENG/w79_qinghuaci/thinkphp_3.2.3_full/ThinkPHP/Library/Vendor/kindeditor/kindeditor/themes/default/default.css
INFO: [ app_init ] --START--
INFO: Run Behavior\BuildLiteBehavior [ RunTime:0.000025s ]
INFO: [ app_init ] --END-- [ RunTime:0.001257s ]
ERR: 无法加载模块:ThinkPHP

[ 2017-03-13T10:37:51+08:00 ] ::1 /HUITENG/w79_qinghuaci/thinkphp_3.2.3_full/ThinkPHP/Library/Vendor/kindeditor/kindeditor/kindeditor-all.js
INFO: [ app_init ] --START--
INFO: Run Behavior\BuildLiteBehavior [ RunTime:0.000015s ]
INFO: [ app_init ] --END-- [ RunTime:0.000739s ]
ERR: 无法加载模块:ThinkPHP

[ 2017-03-13T10:37:51+08:00 ] ::1 /HUITENG/w79_qinghuaci/thinkphp_3.2.3_full/ThinkPHP/Library/Vendor/kindeditor/kindeditor/lang/zh_CN.js
INFO: [ app_init ] --START--
INFO: Run Behavior\BuildLiteBehavior [ RunTime:0.000022s ]
INFO: [ app_init ] --END-- [ RunTime:0.001113s ]
ERR: 无法加载模块:ThinkPHP

[ 2017-03-13T10:39:17+08:00 ] ::1 /HUITENG/w79_qinghuaci/thinkphp_3.2.3_full/ThinkPHP/Library/Vendor/kindeditor/kindeditor/themes/default/default.css
INFO: [ app_init ] --START--
INFO: Run Behavior\BuildLiteBehavior [ RunTime:0.000019s ]
INFO: [ app_init ] --END-- [ RunTime:0.000838s ]
ERR: 无法加载模块:ThinkPHP

[ 2017-03-13T10:43:49+08:00 ] ::1 /HUITENG/w79_qinghuaci/thinkphp_3.2.3_full/Application/Public/kindeditor/kindeditor/themes/default/default.css
INFO: [ app_init ] --START--
INFO: Run Behavior\BuildLiteBehavior [ RunTime:0.000026s ]
INFO: [ app_init ] --END-- [ RunTime:0.001392s ]
ERR: 无法加载模块:Application

[ 2017-03-13T10:43:49+08:00 ] ::1 /HUITENG/w79_qinghuaci/thinkphp_3.2.3_full/Application/Public/kindeditor/kindeditor/lang/zh_CN.js
INFO: [ app_init ] --START--
INFO: Run Behavior\BuildLiteBehavior [ RunTime:0.000033s ]
INFO: [ app_init ] --END-- [ RunTime:0.001283s ]
ERR: 无法加载模块:Application

[ 2017-03-13T10:44:25+08:00 ] ::1 /HUITENG/w79_qinghuaci/thinkphp_3.2.3_full/Application/Public/kindeditor/kindeditor/lang/zh_CN.js
INFO: [ app_init ] --START--
INFO: Run Behavior\BuildLiteBehavior [ RunTime:0.000014s ]
INFO: [ app_init ] --END-- [ RunTime:0.000744s ]
ERR: 无法加载模块:Application

[ 2017-03-13T10:44:25+08:00 ] ::1 /HUITENG/w79_qinghuaci/thinkphp_3.2.3_full/Application/Public/kindeditor/kindeditor/themes/default/default.css
INFO: [ app_init ] --START--
INFO: Run Behavior\BuildLiteBehavior [ RunTime:0.000014s ]
INFO: [ app_init ] --END-- [ RunTime:0.000713s ]
ERR: 无法加载模块:Application

[ 2017-03-13T10:44:26+08:00 ] ::1 /HUITENG/w79_qinghuaci/thinkphp_3.2.3_full/Application/Public/kindeditor/kindeditor/lang/zh_CN.js
INFO: [ app_init ] --START--
INFO: Run Behavior\BuildLiteBehavior [ RunTime:0.000044s ]
INFO: [ app_init ] --END-- [ RunTime:0.001751s ]
ERR: 无法加载模块:Application

[ 2017-03-13T10:44:42+08:00 ] ::1 /HUITENG/w79_qinghuaci/thinkphp_3.2.3_full/Application/Public/kindeditor/kindeditor/themes/default/default.css
INFO: [ app_init ] --START--
INFO: Run Behavior\BuildLiteBehavior [ RunTime:0.000014s ]
INFO: [ app_init ] --END-- [ RunTime:0.000782s ]
ERR: 无法加载模块:Application

[ 2017-03-13T10:44:42+08:00 ] ::1 /HUITENG/w79_qinghuaci/thinkphp_3.2.3_full/Application/Public/kindeditor/kindeditor/lang/zh_CN.js
INFO: [ app_init ] --START--
INFO: Run Behavior\BuildLiteBehavior [ RunTime:0.000015s ]
INFO: [ app_init ] --END-- [ RunTime:0.000736s ]
ERR: 无法加载模块:Application

[ 2017-03-13T10:44:59+08:00 ] ::1 /HUITENG/w79_qinghuaci/thinkphp_3.2.3_full/Application/Public/kindeditor/kindeditor/themes/default/default.css
INFO: [ app_init ] --START--
INFO: Run Behavior\BuildLiteBehavior [ RunTime:0.000021s ]
INFO: [ app_init ] --END-- [ RunTime:0.002151s ]
ERR: 无法加载模块:Application

[ 2017-03-13T10:44:59+08:00 ] ::1 /HUITENG/w79_qinghuaci/thinkphp_3.2.3_full/Application/Public/kindeditor/kindeditor/lang/zh_CN.js
INFO: [ app_init ] --START--
INFO: Run Behavior\BuildLiteBehavior [ RunTime:0.000025s ]
INFO: [ app_init ] --END-- [ RunTime:0.001102s ]
ERR: 无法加载模块:Application

[ 2017-03-13T10:45:17+08:00 ] ::1 /HUITENG/w79_qinghuaci/thinkphp_3.2.3_full/Application/Public/kindeditor/kindeditor/themes/default/default.css
INFO: [ app_init ] --START--
INFO: Run Behavior\BuildLiteBehavior [ RunTime:0.000024s ]
INFO: [ app_init ] --END-- [ RunTime:0.001010s ]
ERR: 无法加载模块:Application

[ 2017-03-13T10:45:17+08:00 ] ::1 /HUITENG/w79_qinghuaci/thinkphp_3.2.3_full/Application/Public/kindeditor/kindeditor/lang/zh_CN.js
INFO: [ app_init ] --START--
INFO: Run Behavior\BuildLiteBehavior [ RunTime:0.000034s ]
INFO: [ app_init ] --END-- [ RunTime:0.000820s ]
ERR: 无法加载模块:Application

[ 2017-03-13T10:45:52+08:00 ] ::1 /HUITENG/w79_qinghuaci/thinkphp_3.2.3_full/Application/Public/kindeditor/kindeditor/lang/zh_CN.js
INFO: [ app_init ] --START--
INFO: Run Behavior\BuildLiteBehavior [ RunTime:0.000015s ]
INFO: [ app_init ] --END-- [ RunTime:0.000718s ]
ERR: 无法加载模块:Application

[ 2017-03-13T10:45:52+08:00 ] ::1 /HUITENG/w79_qinghuaci/thinkphp_3.2.3_full/Application/Public/kindeditor/kindeditor/themes/default/default.css
INFO: [ app_init ] --START--
INFO: Run Behavior\BuildLiteBehavior [ RunTime:0.000014s ]
INFO: [ app_init ] --END-- [ RunTime:0.000719s ]
ERR: 无法加载模块:Application

[ 2017-03-13T10:45:52+08:00 ] ::1 /HUITENG/w79_qinghuaci/thinkphp_3.2.3_full/Application/Public/kindeditor/kindeditor/lang/zh_CN.js
INFO: [ app_init ] --START--
INFO: Run Behavior\BuildLiteBehavior [ RunTime:0.000023s ]
INFO: [ app_init ] --END-- [ RunTime:0.000806s ]
ERR: 无法加载模块:Application

[ 2017-03-13T10:46:00+08:00 ] ::1 /HUITENG/w79_qinghuaci/thinkphp_3.2.3_full/Application/Public/kindeditor/kindeditor/lang/zh_CN.js
INFO: [ app_init ] --START--
INFO: Run Behavior\BuildLiteBehavior [ RunTime:0.000016s ]
INFO: [ app_init ] --END-- [ RunTime:0.000810s ]
ERR: 无法加载模块:Application

[ 2017-03-13T10:46:01+08:00 ] ::1 /HUITENG/w79_qinghuaci/thinkphp_3.2.3_full/Application/Public/kindeditor/kindeditor/themes/default/default.css
INFO: [ app_init ] --START--
INFO: Run Behavior\BuildLiteBehavior [ RunTime:0.000015s ]
INFO: [ app_init ] --END-- [ RunTime:0.000719s ]
ERR: 无法加载模块:Application

[ 2017-03-13T10:46:01+08:00 ] ::1 /HUITENG/w79_qinghuaci/thinkphp_3.2.3_full/Application/Public/kindeditor/kindeditor/lang/zh_CN.js
INFO: [ app_init ] --START--
INFO: Run Behavior\BuildLiteBehavior [ RunTime:0.000015s ]
INFO: [ app_init ] --END-- [ RunTime:0.000770s ]
ERR: 无法加载模块:Application

[ 2017-03-13T10:47:14+08:00 ] ::1 /HUITENG/w79_qinghuaci/thinkphp_3.2.3_full/Application/Public/kindeditor/kindeditor/lang/zh_CN.js
INFO: [ app_init ] --START--
INFO: Run Behavior\BuildLiteBehavior [ RunTime:0.000034s ]
INFO: [ app_init ] --END-- [ RunTime:0.002268s ]
ERR: 无法加载模块:Application

[ 2017-03-13T10:47:14+08:00 ] ::1 /HUITENG/w79_qinghuaci/thinkphp_3.2.3_full/Application/Public/kindeditor/kindeditor/themes/default/default.css
INFO: [ app_init ] --START--
INFO: Run Behavior\BuildLiteBehavior [ RunTime:0.000030s ]
INFO: [ app_init ] --END-- [ RunTime:0.001334s ]
ERR: 无法加载模块:Application

[ 2017-03-13T10:47:14+08:00 ] ::1 /HUITENG/w79_qinghuaci/thinkphp_3.2.3_full/Application/Public/kindeditor/kindeditor/lang/zh_CN.js
INFO: [ app_init ] --START--
INFO: Run Behavior\BuildLiteBehavior [ RunTime:0.000015s ]
INFO: [ app_init ] --END-- [ RunTime:0.000711s ]
ERR: 无法加载模块:Application

[ 2017-03-13T10:50:36+08:00 ] ::1 /HUITENG/w79_qinghuaci/thinkphp_3.2.3_full/Application/Public/kindeditor/kindeditor/themes/default/default.css
INFO: [ app_init ] --START--
INFO: Run Behavior\BuildLiteBehavior [ RunTime:0.000020s ]
INFO: [ app_init ] --END-- [ RunTime:0.000999s ]
ERR: 无法加载模块:Application

[ 2017-03-13T10:50:36+08:00 ] ::1 /HUITENG/w79_qinghuaci/thinkphp_3.2.3_full/Application/Public/kindeditor/kindeditor/lang/zh_CN.js
INFO: [ app_init ] --START--
INFO: Run Behavior\BuildLiteBehavior [ RunTime:0.000022s ]
INFO: [ app_init ] --END-- [ RunTime:0.000973s ]
ERR: 无法加载模块:Application

[ 2017-03-13T10:56:16+08:00 ] ::1 /HUITENG/w79_qinghuaci/thinkphp_3.2.3_full/Application/Public/kindeditor/kindeditor/themes/default/default.css
INFO: [ app_init ] --START--
INFO: Run Behavior\BuildLiteBehavior [ RunTime:0.000015s ]
INFO: [ app_init ] --END-- [ RunTime:0.000929s ]
ERR: 无法加载模块:Application

[ 2017-03-13T10:56:16+08:00 ] ::1 /HUITENG/w79_qinghuaci/thinkphp_3.2.3_full/Application/Public/kindeditor/kindeditor/lang/zh_CN.js
INFO: [ app_init ] --START--
INFO: Run Behavior\BuildLiteBehavior [ RunTime:0.000017s ]
INFO: [ app_init ] --END-- [ RunTime:0.002365s ]
ERR: 无法加载模块:Application

[ 2017-03-13T10:58:14+08:00 ] ::1 /HUITENG/w79_qinghuaci/thinkphp_3.2.3_full/Application/Public/kindeditor/kindeditor/themes/default/default.css
INFO: [ app_init ] --START--
INFO: Run Behavior\BuildLiteBehavior [ RunTime:0.000015s ]
INFO: [ app_init ] --END-- [ RunTime:0.000718s ]
ERR: 无法加载模块:Application

[ 2017-03-13T10:58:14+08:00 ] ::1 /HUITENG/w79_qinghuaci/thinkphp_3.2.3_full/Application/Public/kindeditor/kindeditor/lang/zh_CN.js
INFO: [ app_init ] --START--
INFO: Run Behavior\BuildLiteBehavior [ RunTime:0.000024s ]
INFO: [ app_init ] --END-- [ RunTime:0.000983s ]
ERR: 无法加载模块:Application

[ 2017-03-13T10:58:27+08:00 ] ::1 /HUITENG/w79_qinghuaci/thinkphp_3.2.3_full/Application/Public/kindeditor/kindeditor/themes/default/default.css
INFO: [ app_init ] --START--
INFO: Run Behavior\BuildLiteBehavior [ RunTime:0.000026s ]
INFO: [ app_init ] --END-- [ RunTime:0.000846s ]
ERR: 无法加载模块:Application

[ 2017-03-13T10:58:27+08:00 ] ::1 /HUITENG/w79_qinghuaci/thinkphp_3.2.3_full/Application/Public/kindeditor/kindeditor/lang/zh_CN.js
INFO: [ app_init ] --START--
INFO: Run Behavior\BuildLiteBehavior [ RunTime:0.000018s ]
INFO: [ app_init ] --END-- [ RunTime:0.001001s ]
ERR: 无法加载模块:Application

[ 2017-03-13T10:58:50+08:00 ] ::1 /HUITENG/w79_qinghuaci/thinkphp_3.2.3_full/Application/Public/kindeditor/kindeditor/themes/default/default.css
INFO: [ app_init ] --START--
INFO: Run Behavior\BuildLiteBehavior [ RunTime:0.000026s ]
INFO: [ app_init ] --END-- [ RunTime:0.001097s ]
ERR: 无法加载模块:Application

[ 2017-03-13T11:03:07+08:00 ] ::1 /HUITENG/w79_qinghuaci/thinkphp_3.2.3_full/Application/Public/kindeditor/kindeditor/lang/zh_CN.js
INFO: [ app_init ] --START--
INFO: Run Behavior\BuildLiteBehavior [ RunTime:0.000027s ]
INFO: [ app_init ] --END-- [ RunTime:0.001229s ]
ERR: 无法加载模块:Application

[ 2017-03-13T11:03:07+08:00 ] ::1 /HUITENG/w79_qinghuaci/thinkphp_3.2.3_full/Application/Public/kindeditor/kindeditor/themes/default/default.css
INFO: [ app_init ] --START--
INFO: Run Behavior\BuildLiteBehavior [ RunTime:0.000015s ]
INFO: [ app_init ] --END-- [ RunTime:0.000771s ]
ERR: 无法加载模块:Application

[ 2017-03-13T11:03:07+08:00 ] ::1 /HUITENG/w79_qinghuaci/thinkphp_3.2.3_full/Application/Public/kindeditor/kindeditor/lang/zh_CN.js
INFO: [ app_init ] --START--
INFO: Run Behavior\BuildLiteBehavior [ RunTime:0.000014s ]
INFO: [ app_init ] --END-- [ RunTime:0.000872s ]
ERR: 无法加载模块:Application

[ 2017-03-13T11:03:16+08:00 ] ::1 /HUITENG/w79_qinghuaci/thinkphp_3.2.3_full/Application/Public/kindeditor/kindeditor/themes/default/default.css
INFO: [ app_init ] --START--
INFO: Run Behavior\BuildLiteBehavior [ RunTime:0.000025s ]
INFO: [ app_init ] --END-- [ RunTime:0.001188s ]
ERR: 无法加载模块:Application

[ 2017-03-13T11:13:33+08:00 ] 127.0.0.1 /favicon.ico
INFO: [ app_init ] --START--
INFO: Run Behavior\BuildLiteBehavior [ RunTime:0.000014s ]
INFO: [ app_init ] --END-- [ RunTime:0.000816s ]
ERR: 无法加载模块:Favicon

